[11/10 10:22:53][INFO] run.py:  96: Train with configs:
[11/10 10:22:53][INFO] run.py:  97: 
{ AUGMENTATION      }-> True
{ BATCH_SIZE        }-> 2
{ DATA_JSON         }-> data.json
{ DATA_SEPARATOR    }-> ,
{ DECAY             }-> 0.005
{ DEVICES           }-> [0, 1]
{ EPOCHS            }-> 100
{ FLOW              }-> DeepFlow
{ GPU               }-> 0,1
{ LABEL_DICT        }-> label_dict.json
{ LOAD              }-> False
{ LOAD_PRETRAINED   }-> data_augmentation_norm_zscore_v1
{ LOG_DIR           }-> ./log
{ LOG_NAME          }-> log_10-11-2020_10-22
{ LR                }-> 0.001
{ MODE              }-> train
{ MODEL_NAME        }-> twin
{ MODEL_TYPE        }-> twin
{ MOMENTUM          }-> 0.5
{ NESTEROV          }-> True
{ NORM              }-> normal
{ NUM_CLASSES       }-> 20
{ NUM_WORKERS       }-> 12
{ N_GPU             }-> 2
{ OUTPUT_DIR        }-> .
{ OUTPUT_FILE       }-> ./pred.txt
{ PATH_DATA         }-> /home/dhieu/Contest/MediaEval2020/sport/Sport-Video-Classification-MediaEval2020/data
{ PATH_MODEL        }-> ./twin
{ PATH_PROCESSED_DATA }-> /home/dhieu/selab2/Contest/MediaEval2020/sport/Sport-Video-Classification-MediaEval2020/data_processed
{ SAVE              }-> data_augmentation_norm_zscore_v1_continue
{ SEED              }-> 2020
{ SIZE_DATA         }-> [100 120 120]
{ VERSION           }-> 2020
{ dtype             }-> <class 'torch.cuda.FloatTensor'>

[11/10 10:22:56][INFO] train_test.py: 134: Load model ./twin for retraining
[11/10 10:23:00][INFO] train_test.py: 137: Model from epoch 473
[11/10 10:23:00][INFO] train_test.py: 141: loss_train_ : 2.13971
[11/10 10:23:00][INFO] train_test.py: 141: acc_train_ : 0.937063
[11/10 10:23:00][INFO] train_test.py: 141: loss_val_ : 2.3851
[11/10 10:23:00][INFO] train_test.py: 141: acc_val_ : 0.693989
[11/10 10:23:00][INFO] train_test.py: 181: Trained with 100 epochs, lr = 0.001, batchsize = 2, momentum = 0.5 with max validation accuracy of 0.69 done in 0:00:03
[11/10 10:23:00][DEBUG] font_manager.py: 1334: findfont: Matching sans\-serif:style=normal:variant=normal:weight=normal:stretch=normal:size=10.0.
[11/10 10:23:00][DEBUG] font_manager.py: 1346: findfont: score(<Font 'STIXNonUnicode' (STIXNonUniBolIta.ttf) italic normal 700 normal>) = 11.335
[11/10 10:23:00][DEBUG] font_manager.py: 1346: findfont: score(<Font 'STIXSizeThreeSym' (STIXSizThreeSymBol.ttf) normal normal 700 normal>) = 10.335
[11/10 10:23:00][DEBUG] font_manager.py: 1346: findfont: score(<Font 'DejaVu Sans Mono' (DejaVuSansMono-BoldOblique.ttf) oblique normal 700 normal>) = 11.335
[11/10 10:23:00][DEBUG] font_manager.py: 1346: findfont: score(<Font 'DejaVu Sans Mono' (DejaVuSansMono-Bold.ttf) normal normal 700 normal>) = 10.335
[11/10 10:23:00][DEBUG] font_manager.py: 1346: findfont: score(<Font 'STIXNonUnicode' (STIXNonUniBol.ttf) normal normal 700 normal>) = 10.335
[11/10 10:23:00][DEBUG] font_manager.py: 1346: findfont: score(<Font 'STIXNonUnicode' (STIXNonUni.ttf) normal normal 400 normal>) = 10.05
[11/10 10:23:00][DEBUG] font_manager.py: 1346: findfont: score(<Font 'DejaVu Sans' (DejaVuSans-Oblique.ttf) oblique normal 400 normal>) = 1.05
[11/10 10:23:00][DEBUG] font_manager.py: 1346: findfont: score(<Font 'DejaVu Sans' (DejaVuSans.ttf) normal normal 400 normal>) = 0.05
[11/10 10:23:00][DEBUG] font_manager.py: 1346: findfont: score(<Font 'STIXSizeOneSym' (STIXSizOneSymBol.ttf) normal normal 700 normal>) = 10.335
[11/10 10:23:00][DEBUG] font_manager.py: 1346: findfont: score(<Font 'cmb10' (cmb10.ttf) normal normal 400 normal>) = 10.05
[11/10 10:23:00][DEBUG] font_manager.py: 1346: findfont: score(<Font 'DejaVu Sans Display' (DejaVuSansDisplay.ttf) normal normal 400 normal>) = 10.05
[11/10 10:23:00][DEBUG] font_manager.py: 1346: findfont: score(<Font 'STIXGeneral' (STIXGeneralBol.ttf) normal normal 700 normal>) = 10.335
[11/10 10:23:00][DEBUG] font_manager.py: 1346: findfont: score(<Font 'DejaVu Serif' (DejaVuSerif-Italic.ttf) italic normal 400 normal>) = 11.05
[11/10 10:23:00][DEBUG] font_manager.py: 1346: findfont: score(<Font 'STIXSizeOneSym' (STIXSizOneSymReg.ttf) normal normal 400 normal>) = 10.05
[11/10 10:23:00][DEBUG] font_manager.py: 1346: findfont: score(<Font 'DejaVu Serif' (DejaVuSerif-Bold.ttf) normal normal 700 normal>) = 10.335
[11/10 10:23:00][DEBUG] font_manager.py: 1346: findfont: score(<Font 'DejaVu Sans Mono' (DejaVuSansMono.ttf) normal normal 400 normal>) = 10.05
[11/10 10:23:00][DEBUG] font_manager.py: 1346: findfont: score(<Font 'DejaVu Serif' (DejaVuSerif-BoldItalic.ttf) italic normal 700 normal>) = 11.335
[11/10 10:23:00][DEBUG] font_manager.py: 1346: findfont: score(<Font 'cmr10' (cmr10.ttf) normal normal 400 normal>) = 10.05
[11/10 10:23:00][DEBUG] font_manager.py: 1346: findfont: score(<Font 'cmss10' (cmss10.ttf) normal normal 400 normal>) = 10.05
[11/10 10:23:00][DEBUG] font_manager.py: 1346: findfont: score(<Font 'STIXSizeFourSym' (STIXSizFourSymReg.ttf) normal normal 400 normal>) = 10.05
[11/10 10:23:00][DEBUG] font_manager.py: 1346: findfont: score(<Font 'STIXSizeTwoSym' (STIXSizTwoSymBol.ttf) normal normal 700 normal>) = 10.335
[11/10 10:23:00][DEBUG] font_manager.py: 1346: findfont: score(<Font 'cmex10' (cmex10.ttf) normal normal 400 normal>) = 10.05
[11/10 10:23:00][DEBUG] font_manager.py: 1346: findfont: score(<Font 'STIXNonUnicode' (STIXNonUniIta.ttf) italic normal 400 normal>) = 11.05
[11/10 10:23:00][DEBUG] font_manager.py: 1346: findfont: score(<Font 'STIXGeneral' (STIXGeneral.ttf) normal normal 400 normal>) = 10.05
[11/10 10:23:00][DEBUG] font_manager.py: 1346: findfont: score(<Font 'STIXSizeTwoSym' (STIXSizTwoSymReg.ttf) normal normal 400 normal>) = 10.05
[11/10 10:23:00][DEBUG] font_manager.py: 1346: findfont: score(<Font 'cmmi10' (cmmi10.ttf) normal normal 400 normal>) = 10.05
[11/10 10:23:00][DEBUG] font_manager.py: 1346: findfont: score(<Font 'STIXGeneral' (STIXGeneralBolIta.ttf) italic normal 700 normal>) = 11.335
[11/10 10:23:00][DEBUG] font_manager.py: 1346: findfont: score(<Font 'STIXGeneral' (STIXGeneralItalic.ttf) italic normal 400 normal>) = 11.05
[11/10 10:23:00][DEBUG] font_manager.py: 1346: findfont: score(<Font 'DejaVu Sans Mono' (DejaVuSansMono-Oblique.ttf) oblique normal 400 normal>) = 11.05
[11/10 10:23:00][DEBUG] font_manager.py: 1346: findfont: score(<Font 'DejaVu Serif Display' (DejaVuSerifDisplay.ttf) normal normal 400 normal>) = 10.05
[11/10 10:23:00][DEBUG] font_manager.py: 1346: findfont: score(<Font 'DejaVu Serif' (DejaVuSerif.ttf) normal normal 400 normal>) = 10.05
[11/10 10:23:00][DEBUG] font_manager.py: 1346: findfont: score(<Font 'DejaVu Sans' (DejaVuSans-Bold.ttf) normal normal 700 normal>) = 0.33499999999999996
[11/10 10:23:00][DEBUG] font_manager.py: 1346: findfont: score(<Font 'cmtt10' (cmtt10.ttf) normal normal 400 normal>) = 10.05
[11/10 10:23:00][DEBUG] font_manager.py: 1346: findfont: score(<Font 'STIXSizeFourSym' (STIXSizFourSymBol.ttf) normal normal 700 normal>) = 10.335
[11/10 10:23:00][DEBUG] font_manager.py: 1346: findfont: score(<Font 'STIXSizeThreeSym' (STIXSizThreeSymReg.ttf) normal normal 400 normal>) = 10.05
[11/10 10:23:00][DEBUG] font_manager.py: 1346: findfont: score(<Font 'DejaVu Sans' (DejaVuSans-BoldOblique.ttf) oblique normal 700 normal>) = 1.335
[11/10 10:23:00][DEBUG] font_manager.py: 1346: findfont: score(<Font 'cmsy10' (cmsy10.ttf) normal normal 400 normal>) = 10.05
[11/10 10:23:00][DEBUG] font_manager.py: 1346: findfont: score(<Font 'STIXSizeFiveSym' (STIXSizFiveSymReg.ttf) normal normal 400 normal>) = 10.05
[11/10 10:23:00][DEBUG] font_manager.py: 1346: findfont: score(<Font 'DejaVu Sans' (DejaVuSansCondensed-Oblique.ttf) oblique normal 400 condensed>) = 1.25
[11/10 10:23:00][DEBUG] font_manager.py: 1346: findfont: score(<Font 'Liberation Sans Narrow' (LiberationSansNarrow-BoldItalic.ttf) italic normal 700 condensed>) = 11.535
[11/10 10:23:00][DEBUG] font_manager.py: 1346: findfont: score(<Font 'Bitstream Vera Sans' (Vera.ttf) normal normal 400 normal>) = 0.9590909090909092
[11/10 10:23:00][DEBUG] font_manager.py: 1346: findfont: score(<Font 'FreeSans' (FreeSansOblique.ttf) oblique normal 400 normal>) = 11.05
[11/10 10:23:00][DEBUG] font_manager.py: 1346: findfont: score(<Font 'Bitstream Vera Sans Mono' (VeraMoBd.ttf) normal normal 700 normal>) = 10.335
[11/10 10:23:00][DEBUG] font_manager.py: 1346: findfont: score(<Font 'Liberation Mono' (LiberationMono-Italic.ttf) italic normal 400 normal>) = 11.05
[11/10 10:23:00][DEBUG] font_manager.py: 1346: findfont: score(<Font 'DejaVu Sans' (DejaVuSansCondensed-BoldOblique.ttf) oblique normal 700 condensed>) = 1.535
[11/10 10:23:00][DEBUG] font_manager.py: 1346: findfont: score(<Font 'Liberation Serif' (LiberationSerif-Regular.ttf) normal normal 400 normal>) = 10.05
[11/10 10:23:00][DEBUG] font_manager.py: 1346: findfont: score(<Font 'Bitstream Vera Sans Mono' (VeraMoBI.ttf) oblique normal 700 normal>) = 11.335
[11/10 10:23:00][DEBUG] font_manager.py: 1346: findfont: score(<Font 'Bitstream Vera Sans Mono' (VeraMoIt.ttf) oblique normal 400 normal>) = 11.05
[11/10 10:23:00][DEBUG] font_manager.py: 1346: findfont: score(<Font 'DejaVu Sans' (DejaVuSans-BoldOblique.ttf) oblique normal 700 normal>) = 1.335
[11/10 10:23:00][DEBUG] font_manager.py: 1346: findfont: score(<Font 'FreeMono' (FreeMono.ttf) normal normal 400 normal>) = 10.05
[11/10 10:23:00][DEBUG] font_manager.py: 1346: findfont: score(<Font 'DejaVu Sans Mono' (DejaVuSansMono-Bold.ttf) normal normal 700 normal>) = 10.335
[11/10 10:23:00][DEBUG] font_manager.py: 1346: findfont: score(<Font 'FreeSans' (FreeSans.ttf) normal normal 400 normal>) = 10.05
[11/10 10:23:00][DEBUG] font_manager.py: 1346: findfont: score(<Font 'Liberation Serif' (LiberationSerif-Italic.ttf) italic normal 400 normal>) = 11.05
[11/10 10:23:00][DEBUG] font_manager.py: 1346: findfont: score(<Font 'esint10' (esint10.ttf) normal normal 400 normal>) = 10.05
[11/10 10:23:00][DEBUG] font_manager.py: 1346: findfont: score(<Font 'FreeMono' (FreeMonoBoldOblique.ttf) oblique normal 700 normal>) = 11.335
[11/10 10:23:00][DEBUG] font_manager.py: 1346: findfont: score(<Font 'FreeSerif' (FreeSerif.ttf) normal normal 400 normal>) = 10.05
[11/10 10:23:00][DEBUG] font_manager.py: 1346: findfont: score(<Font 'DejaVu Serif' (DejaVuSerif-BoldItalic.ttf) italic normal 700 normal>) = 11.335
[11/10 10:23:00][DEBUG] font_manager.py: 1346: findfont: score(<Font 'stmary10' (stmary10.ttf) normal normal 400 normal>) = 10.05
[11/10 10:23:00][DEBUG] font_manager.py: 1346: findfont: score(<Font 'DejaVu Sans' (DejaVuSans.ttf) normal normal 400 normal>) = 0.05
[11/10 10:23:00][DEBUG] font_manager.py: 1346: findfont: score(<Font 'DejaVu Serif' (DejaVuSerif-Italic.ttf) italic normal 400 normal>) = 11.05
[11/10 10:23:00][DEBUG] font_manager.py: 1346: findfont: score(<Font 'Liberation Sans' (LiberationSans-Regular.ttf) normal normal 400 normal>) = 10.05
[11/10 10:23:00][DEBUG] font_manager.py: 1346: findfont: score(<Font 'Bitstream Vera Serif' (VeraSe.ttf) normal normal 400 normal>) = 10.05
[11/10 10:23:00][DEBUG] font_manager.py: 1346: findfont: score(<Font 'Liberation Sans Narrow' (LiberationSansNarrow-Regular.ttf) normal normal 400 condensed>) = 10.25
[11/10 10:23:00][DEBUG] font_manager.py: 1346: findfont: score(<Font 'FreeSerif' (FreeSerifItalic.ttf) italic normal 400 normal>) = 11.05
[11/10 10:23:00][DEBUG] font_manager.py: 1346: findfont: score(<Font 'cmex10' (cmex10.ttf) normal normal 400 normal>) = 10.05
[11/10 10:23:00][DEBUG] font_manager.py: 1346: findfont: score(<Font 'FreeSerif' (FreeSerifBold.ttf) normal normal 700 normal>) = 10.335
[11/10 10:23:00][DEBUG] font_manager.py: 1346: findfont: score(<Font 'DejaVu Sans' (DejaVuSansCondensed-Bold.ttf) normal normal 700 condensed>) = 0.5349999999999999
[11/10 10:23:00][DEBUG] font_manager.py: 1346: findfont: score(<Font 'Bitstream Vera Sans Mono' (VeraMono.ttf) normal normal 400 normal>) = 10.05
[11/10 10:23:00][DEBUG] font_manager.py: 1346: findfont: score(<Font 'Liberation Sans Narrow' (LiberationSansNarrow-Italic.ttf) italic normal 400 condensed>) = 11.25
[11/10 10:23:00][DEBUG] font_manager.py: 1346: findfont: score(<Font 'DejaVu Serif' (DejaVuSerif-Bold.ttf) normal normal 700 normal>) = 10.335
[11/10 10:23:00][DEBUG] font_manager.py: 1346: findfont: score(<Font 'cmmi10' (cmmi10.ttf) normal normal 400 normal>) = 10.05
[11/10 10:23:00][DEBUG] font_manager.py: 1346: findfont: score(<Font 'DejaVu Sans' (DejaVuSansCondensed.ttf) normal normal 400 condensed>) = 0.25
[11/10 10:23:00][DEBUG] font_manager.py: 1346: findfont: score(<Font 'DejaVu Sans' (DejaVuSans-Bold.ttf) normal normal 700 normal>) = 0.33499999999999996
[11/10 10:23:00][DEBUG] font_manager.py: 1346: findfont: score(<Font 'cmsy10' (cmsy10.ttf) normal normal 400 normal>) = 10.05
[11/10 10:23:00][DEBUG] font_manager.py: 1346: findfont: score(<Font 'DejaVu Sans' (DejaVuSans-Oblique.ttf) oblique normal 400 normal>) = 1.05
[11/10 10:23:00][DEBUG] font_manager.py: 1346: findfont: score(<Font 'DejaVu Serif' (DejaVuSerifCondensed-BoldItalic.ttf) italic normal 700 condensed>) = 11.535
[11/10 10:23:00][DEBUG] font_manager.py: 1346: findfont: score(<Font 'DejaVu Sans Mono' (DejaVuSansMono-BoldOblique.ttf) oblique normal 700 normal>) = 11.335
[11/10 10:23:00][DEBUG] font_manager.py: 1346: findfont: score(<Font 'Liberation Sans Narrow' (LiberationSansNarrow-Bold.ttf) normal normal 700 condensed>) = 10.535
[11/10 10:23:00][DEBUG] font_manager.py: 1346: findfont: score(<Font 'DejaVu Math TeX Gyre' (DejaVuMathTeXGyre.ttf) normal normal 400 normal>) = 10.05
[11/10 10:23:00][DEBUG] font_manager.py: 1346: findfont: score(<Font 'DejaVu Serif' (DejaVuSerif.ttf) normal normal 400 normal>) = 10.05
[11/10 10:23:00][DEBUG] font_manager.py: 1346: findfont: score(<Font 'FreeMono' (FreeMonoBold.ttf) normal normal 700 normal>) = 10.335
[11/10 10:23:00][DEBUG] font_manager.py: 1346: findfont: score(<Font 'Noto Mono' (NotoMono-Regular.ttf) normal normal 400 normal>) = 10.05
[11/10 10:23:00][DEBUG] font_manager.py: 1346: findfont: score(<Font 'rsfs10' (rsfs10.ttf) italic normal 400 normal>) = 11.05
[11/10 10:23:00][DEBUG] font_manager.py: 1346: findfont: score(<Font 'FreeMono' (FreeMonoOblique.ttf) oblique normal 400 normal>) = 11.05
[11/10 10:23:00][DEBUG] font_manager.py: 1346: findfont: score(<Font 'DejaVu Sans Mono' (DejaVuSansMono-Oblique.ttf) oblique normal 400 normal>) = 11.05
[11/10 10:23:00][DEBUG] font_manager.py: 1346: findfont: score(<Font 'cmr10' (cmr10.ttf) normal normal 400 normal>) = 10.05
[11/10 10:23:00][DEBUG] font_manager.py: 1346: findfont: score(<Font 'FreeSans' (FreeSansBoldOblique.ttf) oblique normal 600 normal>) = 11.24
[11/10 10:23:00][DEBUG] font_manager.py: 1346: findfont: score(<Font 'Liberation Mono' (LiberationMono-Bold.ttf) normal normal 700 normal>) = 10.335
[11/10 10:23:00][DEBUG] font_manager.py: 1346: findfont: score(<Font 'Bitstream Vera Sans' (VeraBI.ttf) oblique normal 700 normal>) = 2.244090909090909
[11/10 10:23:00][DEBUG] font_manager.py: 1346: findfont: score(<Font 'DejaVu Serif' (DejaVuSerifCondensed-Italic.ttf) italic normal 400 condensed>) = 11.25
[11/10 10:23:00][DEBUG] font_manager.py: 1346: findfont: score(<Font 'Liberation Mono' (LiberationMono-BoldItalic.ttf) italic normal 700 normal>) = 11.335
[11/10 10:23:00][DEBUG] font_manager.py: 1346: findfont: score(<Font 'Liberation Serif' (LiberationSerif-Bold.ttf) normal normal 700 normal>) = 10.335
[11/10 10:23:00][DEBUG] font_manager.py: 1346: findfont: score(<Font 'FreeSans' (FreeSansBold.ttf) normal normal 600 normal>) = 10.24
[11/10 10:23:00][DEBUG] font_manager.py: 1346: findfont: score(<Font 'Liberation Sans' (LiberationSans-Italic.ttf) italic normal 400 normal>) = 11.05
[11/10 10:23:00][DEBUG] font_manager.py: 1346: findfont: score(<Font 'DejaVu Serif' (DejaVuSerifCondensed.ttf) normal normal 400 condensed>) = 10.25
[11/10 10:23:00][DEBUG] font_manager.py: 1346: findfont: score(<Font 'Droid Sans Fallback' (DroidSansFallbackFull.ttf) normal normal 400 normal>) = 10.05
[11/10 10:23:00][DEBUG] font_manager.py: 1346: findfont: score(<Font 'Liberation Serif' (LiberationSerif-BoldItalic.ttf) italic normal 700 normal>) = 11.335
[11/10 10:23:00][DEBUG] font_manager.py: 1346: findfont: score(<Font 'Bitstream Vera Sans' (VeraBd.ttf) normal normal 700 normal>) = 1.2440909090909091
[11/10 10:23:00][DEBUG] font_manager.py: 1346: findfont: score(<Font 'Liberation Mono' (LiberationMono-Regular.ttf) normal normal 400 normal>) = 10.05
[11/10 10:23:00][DEBUG] font_manager.py: 1346: findfont: score(<Font 'Liberation Sans' (LiberationSans-BoldItalic.ttf) italic normal 700 normal>) = 11.335
[11/10 10:23:00][DEBUG] font_manager.py: 1346: findfont: score(<Font 'Bitstream Vera Serif' (VeraSeBd.ttf) normal normal 700 normal>) = 10.335
[11/10 10:23:00][DEBUG] font_manager.py: 1346: findfont: score(<Font 'wasy10' (wasy10.ttf) normal normal 400 normal>) = 10.05
[11/10 10:23:00][DEBUG] font_manager.py: 1346: findfont: score(<Font 'msam10' (msam10.ttf) normal normal 400 normal>) = 10.05
[11/10 10:23:00][DEBUG] font_manager.py: 1346: findfont: score(<Font 'Liberation Sans' (LiberationSans-Bold.ttf) normal normal 700 normal>) = 10.335
[11/10 10:23:00][DEBUG] font_manager.py: 1346: findfont: score(<Font 'DejaVu Serif' (DejaVuSerifCondensed-Bold.ttf) normal normal 700 condensed>) = 10.535
[11/10 10:23:00][DEBUG] font_manager.py: 1346: findfont: score(<Font 'FreeSerif' (FreeSerifBoldItalic.ttf) italic normal 700 normal>) = 11.335
[11/10 10:23:00][DEBUG] font_manager.py: 1346: findfont: score(<Font 'Bitstream Vera Sans' (VeraIt.ttf) oblique normal 400 normal>) = 1.9590909090909092
[11/10 10:23:00][DEBUG] font_manager.py: 1346: findfont: score(<Font 'DejaVu Sans Mono' (DejaVuSansMono.ttf) normal normal 400 normal>) = 10.05
[11/10 10:23:00][DEBUG] font_manager.py: 1346: findfont: score(<Font 'msbm10' (msbm10.ttf) normal normal 400 normal>) = 10.05
[11/10 10:23:00][DEBUG] font_manager.py: 1346: findfont: score(<Font 'eufm10' (eufm10.ttf) normal normal 400 normal>) = 10.05
[11/10 10:23:00][DEBUG] font_manager.py: 1346: findfont: score(<Font 'DejaVu Sans' (DejaVuSans-ExtraLight.ttf) normal normal 200 normal>) = 0.24
[11/10 10:23:00][DEBUG] font_manager.py: 1366: findfont: Matching sans\-serif:style=normal:variant=normal:weight=normal:stretch=normal:size=10.0 to DejaVu Sans ('/home/dhieu/miniconda3/envs/workspace/lib/python3.8/site-packages/matplotlib/mpl-data/fonts/ttf/DejaVuSans.ttf') with score of 0.050000.
