[11/10 23:04:22][INFO] run.py:  96: Train with configs:
[11/10 23:04:22][INFO] run.py:  97: 
{ AUGMENTATION      }-> True
{ BATCH_SIZE        }-> 10
{ DATA_JSON         }-> data.json
{ DATA_SEPARATOR    }-> ,
{ DECAY             }-> 0.005
{ DEVICES           }-> [0, 1]
{ EPOCHS            }-> 2000
{ FLOW              }-> DeepFlow
{ GPU               }-> 0,1
{ LABEL_DICT        }-> label_dict.json
{ LOAD              }-> False
{ LOAD_PRETRAINED   }-> data_augmentation_norm_zscore_v1
{ LOG_DIR           }-> ./log
{ LOG_NAME          }-> log_10-11-2020_23-04
{ LR                }-> 0.0005
{ MODE              }-> train
{ MODEL_NAME        }-> twin
{ MODEL_TYPE        }-> twin
{ MOMENTUM          }-> 0.5
{ NESTEROV          }-> True
{ NORM              }-> normal
{ NUM_CLASSES       }-> 20
{ NUM_WORKERS       }-> 12
{ N_GPU             }-> 2
{ OUTPUT_DIR        }-> .
{ OUTPUT_FILE       }-> ./pred.txt
{ PATH_DATA         }-> /home/dhieu/Contest/MediaEval2020/sport/Sport-Video-Classification-MediaEval2020/data
{ PATH_MODEL        }-> ./twin
{ PATH_PROCESSED_DATA }-> /home/dhieu/selab2/Contest/MediaEval2020/sport/Sport-Video-Classification-MediaEval2020/data_processed
{ SAVE              }-> data_augmentation_norm_zscore_v1_con
{ SEED              }-> 2020
{ SIZE_DATA         }-> [100 120 120]
{ VERSION           }-> 2020
{ dtype             }-> <class 'torch.cuda.FloatTensor'>

[11/10 23:04:25][INFO] train_test.py: 134: Load model ./twin for retraining
[11/10 23:04:27][INFO] train_test.py: 137: Model from epoch 840
[11/10 23:04:27][INFO] train_test.py: 141: loss_train_ : 2.09019
[11/10 23:04:27][INFO] train_test.py: 141: acc_train_ : 0.987762
[11/10 23:04:27][INFO] train_test.py: 141: loss_val_ : 2.36933
[11/10 23:04:27][INFO] train_test.py: 141: acc_val_ : 0.737705
[11/10 23:05:54][INFO] train_test.py:  67: Training: [Epoch  840] loss: 2.0867 accuracy: 0.9913 lr: 0.000500
[11/10 23:06:15][INFO] train_test.py: 102: Evaluation: [Epoch  840] loss: 2.3730 accuracy: 0.7268
