[11/17 00:21:11][INFO] run.py: 120: Train with configs:
[11/17 00:21:11][INFO] run.py: 121: 
{ AUGMENTATION      }-> True
{ BATCH_SIZE        }-> 4
{ DATA_JSON         }-> data.json
{ DATA_SEPARATOR    }-> ,
{ DECAY             }-> 0.005
{ DEVICES           }-> [0]
{ EPOCHS            }-> 1000
{ FLOW              }-> DeepFlow
{ GPU               }-> 1
{ LABEL_DICT        }-> label_dict.json
{ LOAD              }-> False
{ LOAD_PRETRAINED   }-> model_lr_0.0005
{ LOG_DIR           }-> ./log
{ LOG_NAME          }-> log_17-11-2020_00-21
{ LR                }-> 0.001
{ MODE              }-> val
{ MODEL_NAME        }-> twin
{ MODEL_TYPE        }-> twin
{ MOMENTUM          }-> 0.5
{ NESTEROV          }-> True
{ NORM              }-> normal
{ NUM_CLASSES       }-> 20
{ NUM_WORKERS       }-> 12
{ N_GPU             }-> 1
{ OUTPUT_DIR        }-> .
{ OUTPUT_FILE       }-> ./pred.txt
{ PATH_DATA         }-> /home/dhieu/Contest/MediaEval2020/sport/Sport-Video-Classification-MediaEval2020/data
{ PATH_MODEL        }-> ./twin
{ PATH_PROCESSED_DATA }-> /home/dhieu/Contest/MediaEval2020/sport/Sport-Video-Classification-MediaEval2020/data_processed
{ SEED              }-> 2020
{ SIZE_DATA         }-> [100 120 120]
{ VERSION           }-> 2020
{ dtype             }-> <class 'torch.cuda.FloatTensor'>

[11/17 00:21:17][INFO] train_test.py: 256: Load model ./twin for testing
[11/17 00:21:18][INFO] train_test.py: 259: Model from epoch 781
[11/17 00:21:18][INFO] train_test.py: 261: loss_train_ : 2.08841
[11/17 00:21:18][INFO] train_test.py: 261: acc_train_ : 0.98951
[11/17 00:21:18][INFO] train_test.py: 261: loss_val_ : 2.37471
[11/17 00:21:18][INFO] train_test.py: 261: acc_val_ : 0.710383
[11/17 00:21:27][INFO] train_test.py: 266: Done in 0:00:10
[11/17 00:21:50][DEBUG] colorbar.py: 600: locator: <matplotlib.colorbar._ColorbarAutoLocator object at 0x7f6e8d76c550>
[11/17 00:21:50][DEBUG] colorbar.py: 645: Using auto colorbar locator <matplotlib.colorbar._ColorbarAutoLocator object at 0x7f6e8d76c550> on colorbar
[11/17 00:21:50][DEBUG] colorbar.py: 799: Setting pcolormesh
[11/17 00:21:50][DEBUG] font_manager.py: 1334: findfont: Matching sans\-serif:style=normal:variant=normal:weight=normal:stretch=normal:size=15.399999999999999.
[11/17 00:21:50][DEBUG] font_manager.py: 1346: findfont: score(<Font 'STIXSizeTwoSym' (STIXSizTwoSymReg.ttf) normal normal 400 normal>) = 10.05
[11/17 00:21:50][DEBUG] font_manager.py: 1346: findfont: score(<Font 'cmsy10' (cmsy10.ttf) normal normal 400 normal>) = 10.05
[11/17 00:21:50][DEBUG] font_manager.py: 1346: findfont: score(<Font 'DejaVu Sans' (DejaVuSans.ttf) normal normal 400 normal>) = 2.05
[11/17 00:21:50][DEBUG] font_manager.py: 1346: findfont: score(<Font 'DejaVu Sans Mono' (DejaVuSansMono-Bold.ttf) normal normal 700 normal>) = 10.335
[11/17 00:21:50][DEBUG] font_manager.py: 1346: findfont: score(<Font 'STIXGeneral' (STIXGeneral.ttf) normal normal 400 normal>) = 10.05
[11/17 00:21:50][DEBUG] font_manager.py: 1346: findfont: score(<Font 'cmex10' (cmex10.ttf) normal normal 400 normal>) = 10.05
[11/17 00:21:50][DEBUG] font_manager.py: 1346: findfont: score(<Font 'DejaVu Sans' (DejaVuSans-Oblique.ttf) oblique normal 400 normal>) = 3.05
[11/17 00:21:50][DEBUG] font_manager.py: 1346: findfont: score(<Font 'STIXSizeTwoSym' (STIXSizTwoSymBol.ttf) normal normal 700 normal>) = 10.335
[11/17 00:21:50][DEBUG] font_manager.py: 1346: findfont: score(<Font 'STIXNonUnicode' (STIXNonUniIta.ttf) italic normal 400 normal>) = 11.05
[11/17 00:21:50][DEBUG] font_manager.py: 1346: findfont: score(<Font 'STIXSizeOneSym' (STIXSizOneSymBol.ttf) normal normal 700 normal>) = 10.335
[11/17 00:21:50][DEBUG] font_manager.py: 1346: findfont: score(<Font 'STIXNonUnicode' (STIXNonUniBolIta.ttf) italic normal 700 normal>) = 11.335
[11/17 00:21:50][DEBUG] font_manager.py: 1346: findfont: score(<Font 'cmb10' (cmb10.ttf) normal normal 400 normal>) = 10.05
[11/17 00:21:50][DEBUG] font_manager.py: 1346: findfont: score(<Font 'DejaVu Sans' (DejaVuSans-BoldOblique.ttf) oblique normal 700 normal>) = 3.335
[11/17 00:21:50][DEBUG] font_manager.py: 1346: findfont: score(<Font 'cmmi10' (cmmi10.ttf) normal normal 400 normal>) = 10.05
[11/17 00:21:50][DEBUG] font_manager.py: 1346: findfont: score(<Font 'STIXSizeThreeSym' (STIXSizThreeSymReg.ttf) normal normal 400 normal>) = 10.05
[11/17 00:21:50][DEBUG] font_manager.py: 1346: findfont: score(<Font 'DejaVu Sans' (DejaVuSans-Bold.ttf) normal normal 700 normal>) = 2.335
[11/17 00:21:50][DEBUG] font_manager.py: 1346: findfont: score(<Font 'DejaVu Sans Mono' (DejaVuSansMono-Oblique.ttf) oblique normal 400 normal>) = 11.05
[11/17 00:21:50][DEBUG] font_manager.py: 1346: findfont: score(<Font 'STIXGeneral' (STIXGeneralBolIta.ttf) italic normal 700 normal>) = 11.335
[11/17 00:21:50][DEBUG] font_manager.py: 1346: findfont: score(<Font 'cmtt10' (cmtt10.ttf) normal normal 400 normal>) = 10.05
[11/17 00:21:50][DEBUG] font_manager.py: 1346: findfont: score(<Font 'cmr10' (cmr10.ttf) normal normal 400 normal>) = 10.05
[11/17 00:21:50][DEBUG] font_manager.py: 1346: findfont: score(<Font 'STIXSizeFourSym' (STIXSizFourSymBol.ttf) normal normal 700 normal>) = 10.335
[11/17 00:21:50][DEBUG] font_manager.py: 1346: findfont: score(<Font 'cmss10' (cmss10.ttf) normal normal 400 normal>) = 10.05
[11/17 00:21:50][DEBUG] font_manager.py: 1346: findfont: score(<Font 'STIXSizeFiveSym' (STIXSizFiveSymReg.ttf) normal normal 400 normal>) = 10.05
[11/17 00:21:50][DEBUG] font_manager.py: 1346: findfont: score(<Font 'DejaVu Serif Display' (DejaVuSerifDisplay.ttf) normal normal 400 normal>) = 10.05
[11/17 00:21:50][DEBUG] font_manager.py: 1346: findfont: score(<Font 'DejaVu Serif' (DejaVuSerif-BoldItalic.ttf) italic normal 700 normal>) = 11.335
[11/17 00:21:50][DEBUG] font_manager.py: 1346: findfont: score(<Font 'DejaVu Serif' (DejaVuSerif.ttf) normal normal 400 normal>) = 10.05
[11/17 00:21:50][DEBUG] font_manager.py: 1346: findfont: score(<Font 'STIXGeneral' (STIXGeneralBol.ttf) normal normal 700 normal>) = 10.335
[11/17 00:21:50][DEBUG] font_manager.py: 1346: findfont: score(<Font 'DejaVu Sans Display' (DejaVuSansDisplay.ttf) normal normal 400 normal>) = 10.05
[11/17 00:21:50][DEBUG] font_manager.py: 1346: findfont: score(<Font 'STIXSizeThreeSym' (STIXSizThreeSymBol.ttf) normal normal 700 normal>) = 10.335
[11/17 00:21:50][DEBUG] font_manager.py: 1346: findfont: score(<Font 'DejaVu Sans Mono' (DejaVuSansMono.ttf) normal normal 400 normal>) = 10.05
[11/17 00:21:50][DEBUG] font_manager.py: 1346: findfont: score(<Font 'STIXNonUnicode' (STIXNonUni.ttf) normal normal 400 normal>) = 10.05
[11/17 00:21:50][DEBUG] font_manager.py: 1346: findfont: score(<Font 'STIXGeneral' (STIXGeneralItalic.ttf) italic normal 400 normal>) = 11.05
[11/17 00:21:50][DEBUG] font_manager.py: 1346: findfont: score(<Font 'DejaVu Serif' (DejaVuSerif-Italic.ttf) italic normal 400 normal>) = 11.05
[11/17 00:21:50][DEBUG] font_manager.py: 1346: findfont: score(<Font 'DejaVu Sans Mono' (DejaVuSansMono-BoldOblique.ttf) oblique normal 700 normal>) = 11.335
[11/17 00:21:50][DEBUG] font_manager.py: 1346: findfont: score(<Font 'STIXSizeFourSym' (STIXSizFourSymReg.ttf) normal normal 400 normal>) = 10.05
[11/17 00:21:50][DEBUG] font_manager.py: 1346: findfont: score(<Font 'DejaVu Serif' (DejaVuSerif-Bold.ttf) normal normal 700 normal>) = 10.335
[11/17 00:21:50][DEBUG] font_manager.py: 1346: findfont: score(<Font 'STIXNonUnicode' (STIXNonUniBol.ttf) normal normal 700 normal>) = 10.335
[11/17 00:21:50][DEBUG] font_manager.py: 1346: findfont: score(<Font 'STIXSizeOneSym' (STIXSizOneSymReg.ttf) normal normal 400 normal>) = 10.05
[11/17 00:21:50][DEBUG] font_manager.py: 1346: findfont: score(<Font 'Tlwg Mono' (TlwgMono-BoldOblique.ttf) oblique normal 700 normal>) = 11.335
[11/17 00:21:50][DEBUG] font_manager.py: 1346: findfont: score(<Font 'KacstDigital' (KacstDigital.ttf) normal normal 500 normal>) = 10.145
[11/17 00:21:50][DEBUG] font_manager.py: 1346: findfont: score(<Font 'DejaVu Serif' (DejaVuSerif.ttf) normal normal 400 normal>) = 10.05
[11/17 00:21:50][DEBUG] font_manager.py: 1346: findfont: score(<Font 'DejaVu Sans' (DejaVuSans-ExtraLight.ttf) normal normal 200 normal>) = 2.24
[11/17 00:21:50][DEBUG] font_manager.py: 1346: findfont: score(<Font 'Noto Sans CJK JP' (NotoSansCJK-Thin.ttc) normal normal 250 normal>) = 10.1925
[11/17 00:21:50][DEBUG] font_manager.py: 1346: findfont: score(<Font 'Umpush' (Umpush-Oblique.ttf) oblique normal 400 normal>) = 11.05
[11/17 00:21:50][DEBUG] font_manager.py: 1346: findfont: score(<Font 'Ubuntu Mono' (UbuntuMono-R.ttf) normal normal 400 normal>) = 10.05
[11/17 00:21:50][DEBUG] font_manager.py: 1346: findfont: score(<Font 'KacstNaskh' (KacstNaskh.ttf) normal normal 500 normal>) = 10.145
[11/17 00:21:50][DEBUG] font_manager.py: 1346: findfont: score(<Font 'DejaVu Sans' (DejaVuSansCondensed-BoldOblique.ttf) oblique normal 700 condensed>) = 3.535
[11/17 00:21:50][DEBUG] font_manager.py: 1346: findfont: score(<Font 'Ubuntu' (Ubuntu-L.ttf) normal normal 300 normal>) = 10.145
[11/17 00:21:50][DEBUG] font_manager.py: 1346: findfont: score(<Font 'Ubuntu Mono' (UbuntuMono-RI.ttf) italic normal 400 normal>) = 11.05
[11/17 00:21:50][DEBUG] font_manager.py: 1346: findfont: score(<Font 'Liberation Serif' (LiberationSerif-Bold.ttf) normal normal 700 normal>) = 10.335
[11/17 00:21:50][DEBUG] font_manager.py: 1346: findfont: score(<Font 'Norasi' (Norasi-BoldOblique.ttf) oblique normal 700 normal>) = 11.335
[11/17 00:21:50][DEBUG] font_manager.py: 1346: findfont: score(<Font 'FreeSerif' (FreeSerif.ttf) normal normal 400 normal>) = 10.05
[11/17 00:21:50][DEBUG] font_manager.py: 1346: findfont: score(<Font 'DejaVu Sans' (DejaVuSansCondensed-Oblique.ttf) oblique normal 400 condensed>) = 3.25
[11/17 00:21:50][DEBUG] font_manager.py: 1346: findfont: score(<Font 'STIXVariants' (STIXVariants-Bold.otf) normal normal 700 normal>) = 10.335
[11/17 00:21:50][DEBUG] font_manager.py: 1346: findfont: score(<Font 'TakaoPGothic' (fonts-japanese-gothic.ttf) normal normal 400 normal>) = 10.05
[11/17 00:21:50][DEBUG] font_manager.py: 1346: findfont: score(<Font 'Tlwg Typo' (TlwgTypo.ttf) normal normal 500 normal>) = 10.145
[11/17 00:21:50][DEBUG] font_manager.py: 1346: findfont: score(<Font 'STIXSizeOneSym' (STIXSizeOneSym-Regular.otf) normal normal 400 normal>) = 10.05
[11/17 00:21:50][DEBUG] font_manager.py: 1346: findfont: score(<Font 'Tlwg Typo' (TlwgTypo-BoldOblique.ttf) oblique normal 700 normal>) = 11.335
[11/17 00:21:50][DEBUG] font_manager.py: 1346: findfont: score(<Font 'DejaVu Sans Mono' (DejaVuSansMono.ttf) normal normal 400 normal>) = 10.05
[11/17 00:21:50][DEBUG] font_manager.py: 1346: findfont: score(<Font 'KacstOne' (KacstOne-Bold.ttf) normal normal 700 normal>) = 10.335
[11/17 00:21:50][DEBUG] font_manager.py: 1346: findfont: score(<Font 'Waree' (Waree-Oblique.ttf) oblique normal 400 normal>) = 11.05
[11/17 00:21:50][DEBUG] font_manager.py: 1346: findfont: score(<Font 'DejaVu Sans' (DejaVuSans-BoldOblique.ttf) oblique normal 700 normal>) = 3.335
[11/17 00:21:50][DEBUG] font_manager.py: 1346: findfont: score(<Font 'Ubuntu' (Ubuntu-RI.ttf) italic normal 400 normal>) = 11.05
[11/17 00:21:50][DEBUG] font_manager.py: 1346: findfont: score(<Font 'STIXSizeFiveSym' (STIXSizeFiveSym-Regular.otf) normal normal 400 normal>) = 10.05
[11/17 00:21:50][DEBUG] font_manager.py: 1346: findfont: score(<Font 'DejaVu Sans' (DejaVuSansCondensed-Bold.ttf) normal normal 700 condensed>) = 2.535
[11/17 00:21:50][DEBUG] font_manager.py: 1346: findfont: score(<Font 'Liberation Sans Narrow' (LiberationSansNarrow-BoldItalic.ttf) italic normal 700 condensed>) = 11.535
[11/17 00:21:50][DEBUG] font_manager.py: 1346: findfont: score(<Font 'FreeSerif' (FreeSerifItalic.ttf) italic normal 400 normal>) = 11.05
[11/17 00:21:50][DEBUG] font_manager.py: 1346: findfont: score(<Font 'Sawasdee' (Sawasdee-Bold.ttf) normal normal 700 normal>) = 10.335
[11/17 00:21:50][DEBUG] font_manager.py: 1346: findfont: score(<Font 'DejaVu Serif' (DejaVuSerif-BoldItalic.ttf) italic normal 700 normal>) = 11.335
[11/17 00:21:50][DEBUG] font_manager.py: 1346: findfont: score(<Font 'Kinnari' (Kinnari-BoldOblique.ttf) oblique normal 700 normal>) = 11.335
[11/17 00:21:50][DEBUG] font_manager.py: 1346: findfont: score(<Font 'Kinnari' (Kinnari-Italic.ttf) italic normal 500 normal>) = 11.145
[11/17 00:21:50][DEBUG] font_manager.py: 1346: findfont: score(<Font 'Norasi' (Norasi-BoldItalic.ttf) italic normal 700 normal>) = 11.335
[11/17 00:21:50][DEBUG] font_manager.py: 1346: findfont: score(<Font 'Tlwg Typewriter' (TlwgTypewriter-BoldOblique.ttf) oblique normal 700 normal>) = 11.335
[11/17 00:21:50][DEBUG] font_manager.py: 1346: findfont: score(<Font 'Ubuntu' (Ubuntu-LI.ttf) italic normal 300 normal>) = 11.145
[11/17 00:21:50][DEBUG] font_manager.py: 1346: findfont: score(<Font 'Umpush' (Umpush-LightOblique.ttf) oblique normal 300 normal>) = 11.145
[11/17 00:21:50][DEBUG] font_manager.py: 1346: findfont: score(<Font 'Norasi' (Norasi.ttf) normal normal 400 normal>) = 10.05
[11/17 00:21:50][DEBUG] font_manager.py: 1346: findfont: score(<Font 'Liberation Sans Narrow' (LiberationSansNarrow-Italic.ttf) italic normal 400 condensed>) = 11.25
[11/17 00:21:50][DEBUG] font_manager.py: 1346: findfont: score(<Font 'Kinnari' (Kinnari-BoldItalic.ttf) italic normal 700 normal>) = 11.335
[11/17 00:21:50][DEBUG] font_manager.py: 1346: findfont: score(<Font 'Abyssinica SIL' (AbyssinicaSIL-R.ttf) normal normal 400 normal>) = 10.05
[11/17 00:21:50][DEBUG] font_manager.py: 1346: findfont: score(<Font 'STIX' (STIX-Regular.otf) normal normal 400 normal>) = 10.05
[11/17 00:21:50][DEBUG] font_manager.py: 1346: findfont: score(<Font 'Padauk' (Padauk-bold.ttf) normal normal 700 normal>) = 10.335
[11/17 00:21:50][DEBUG] font_manager.py: 1346: findfont: score(<Font 'Umpush' (Umpush-Bold.ttf) normal normal 700 normal>) = 10.335
[11/17 00:21:50][DEBUG] font_manager.py: 1346: findfont: score(<Font 'FreeSans' (FreeSansBold.ttf) normal normal 600 normal>) = 10.24
[11/17 00:21:50][DEBUG] font_manager.py: 1346: findfont: score(<Font 'NanumMyeongjo' (NanumMyeongjo.ttf) normal normal 400 normal>) = 10.05
[11/17 00:21:50][DEBUG] font_manager.py: 1346: findfont: score(<Font 'Ubuntu' (Ubuntu-MI.ttf) italic normal 500 normal>) = 11.145
[11/17 00:21:50][DEBUG] font_manager.py: 1346: findfont: score(<Font 'Lohit Punjabi' (Lohit-Punjabi.ttf) normal normal 400 normal>) = 10.05
[11/17 00:21:50][DEBUG] font_manager.py: 1346: findfont: score(<Font 'Tlwg Typist' (TlwgTypist-Oblique.ttf) oblique normal 500 normal>) = 11.145
[11/17 00:21:50][DEBUG] font_manager.py: 1346: findfont: score(<Font 'STIXIntegralsUpD' (STIXIntegralsUpD-Bold.otf) normal normal 700 normal>) = 10.335
[11/17 00:21:50][DEBUG] font_manager.py: 1346: findfont: score(<Font 'KacstOne' (KacstOne.ttf) normal normal 400 normal>) = 10.05
[11/17 00:21:50][DEBUG] font_manager.py: 1346: findfont: score(<Font 'FreeMono' (FreeMonoBoldOblique.ttf) oblique normal 700 normal>) = 11.335
[11/17 00:21:50][DEBUG] font_manager.py: 1346: findfont: score(<Font 'STIX' (STIX-Italic.otf) italic normal 400 normal>) = 11.05
[11/17 00:21:50][DEBUG] font_manager.py: 1346: findfont: score(<Font 'Noto Sans CJK JP' (NotoSansCJK-Bold.ttc) normal normal 700 normal>) = 10.335
[11/17 00:21:50][DEBUG] font_manager.py: 1346: findfont: score(<Font 'Waree' (Waree-Bold.ttf) normal normal 700 normal>) = 10.335
[11/17 00:21:50][DEBUG] font_manager.py: 1346: findfont: score(<Font 'FreeMono' (FreeMonoOblique.ttf) oblique normal 400 normal>) = 11.05
[11/17 00:21:50][DEBUG] font_manager.py: 1346: findfont: score(<Font 'KacstFarsi' (KacstFarsi.ttf) normal normal 500 normal>) = 10.145
[11/17 00:21:50][DEBUG] font_manager.py: 1346: findfont: score(<Font 'STIXIntegralsSm' (STIXIntegralsSm-Bold.otf) normal normal 700 normal>) = 10.335
[11/17 00:21:50][DEBUG] font_manager.py: 1346: findfont: score(<Font 'Liberation Sans Narrow' (LiberationSansNarrow-Bold.ttf) normal normal 700 condensed>) = 10.535
[11/17 00:21:50][DEBUG] font_manager.py: 1346: findfont: score(<Font 'Purisa' (Purisa-BoldOblique.ttf) oblique normal 700 normal>) = 11.335
[11/17 00:21:50][DEBUG] font_manager.py: 1346: findfont: score(<Font 'DejaVu Sans' (DejaVuSans-Oblique.ttf) oblique normal 400 normal>) = 3.05
[11/17 00:21:50][DEBUG] font_manager.py: 1346: findfont: score(<Font 'Garuda' (Garuda-BoldOblique.ttf) oblique normal 700 normal>) = 11.335
[11/17 00:21:50][DEBUG] font_manager.py: 1346: findfont: score(<Font 'Liberation Mono' (LiberationMono-Bold.ttf) normal normal 700 normal>) = 10.335
[11/17 00:21:50][DEBUG] font_manager.py: 1346: findfont: score(<Font 'Garuda' (Garuda.ttf) normal normal 400 normal>) = 10.05
[11/17 00:21:50][DEBUG] font_manager.py: 1346: findfont: score(<Font 'DejaVu Serif' (DejaVuSerif-Italic.ttf) italic normal 400 normal>) = 11.05
[11/17 00:21:50][DEBUG] font_manager.py: 1346: findfont: score(<Font 'KacstTitle' (KacstTitle.ttf) normal normal 500 normal>) = 10.145
[11/17 00:21:50][DEBUG] font_manager.py: 1346: findfont: score(<Font 'STIXGeneral' (STIXGeneral-BoldItalic.otf) italic normal 700 normal>) = 11.335
[11/17 00:21:50][DEBUG] font_manager.py: 1346: findfont: score(<Font 'STIXNonUnicode' (STIXNonUnicode-BoldItalic.otf) italic normal 700 normal>) = 11.335
[11/17 00:21:50][DEBUG] font_manager.py: 1346: findfont: score(<Font 'Liberation Mono' (LiberationMono-Regular.ttf) normal normal 400 normal>) = 10.05
[11/17 00:21:50][DEBUG] font_manager.py: 1346: findfont: score(<Font 'Loma' (Loma.ttf) normal normal 400 normal>) = 10.05
[11/17 00:21:50][DEBUG] font_manager.py: 1346: findfont: score(<Font 'STIX' (STIX-BoldItalic.otf) italic normal 700 normal>) = 11.335
[11/17 00:21:50][DEBUG] font_manager.py: 1346: findfont: score(<Font 'STIXIntegralsD' (STIXIntegralsD-Regular.otf) normal normal 400 normal>) = 10.05
[11/17 00:21:50][DEBUG] font_manager.py: 1346: findfont: score(<Font 'DejaVu Serif' (DejaVuSerifCondensed-Bold.ttf) normal normal 700 condensed>) = 10.535
[11/17 00:21:50][DEBUG] font_manager.py: 1346: findfont: score(<Font 'KacstQurn' (KacstQurn.ttf) normal normal 400 normal>) = 10.05
[11/17 00:21:50][DEBUG] font_manager.py: 1346: findfont: score(<Font 'DejaVu Sans' (DejaVuSans.ttf) normal normal 400 normal>) = 2.05
[11/17 00:21:50][DEBUG] font_manager.py: 1346: findfont: score(<Font 'NanumMyeongjo' (NanumMyeongjoBold.ttf) normal normal 600 normal>) = 10.24
[11/17 00:21:50][DEBUG] font_manager.py: 1346: findfont: score(<Font 'Tlwg Mono' (TlwgMono-Bold.ttf) normal normal 700 normal>) = 10.335
[11/17 00:21:50][DEBUG] font_manager.py: 1346: findfont: score(<Font 'STIX' (STIX-Bold.otf) normal normal 700 normal>) = 10.335
[11/17 00:21:50][DEBUG] font_manager.py: 1346: findfont: score(<Font 'Tlwg Typo' (TlwgTypo-Bold.ttf) normal normal 700 normal>) = 10.335
[11/17 00:21:50][DEBUG] font_manager.py: 1346: findfont: score(<Font 'Noto Sans CJK JP' (NotoSansCJK-DemiLight.ttc) normal normal 350 normal>) = 10.0975
[11/17 00:21:50][DEBUG] font_manager.py: 1346: findfont: score(<Font 'STIXIntegralsD' (STIXIntegralsD-Bold.otf) normal normal 700 normal>) = 10.335
[11/17 00:21:50][DEBUG] font_manager.py: 1346: findfont: score(<Font 'Kinnari' (Kinnari-Bold.ttf) normal normal 700 normal>) = 10.335
[11/17 00:21:50][DEBUG] font_manager.py: 1346: findfont: score(<Font 'DejaVu Serif' (DejaVuSerifCondensed-BoldItalic.ttf) italic normal 700 condensed>) = 11.535
[11/17 00:21:50][DEBUG] font_manager.py: 1346: findfont: score(<Font 'Laksaman' (Laksaman-BoldItalic.ttf) italic normal 700 normal>) = 11.335
[11/17 00:21:50][DEBUG] font_manager.py: 1346: findfont: score(<Font 'KacstTitleL' (KacstTitleL.ttf) normal normal 400 normal>) = 10.05
[11/17 00:21:50][DEBUG] font_manager.py: 1346: findfont: score(<Font 'Norasi' (Norasi-Oblique.ttf) oblique normal 400 normal>) = 11.05
[11/17 00:21:50][DEBUG] font_manager.py: 1346: findfont: score(<Font 'Noto Sans CJK JP' (NotoSansCJK-Black.ttc) normal normal 900 normal>) = 10.525
[11/17 00:21:50][DEBUG] font_manager.py: 1346: findfont: score(<Font 'Liberation Sans' (LiberationSans-Bold.ttf) normal normal 700 normal>) = 4.335
[11/17 00:21:50][DEBUG] font_manager.py: 1346: findfont: score(<Font 'Liberation Serif' (LiberationSerif-Italic.ttf) italic normal 400 normal>) = 11.05
[11/17 00:21:50][DEBUG] font_manager.py: 1346: findfont: score(<Font 'STIXNonUnicode' (STIXNonUnicode-Bold.otf) normal normal 700 normal>) = 10.335
[11/17 00:21:50][DEBUG] font_manager.py: 1346: findfont: score(<Font 'Laksaman' (Laksaman-Bold.ttf) normal normal 700 normal>) = 10.335
[11/17 00:21:50][DEBUG] font_manager.py: 1346: findfont: score(<Font 'Liberation Serif' (LiberationSerif-BoldItalic.ttf) italic normal 700 normal>) = 11.335
[11/17 00:21:50][DEBUG] font_manager.py: 1346: findfont: score(<Font 'KacstPen' (KacstPen.ttf) normal normal 500 normal>) = 10.145
[11/17 00:21:50][DEBUG] font_manager.py: 1346: findfont: score(<Font 'STIXIntegralsUpSm' (STIXIntegralsUpSm-Bold.otf) normal normal 700 normal>) = 10.335
[11/17 00:21:50][DEBUG] font_manager.py: 1346: findfont: score(<Font 'DejaVu Sans Mono' (DejaVuSansMono-BoldOblique.ttf) oblique normal 700 normal>) = 11.335
[11/17 00:21:50][DEBUG] font_manager.py: 1346: findfont: score(<Font 'Loma' (Loma-Oblique.ttf) oblique normal 400 normal>) = 11.05
[11/17 00:21:50][DEBUG] font_manager.py: 1346: findfont: score(<Font 'Loma' (Loma-Bold.ttf) normal normal 700 normal>) = 10.335
[11/17 00:21:50][DEBUG] font_manager.py: 1346: findfont: score(<Font 'Tlwg Typist' (TlwgTypist.ttf) normal normal 500 normal>) = 10.145
[11/17 00:21:50][DEBUG] font_manager.py: 1346: findfont: score(<Font 'Ubuntu' (Ubuntu-BI.ttf) italic normal 700 normal>) = 11.335
[11/17 00:21:50][DEBUG] font_manager.py: 1346: findfont: score(<Font 'Kinnari' (Kinnari.ttf) normal normal 500 normal>) = 10.145
[11/17 00:21:50][DEBUG] font_manager.py: 1346: findfont: score(<Font 'Umpush' (Umpush-BoldOblique.ttf) oblique normal 700 normal>) = 11.335
[11/17 00:21:50][DEBUG] font_manager.py: 1346: findfont: score(<Font 'Ubuntu Mono' (UbuntuMono-BI.ttf) italic normal 700 normal>) = 11.335
[11/17 00:21:50][DEBUG] font_manager.py: 1346: findfont: score(<Font 'NanumBarunGothic' (NanumBarunGothic.ttf) normal normal 400 normal>) = 10.05
[11/17 00:21:50][DEBUG] font_manager.py: 1346: findfont: score(<Font 'DejaVu Sans' (DejaVuSansCondensed.ttf) normal normal 400 condensed>) = 2.25
[11/17 00:21:50][DEBUG] font_manager.py: 1346: findfont: score(<Font 'Liberation Sans' (LiberationSans-BoldItalic.ttf) italic normal 700 normal>) = 5.335
[11/17 00:21:50][DEBUG] font_manager.py: 1346: findfont: score(<Font 'Symbola' (Symbola_hint.ttf) normal normal 400 normal>) = 10.05
[11/17 00:21:50][DEBUG] font_manager.py: 1346: findfont: score(<Font 'NanumBarunGothic' (NanumBarunGothicBold.ttf) normal normal 600 normal>) = 10.24
[11/17 00:21:50][DEBUG] font_manager.py: 1346: findfont: score(<Font 'Tlwg Mono' (TlwgMono.ttf) normal normal 500 normal>) = 10.145
[11/17 00:21:50][DEBUG] font_manager.py: 1346: findfont: score(<Font 'Umpush' (Umpush.ttf) normal normal 400 normal>) = 10.05
[11/17 00:21:50][DEBUG] font_manager.py: 1346: findfont: score(<Font 'OpenSymbol' (opens___.ttf) normal normal 400 normal>) = 10.05
[11/17 00:21:50][DEBUG] font_manager.py: 1346: findfont: score(<Font 'FreeSerif' (FreeSerifBold.ttf) normal normal 700 normal>) = 10.335
[11/17 00:21:50][DEBUG] font_manager.py: 1346: findfont: score(<Font 'Waree' (Waree.ttf) normal normal 400 normal>) = 10.05
[11/17 00:21:50][DEBUG] font_manager.py: 1346: findfont: score(<Font 'KacstBook' (KacstBook.ttf) normal normal 500 normal>) = 10.145
[11/17 00:21:50][DEBUG] font_manager.py: 1346: findfont: score(<Font 'STIXSizeFourSym' (STIXSizeFourSym-Bold.otf) normal normal 700 normal>) = 10.335
[11/17 00:21:50][DEBUG] font_manager.py: 1346: findfont: score(<Font 'NanumGothic' (NanumGothic.ttf) normal normal 400 normal>) = 10.05
[11/17 00:21:50][DEBUG] font_manager.py: 1346: findfont: score(<Font 'Liberation Sans' (LiberationSans-Regular.ttf) normal normal 400 normal>) = 4.05
[11/17 00:21:50][DEBUG] font_manager.py: 1346: findfont: score(<Font 'STIXSizeTwoSym' (STIXSizeTwoSym-Bold.otf) normal normal 700 normal>) = 10.335
[11/17 00:21:50][DEBUG] font_manager.py: 1346: findfont: score(<Font 'Liberation Mono' (LiberationMono-BoldItalic.ttf) italic normal 700 normal>) = 11.335
[11/17 00:21:50][DEBUG] font_manager.py: 1346: findfont: score(<Font 'STIXIntegralsUp' (STIXIntegralsUp-Regular.otf) normal normal 400 normal>) = 10.05
[11/17 00:21:50][DEBUG] font_manager.py: 1346: findfont: score(<Font 'Khmer OS' (KhmerOS.ttf) normal normal 400 normal>) = 10.05
[11/17 00:21:50][DEBUG] font_manager.py: 1346: findfont: score(<Font 'STIXSizeThreeSym' (STIXSizeThreeSym-Bold.otf) normal normal 700 normal>) = 10.335
[11/17 00:21:50][DEBUG] font_manager.py: 1346: findfont: score(<Font 'STIX Math' (STIXMath-Regular.otf) normal normal 400 normal>) = 10.05
[11/17 00:21:50][DEBUG] font_manager.py: 1346: findfont: score(<Font 'LKLUG' (lklug.ttf) normal normal 400 normal>) = 10.05
[11/17 00:21:50][DEBUG] font_manager.py: 1346: findfont: score(<Font 'Norasi' (Norasi-Bold.ttf) normal normal 700 normal>) = 10.335
[11/17 00:21:50][DEBUG] font_manager.py: 1346: findfont: score(<Font 'DejaVu Serif' (DejaVuSerifCondensed.ttf) normal normal 400 condensed>) = 10.25
[11/17 00:21:50][DEBUG] font_manager.py: 1346: findfont: score(<Font 'Sawasdee' (Sawasdee.ttf) normal normal 400 normal>) = 10.05
[11/17 00:21:50][DEBUG] font_manager.py: 1346: findfont: score(<Font 'STIXSizeThreeSym' (STIXSizeThreeSym-Regular.otf) normal normal 400 normal>) = 10.05
[11/17 00:21:50][DEBUG] font_manager.py: 1346: findfont: score(<Font 'Kinnari' (Kinnari-Oblique.ttf) oblique normal 500 normal>) = 11.145
[11/17 00:21:50][DEBUG] font_manager.py: 1346: findfont: score(<Font 'Purisa' (Purisa-Oblique.ttf) oblique normal 400 normal>) = 11.05
[11/17 00:21:50][DEBUG] font_manager.py: 1346: findfont: score(<Font 'Tlwg Typist' (TlwgTypist-Bold.ttf) normal normal 700 normal>) = 10.335
[11/17 00:21:50][DEBUG] font_manager.py: 1346: findfont: score(<Font 'FreeSans' (FreeSans.ttf) normal normal 400 normal>) = 10.05
[11/17 00:21:50][DEBUG] font_manager.py: 1346: findfont: score(<Font 'Tlwg Typo' (TlwgTypo-Oblique.ttf) oblique normal 500 normal>) = 11.145
[11/17 00:21:50][DEBUG] font_manager.py: 1346: findfont: score(<Font 'Saab' (Saab.ttf) normal normal 400 normal>) = 10.05
[11/17 00:21:50][DEBUG] font_manager.py: 1346: findfont: score(<Font 'DejaVu Sans' (DejaVuSans-Bold.ttf) normal normal 700 normal>) = 2.335
[11/17 00:21:50][DEBUG] font_manager.py: 1346: findfont: score(<Font 'Phetsarath OT' (Phetsarath_OT.ttf) normal normal 400 normal>) = 10.05
[11/17 00:21:50][DEBUG] font_manager.py: 1346: findfont: score(<Font 'NanumGothic' (NanumGothicBold.ttf) normal normal 600 normal>) = 10.24
[11/17 00:21:50][DEBUG] font_manager.py: 1346: findfont: score(<Font 'STIXIntegralsUpD' (STIXIntegralsUpD-Regular.otf) normal normal 400 normal>) = 10.05
[11/17 00:21:50][DEBUG] font_manager.py: 1346: findfont: score(<Font 'Sawasdee' (Sawasdee-BoldOblique.ttf) oblique normal 700 normal>) = 11.335
[11/17 00:21:50][DEBUG] font_manager.py: 1346: findfont: score(<Font 'Waree' (Waree-BoldOblique.ttf) oblique normal 700 normal>) = 11.335
[11/17 00:21:50][DEBUG] font_manager.py: 1346: findfont: score(<Font 'Tlwg Typist' (TlwgTypist-BoldOblique.ttf) oblique normal 700 normal>) = 11.335
[11/17 00:21:50][DEBUG] font_manager.py: 1346: findfont: score(<Font 'KacstLetter' (KacstLetter.ttf) normal normal 500 normal>) = 10.145
[11/17 00:21:50][DEBUG] font_manager.py: 1346: findfont: score(<Font 'KacstPoster' (KacstPoster.ttf) normal normal 500 normal>) = 10.145
[11/17 00:21:50][DEBUG] font_manager.py: 1346: findfont: score(<Font 'STIXSizeTwoSym' (STIXSizeTwoSym-Regular.otf) normal normal 400 normal>) = 10.05
[11/17 00:21:50][DEBUG] font_manager.py: 1346: findfont: score(<Font 'STIXGeneral' (STIXGeneral-Regular.otf) normal normal 400 normal>) = 10.05
[11/17 00:21:50][DEBUG] font_manager.py: 1346: findfont: score(<Font 'Laksaman' (Laksaman.ttf) normal normal 400 normal>) = 10.05
[11/17 00:21:50][DEBUG] font_manager.py: 1346: findfont: score(<Font 'Liberation Mono' (LiberationMono-Italic.ttf) italic normal 400 normal>) = 11.05
[11/17 00:21:50][DEBUG] font_manager.py: 1346: findfont: score(<Font 'FreeMono' (FreeMono.ttf) normal normal 400 normal>) = 10.05
[11/17 00:21:50][DEBUG] font_manager.py: 1346: findfont: score(<Font 'Laksaman' (Laksaman-Italic.ttf) italic normal 400 normal>) = 11.05
[11/17 00:21:50][DEBUG] font_manager.py: 1346: findfont: score(<Font 'Khmer OS System' (KhmerOSsys.ttf) normal normal 400 normal>) = 10.05
[11/17 00:21:50][DEBUG] font_manager.py: 1346: findfont: score(<Font 'Ubuntu' (Ubuntu-M.ttf) normal normal 500 normal>) = 10.145
[11/17 00:21:50][DEBUG] font_manager.py: 1346: findfont: score(<Font 'Ubuntu' (Ubuntu-R.ttf) normal normal 400 normal>) = 10.05
[11/17 00:21:50][DEBUG] font_manager.py: 1346: findfont: score(<Font 'STIXGeneral' (STIXGeneral-Italic.otf) italic normal 400 normal>) = 11.05
[11/17 00:21:50][DEBUG] font_manager.py: 1346: findfont: score(<Font 'DejaVu Serif' (DejaVuSerifCondensed-Italic.ttf) italic normal 400 condensed>) = 11.25
[11/17 00:21:50][DEBUG] font_manager.py: 1346: findfont: score(<Font 'STIXIntegralsUp' (STIXIntegralsUp-Bold.otf) normal normal 700 normal>) = 10.335
[11/17 00:21:50][DEBUG] font_manager.py: 1346: findfont: score(<Font 'Sawasdee' (Sawasdee-Oblique.ttf) oblique normal 400 normal>) = 11.05
[11/17 00:21:50][DEBUG] font_manager.py: 1346: findfont: score(<Font 'Purisa' (Purisa-Bold.ttf) normal normal 700 normal>) = 10.335
[11/17 00:21:50][DEBUG] font_manager.py: 1346: findfont: score(<Font 'Liberation Sans' (LiberationSans-Italic.ttf) italic normal 400 normal>) = 5.05
[11/17 00:21:50][DEBUG] font_manager.py: 1346: findfont: score(<Font 'mry_KacstQurn' (mry_KacstQurn.ttf) normal normal 400 normal>) = 10.05
[11/17 00:21:50][DEBUG] font_manager.py: 1346: findfont: score(<Font 'Garuda' (Garuda-Oblique.ttf) oblique normal 400 normal>) = 11.05
[11/17 00:21:50][DEBUG] font_manager.py: 1346: findfont: score(<Font 'Tlwg Mono' (TlwgMono-Oblique.ttf) oblique normal 400 normal>) = 11.05
[11/17 00:21:50][DEBUG] font_manager.py: 1346: findfont: score(<Font 'Tibetan Machine Uni' (TibetanMachineUni.ttf) normal normal 400 normal>) = 10.05
[11/17 00:21:50][DEBUG] font_manager.py: 1346: findfont: score(<Font 'Liberation Serif' (LiberationSerif-Regular.ttf) normal normal 400 normal>) = 10.05
[11/17 00:21:50][DEBUG] font_manager.py: 1346: findfont: score(<Font 'Noto Sans CJK JP' (NotoSansCJK-Medium.ttc) normal normal 500 normal>) = 10.145
[11/17 00:21:50][DEBUG] font_manager.py: 1346: findfont: score(<Font 'Umpush' (Umpush-Light.ttf) normal normal 300 normal>) = 10.145
[11/17 00:21:50][DEBUG] font_manager.py: 1346: findfont: score(<Font 'Loma' (Loma-BoldOblique.ttf) oblique normal 700 normal>) = 11.335
[11/17 00:21:50][DEBUG] font_manager.py: 1346: findfont: score(<Font 'Noto Sans CJK JP' (NotoSansCJK-Light.ttc) normal normal 300 normal>) = 10.145
[11/17 00:21:50][DEBUG] font_manager.py: 1346: findfont: score(<Font 'STIXNonUnicode' (STIXNonUnicode-Regular.otf) normal normal 400 normal>) = 10.05
[11/17 00:21:50][DEBUG] font_manager.py: 1346: findfont: score(<Font 'Tlwg Typewriter' (TlwgTypewriter-Oblique.ttf) oblique normal 400 normal>) = 11.05
[11/17 00:21:50][DEBUG] font_manager.py: 1346: findfont: score(<Font 'Padauk' (Padauk.ttf) normal normal 400 normal>) = 10.05
[11/17 00:21:50][DEBUG] font_manager.py: 1346: findfont: score(<Font 'Norasi' (Norasi-Italic.ttf) italic normal 400 normal>) = 11.05
[11/17 00:21:50][DEBUG] font_manager.py: 1346: findfont: score(<Font 'Padauk Book' (Padauk-book.ttf) normal normal 400 normal>) = 10.05
[11/17 00:21:50][DEBUG] font_manager.py: 1346: findfont: score(<Font 'KacstScreen' (KacstScreen.ttf) normal normal 500 normal>) = 10.145
[11/17 00:21:50][DEBUG] font_manager.py: 1346: findfont: score(<Font 'TakaoPGothic' (TakaoPGothic.ttf) normal normal 400 normal>) = 10.05
[11/17 00:21:50][DEBUG] font_manager.py: 1346: findfont: score(<Font 'STIXVariants' (STIXVariants-Regular.otf) normal normal 400 normal>) = 10.05
[11/17 00:21:50][DEBUG] font_manager.py: 1346: findfont: score(<Font 'Ubuntu' (Ubuntu-B.ttf) normal normal 700 normal>) = 10.335
[11/17 00:21:50][DEBUG] font_manager.py: 1346: findfont: score(<Font 'Tlwg Typewriter' (TlwgTypewriter.ttf) normal normal 500 normal>) = 10.145
[11/17 00:21:50][DEBUG] font_manager.py: 1346: findfont: score(<Font 'DejaVu Serif' (DejaVuSerif-Bold.ttf) normal normal 700 normal>) = 10.335
[11/17 00:21:50][DEBUG] font_manager.py: 1346: findfont: score(<Font 'Ubuntu Mono' (UbuntuMono-B.ttf) normal normal 700 normal>) = 10.335
[11/17 00:21:50][DEBUG] font_manager.py: 1346: findfont: score(<Font 'KacstOffice' (KacstOffice.ttf) normal normal 500 normal>) = 10.145
[11/17 00:21:50][DEBUG] font_manager.py: 1346: findfont: score(<Font 'FreeMono' (FreeMonoBold.ttf) normal normal 700 normal>) = 10.335
[11/17 00:21:50][DEBUG] font_manager.py: 1346: findfont: score(<Font 'STIXSizeOneSym' (STIXSizeOneSym-Bold.otf) normal normal 700 normal>) = 10.335
[11/17 00:21:50][DEBUG] font_manager.py: 1346: findfont: score(<Font 'STIXIntegralsUpSm' (STIXIntegralsUpSm-Regular.otf) normal normal 400 normal>) = 10.05
[11/17 00:21:50][DEBUG] font_manager.py: 1346: findfont: score(<Font 'STIXIntegralsSm' (STIXIntegralsSm-Regular.otf) normal normal 400 normal>) = 10.05
[11/17 00:21:50][DEBUG] font_manager.py: 1346: findfont: score(<Font 'FreeSerif' (FreeSerifBoldItalic.ttf) italic normal 700 normal>) = 11.335
[11/17 00:21:50][DEBUG] font_manager.py: 1346: findfont: score(<Font 'Ubuntu Condensed' (Ubuntu-C.ttf) normal normal 400 condensed>) = 10.25
[11/17 00:21:50][DEBUG] font_manager.py: 1346: findfont: score(<Font 'KacstDecorative' (KacstDecorative.ttf) normal normal 500 normal>) = 10.145
[11/17 00:21:50][DEBUG] font_manager.py: 1346: findfont: score(<Font 'Garuda' (Garuda-Bold.ttf) normal normal 700 normal>) = 10.335
[11/17 00:21:50][DEBUG] font_manager.py: 1346: findfont: score(<Font 'STIXSizeFourSym' (STIXSizeFourSym-Regular.otf) normal normal 400 normal>) = 10.05
[11/17 00:21:50][DEBUG] font_manager.py: 1346: findfont: score(<Font 'STIXGeneral' (STIXGeneral-Bold.otf) normal normal 700 normal>) = 10.335
[11/17 00:21:50][DEBUG] font_manager.py: 1346: findfont: score(<Font 'KacstArt' (KacstArt.ttf) normal normal 500 normal>) = 10.145
[11/17 00:21:50][DEBUG] font_manager.py: 1346: findfont: score(<Font 'DejaVu Sans Mono' (DejaVuSansMono-Bold.ttf) normal normal 700 normal>) = 10.335
[11/17 00:21:50][DEBUG] font_manager.py: 1346: findfont: score(<Font 'Liberation Sans Narrow' (LiberationSansNarrow-Regular.ttf) normal normal 400 condensed>) = 10.25
[11/17 00:21:50][DEBUG] font_manager.py: 1346: findfont: score(<Font 'Purisa' (Purisa.ttf) normal normal 400 normal>) = 10.05
[11/17 00:21:50][DEBUG] font_manager.py: 1346: findfont: score(<Font 'DejaVu Sans Mono' (DejaVuSansMono-Oblique.ttf) oblique normal 400 normal>) = 11.05
[11/17 00:21:50][DEBUG] font_manager.py: 1346: findfont: score(<Font 'Tlwg Typewriter' (TlwgTypewriter-Bold.ttf) normal normal 700 normal>) = 10.335
[11/17 00:21:50][DEBUG] font_manager.py: 1346: findfont: score(<Font 'FreeSans' (FreeSansBoldOblique.ttf) oblique normal 600 normal>) = 11.24
[11/17 00:21:50][DEBUG] font_manager.py: 1346: findfont: score(<Font 'STIXNonUnicode' (STIXNonUnicode-Italic.otf) italic normal 400 normal>) = 11.05
[11/17 00:21:50][DEBUG] font_manager.py: 1346: findfont: score(<Font 'Padauk Book' (Padauk-bookbold.ttf) normal normal 700 normal>) = 10.335
[11/17 00:21:50][DEBUG] font_manager.py: 1346: findfont: score(<Font 'FreeSans' (FreeSansOblique.ttf) oblique normal 400 normal>) = 11.05
[11/17 00:21:50][DEBUG] font_manager.py: 1346: findfont: score(<Font 'Noto Sans CJK JP' (NotoSansCJK-Regular.ttc) normal normal 400 normal>) = 10.05
[11/17 00:21:50][DEBUG] font_manager.py: 1367: findfont: Matching sans\-serif:style=normal:variant=normal:weight=normal:stretch=normal:size=15.399999999999999 to DejaVu Sans ('/opt/anaconda3/lib/python3.7/site-packages/matplotlib/mpl-data/fonts/ttf/DejaVuSans.ttf') with score of 2.050000.
[11/17 00:21:50][DEBUG] _base.py: 2646: top of axes not in the figure, so title not moved
[11/17 00:21:50][DEBUG] font_manager.py: 1334: findfont: Matching sans\-serif:style=normal:variant=normal:weight=normal:stretch=normal:size=16.0.
[11/17 00:21:50][DEBUG] font_manager.py: 1346: findfont: score(<Font 'STIXSizeTwoSym' (STIXSizTwoSymReg.ttf) normal normal 400 normal>) = 10.05
[11/17 00:21:50][DEBUG] font_manager.py: 1346: findfont: score(<Font 'cmsy10' (cmsy10.ttf) normal normal 400 normal>) = 10.05
[11/17 00:21:50][DEBUG] font_manager.py: 1346: findfont: score(<Font 'DejaVu Sans' (DejaVuSans.ttf) normal normal 400 normal>) = 2.05
[11/17 00:21:50][DEBUG] font_manager.py: 1346: findfont: score(<Font 'DejaVu Sans Mono' (DejaVuSansMono-Bold.ttf) normal normal 700 normal>) = 10.335
[11/17 00:21:50][DEBUG] font_manager.py: 1346: findfont: score(<Font 'STIXGeneral' (STIXGeneral.ttf) normal normal 400 normal>) = 10.05
[11/17 00:21:50][DEBUG] font_manager.py: 1346: findfont: score(<Font 'cmex10' (cmex10.ttf) normal normal 400 normal>) = 10.05
[11/17 00:21:50][DEBUG] font_manager.py: 1346: findfont: score(<Font 'DejaVu Sans' (DejaVuSans-Oblique.ttf) oblique normal 400 normal>) = 3.05
[11/17 00:21:50][DEBUG] font_manager.py: 1346: findfont: score(<Font 'STIXSizeTwoSym' (STIXSizTwoSymBol.ttf) normal normal 700 normal>) = 10.335
[11/17 00:21:50][DEBUG] font_manager.py: 1346: findfont: score(<Font 'STIXNonUnicode' (STIXNonUniIta.ttf) italic normal 400 normal>) = 11.05
[11/17 00:21:50][DEBUG] font_manager.py: 1346: findfont: score(<Font 'STIXSizeOneSym' (STIXSizOneSymBol.ttf) normal normal 700 normal>) = 10.335
[11/17 00:21:50][DEBUG] font_manager.py: 1346: findfont: score(<Font 'STIXNonUnicode' (STIXNonUniBolIta.ttf) italic normal 700 normal>) = 11.335
[11/17 00:21:50][DEBUG] font_manager.py: 1346: findfont: score(<Font 'cmb10' (cmb10.ttf) normal normal 400 normal>) = 10.05
[11/17 00:21:50][DEBUG] font_manager.py: 1346: findfont: score(<Font 'DejaVu Sans' (DejaVuSans-BoldOblique.ttf) oblique normal 700 normal>) = 3.335
[11/17 00:21:50][DEBUG] font_manager.py: 1346: findfont: score(<Font 'cmmi10' (cmmi10.ttf) normal normal 400 normal>) = 10.05
[11/17 00:21:50][DEBUG] font_manager.py: 1346: findfont: score(<Font 'STIXSizeThreeSym' (STIXSizThreeSymReg.ttf) normal normal 400 normal>) = 10.05
[11/17 00:21:50][DEBUG] font_manager.py: 1346: findfont: score(<Font 'DejaVu Sans' (DejaVuSans-Bold.ttf) normal normal 700 normal>) = 2.335
[11/17 00:21:50][DEBUG] font_manager.py: 1346: findfont: score(<Font 'DejaVu Sans Mono' (DejaVuSansMono-Oblique.ttf) oblique normal 400 normal>) = 11.05
[11/17 00:21:50][DEBUG] font_manager.py: 1346: findfont: score(<Font 'STIXGeneral' (STIXGeneralBolIta.ttf) italic normal 700 normal>) = 11.335
[11/17 00:21:50][DEBUG] font_manager.py: 1346: findfont: score(<Font 'cmtt10' (cmtt10.ttf) normal normal 400 normal>) = 10.05
[11/17 00:21:50][DEBUG] font_manager.py: 1346: findfont: score(<Font 'cmr10' (cmr10.ttf) normal normal 400 normal>) = 10.05
[11/17 00:21:50][DEBUG] font_manager.py: 1346: findfont: score(<Font 'STIXSizeFourSym' (STIXSizFourSymBol.ttf) normal normal 700 normal>) = 10.335
[11/17 00:21:50][DEBUG] font_manager.py: 1346: findfont: score(<Font 'cmss10' (cmss10.ttf) normal normal 400 normal>) = 10.05
[11/17 00:21:50][DEBUG] font_manager.py: 1346: findfont: score(<Font 'STIXSizeFiveSym' (STIXSizFiveSymReg.ttf) normal normal 400 normal>) = 10.05
[11/17 00:21:50][DEBUG] font_manager.py: 1346: findfont: score(<Font 'DejaVu Serif Display' (DejaVuSerifDisplay.ttf) normal normal 400 normal>) = 10.05
[11/17 00:21:50][DEBUG] font_manager.py: 1346: findfont: score(<Font 'DejaVu Serif' (DejaVuSerif-BoldItalic.ttf) italic normal 700 normal>) = 11.335
[11/17 00:21:50][DEBUG] font_manager.py: 1346: findfont: score(<Font 'DejaVu Serif' (DejaVuSerif.ttf) normal normal 400 normal>) = 10.05
[11/17 00:21:50][DEBUG] font_manager.py: 1346: findfont: score(<Font 'STIXGeneral' (STIXGeneralBol.ttf) normal normal 700 normal>) = 10.335
[11/17 00:21:50][DEBUG] font_manager.py: 1346: findfont: score(<Font 'DejaVu Sans Display' (DejaVuSansDisplay.ttf) normal normal 400 normal>) = 10.05
[11/17 00:21:50][DEBUG] font_manager.py: 1346: findfont: score(<Font 'STIXSizeThreeSym' (STIXSizThreeSymBol.ttf) normal normal 700 normal>) = 10.335
[11/17 00:21:50][DEBUG] font_manager.py: 1346: findfont: score(<Font 'DejaVu Sans Mono' (DejaVuSansMono.ttf) normal normal 400 normal>) = 10.05
[11/17 00:21:50][DEBUG] font_manager.py: 1346: findfont: score(<Font 'STIXNonUnicode' (STIXNonUni.ttf) normal normal 400 normal>) = 10.05
[11/17 00:21:50][DEBUG] font_manager.py: 1346: findfont: score(<Font 'STIXGeneral' (STIXGeneralItalic.ttf) italic normal 400 normal>) = 11.05
[11/17 00:21:50][DEBUG] font_manager.py: 1346: findfont: score(<Font 'DejaVu Serif' (DejaVuSerif-Italic.ttf) italic normal 400 normal>) = 11.05
[11/17 00:21:50][DEBUG] font_manager.py: 1346: findfont: score(<Font 'DejaVu Sans Mono' (DejaVuSansMono-BoldOblique.ttf) oblique normal 700 normal>) = 11.335
[11/17 00:21:50][DEBUG] font_manager.py: 1346: findfont: score(<Font 'STIXSizeFourSym' (STIXSizFourSymReg.ttf) normal normal 400 normal>) = 10.05
[11/17 00:21:50][DEBUG] font_manager.py: 1346: findfont: score(<Font 'DejaVu Serif' (DejaVuSerif-Bold.ttf) normal normal 700 normal>) = 10.335
[11/17 00:21:50][DEBUG] font_manager.py: 1346: findfont: score(<Font 'STIXNonUnicode' (STIXNonUniBol.ttf) normal normal 700 normal>) = 10.335
[11/17 00:21:50][DEBUG] font_manager.py: 1346: findfont: score(<Font 'STIXSizeOneSym' (STIXSizOneSymReg.ttf) normal normal 400 normal>) = 10.05
[11/17 00:21:50][DEBUG] font_manager.py: 1346: findfont: score(<Font 'Tlwg Mono' (TlwgMono-BoldOblique.ttf) oblique normal 700 normal>) = 11.335
[11/17 00:21:50][DEBUG] font_manager.py: 1346: findfont: score(<Font 'KacstDigital' (KacstDigital.ttf) normal normal 500 normal>) = 10.145
[11/17 00:21:50][DEBUG] font_manager.py: 1346: findfont: score(<Font 'DejaVu Serif' (DejaVuSerif.ttf) normal normal 400 normal>) = 10.05
[11/17 00:21:50][DEBUG] font_manager.py: 1346: findfont: score(<Font 'DejaVu Sans' (DejaVuSans-ExtraLight.ttf) normal normal 200 normal>) = 2.24
[11/17 00:21:50][DEBUG] font_manager.py: 1346: findfont: score(<Font 'Noto Sans CJK JP' (NotoSansCJK-Thin.ttc) normal normal 250 normal>) = 10.1925
[11/17 00:21:50][DEBUG] font_manager.py: 1346: findfont: score(<Font 'Umpush' (Umpush-Oblique.ttf) oblique normal 400 normal>) = 11.05
[11/17 00:21:50][DEBUG] font_manager.py: 1346: findfont: score(<Font 'Ubuntu Mono' (UbuntuMono-R.ttf) normal normal 400 normal>) = 10.05
[11/17 00:21:50][DEBUG] font_manager.py: 1346: findfont: score(<Font 'KacstNaskh' (KacstNaskh.ttf) normal normal 500 normal>) = 10.145
[11/17 00:21:50][DEBUG] font_manager.py: 1346: findfont: score(<Font 'DejaVu Sans' (DejaVuSansCondensed-BoldOblique.ttf) oblique normal 700 condensed>) = 3.535
[11/17 00:21:50][DEBUG] font_manager.py: 1346: findfont: score(<Font 'Ubuntu' (Ubuntu-L.ttf) normal normal 300 normal>) = 10.145
[11/17 00:21:50][DEBUG] font_manager.py: 1346: findfont: score(<Font 'Ubuntu Mono' (UbuntuMono-RI.ttf) italic normal 400 normal>) = 11.05
[11/17 00:21:50][DEBUG] font_manager.py: 1346: findfont: score(<Font 'Liberation Serif' (LiberationSerif-Bold.ttf) normal normal 700 normal>) = 10.335
[11/17 00:21:50][DEBUG] font_manager.py: 1346: findfont: score(<Font 'Norasi' (Norasi-BoldOblique.ttf) oblique normal 700 normal>) = 11.335
[11/17 00:21:50][DEBUG] font_manager.py: 1346: findfont: score(<Font 'FreeSerif' (FreeSerif.ttf) normal normal 400 normal>) = 10.05
[11/17 00:21:50][DEBUG] font_manager.py: 1346: findfont: score(<Font 'DejaVu Sans' (DejaVuSansCondensed-Oblique.ttf) oblique normal 400 condensed>) = 3.25
[11/17 00:21:50][DEBUG] font_manager.py: 1346: findfont: score(<Font 'STIXVariants' (STIXVariants-Bold.otf) normal normal 700 normal>) = 10.335
[11/17 00:21:50][DEBUG] font_manager.py: 1346: findfont: score(<Font 'TakaoPGothic' (fonts-japanese-gothic.ttf) normal normal 400 normal>) = 10.05
[11/17 00:21:50][DEBUG] font_manager.py: 1346: findfont: score(<Font 'Tlwg Typo' (TlwgTypo.ttf) normal normal 500 normal>) = 10.145
[11/17 00:21:50][DEBUG] font_manager.py: 1346: findfont: score(<Font 'STIXSizeOneSym' (STIXSizeOneSym-Regular.otf) normal normal 400 normal>) = 10.05
[11/17 00:21:50][DEBUG] font_manager.py: 1346: findfont: score(<Font 'Tlwg Typo' (TlwgTypo-BoldOblique.ttf) oblique normal 700 normal>) = 11.335
[11/17 00:21:50][DEBUG] font_manager.py: 1346: findfont: score(<Font 'DejaVu Sans Mono' (DejaVuSansMono.ttf) normal normal 400 normal>) = 10.05
[11/17 00:21:50][DEBUG] font_manager.py: 1346: findfont: score(<Font 'KacstOne' (KacstOne-Bold.ttf) normal normal 700 normal>) = 10.335
[11/17 00:21:50][DEBUG] font_manager.py: 1346: findfont: score(<Font 'Waree' (Waree-Oblique.ttf) oblique normal 400 normal>) = 11.05
[11/17 00:21:50][DEBUG] font_manager.py: 1346: findfont: score(<Font 'DejaVu Sans' (DejaVuSans-BoldOblique.ttf) oblique normal 700 normal>) = 3.335
[11/17 00:21:50][DEBUG] font_manager.py: 1346: findfont: score(<Font 'Ubuntu' (Ubuntu-RI.ttf) italic normal 400 normal>) = 11.05
[11/17 00:21:50][DEBUG] font_manager.py: 1346: findfont: score(<Font 'STIXSizeFiveSym' (STIXSizeFiveSym-Regular.otf) normal normal 400 normal>) = 10.05
[11/17 00:21:50][DEBUG] font_manager.py: 1346: findfont: score(<Font 'DejaVu Sans' (DejaVuSansCondensed-Bold.ttf) normal normal 700 condensed>) = 2.535
[11/17 00:21:50][DEBUG] font_manager.py: 1346: findfont: score(<Font 'Liberation Sans Narrow' (LiberationSansNarrow-BoldItalic.ttf) italic normal 700 condensed>) = 11.535
[11/17 00:21:50][DEBUG] font_manager.py: 1346: findfont: score(<Font 'FreeSerif' (FreeSerifItalic.ttf) italic normal 400 normal>) = 11.05
[11/17 00:21:50][DEBUG] font_manager.py: 1346: findfont: score(<Font 'Sawasdee' (Sawasdee-Bold.ttf) normal normal 700 normal>) = 10.335
[11/17 00:21:50][DEBUG] font_manager.py: 1346: findfont: score(<Font 'DejaVu Serif' (DejaVuSerif-BoldItalic.ttf) italic normal 700 normal>) = 11.335
[11/17 00:21:50][DEBUG] font_manager.py: 1346: findfont: score(<Font 'Kinnari' (Kinnari-BoldOblique.ttf) oblique normal 700 normal>) = 11.335
[11/17 00:21:50][DEBUG] font_manager.py: 1346: findfont: score(<Font 'Kinnari' (Kinnari-Italic.ttf) italic normal 500 normal>) = 11.145
[11/17 00:21:50][DEBUG] font_manager.py: 1346: findfont: score(<Font 'Norasi' (Norasi-BoldItalic.ttf) italic normal 700 normal>) = 11.335
[11/17 00:21:50][DEBUG] font_manager.py: 1346: findfont: score(<Font 'Tlwg Typewriter' (TlwgTypewriter-BoldOblique.ttf) oblique normal 700 normal>) = 11.335
[11/17 00:21:50][DEBUG] font_manager.py: 1346: findfont: score(<Font 'Ubuntu' (Ubuntu-LI.ttf) italic normal 300 normal>) = 11.145
[11/17 00:21:50][DEBUG] font_manager.py: 1346: findfont: score(<Font 'Umpush' (Umpush-LightOblique.ttf) oblique normal 300 normal>) = 11.145
[11/17 00:21:50][DEBUG] font_manager.py: 1346: findfont: score(<Font 'Norasi' (Norasi.ttf) normal normal 400 normal>) = 10.05
[11/17 00:21:50][DEBUG] font_manager.py: 1346: findfont: score(<Font 'Liberation Sans Narrow' (LiberationSansNarrow-Italic.ttf) italic normal 400 condensed>) = 11.25
[11/17 00:21:50][DEBUG] font_manager.py: 1346: findfont: score(<Font 'Kinnari' (Kinnari-BoldItalic.ttf) italic normal 700 normal>) = 11.335
[11/17 00:21:50][DEBUG] font_manager.py: 1346: findfont: score(<Font 'Abyssinica SIL' (AbyssinicaSIL-R.ttf) normal normal 400 normal>) = 10.05
[11/17 00:21:50][DEBUG] font_manager.py: 1346: findfont: score(<Font 'STIX' (STIX-Regular.otf) normal normal 400 normal>) = 10.05
[11/17 00:21:50][DEBUG] font_manager.py: 1346: findfont: score(<Font 'Padauk' (Padauk-bold.ttf) normal normal 700 normal>) = 10.335
[11/17 00:21:50][DEBUG] font_manager.py: 1346: findfont: score(<Font 'Umpush' (Umpush-Bold.ttf) normal normal 700 normal>) = 10.335
[11/17 00:21:50][DEBUG] font_manager.py: 1346: findfont: score(<Font 'FreeSans' (FreeSansBold.ttf) normal normal 600 normal>) = 10.24
[11/17 00:21:50][DEBUG] font_manager.py: 1346: findfont: score(<Font 'NanumMyeongjo' (NanumMyeongjo.ttf) normal normal 400 normal>) = 10.05
[11/17 00:21:50][DEBUG] font_manager.py: 1346: findfont: score(<Font 'Ubuntu' (Ubuntu-MI.ttf) italic normal 500 normal>) = 11.145
[11/17 00:21:50][DEBUG] font_manager.py: 1346: findfont: score(<Font 'Lohit Punjabi' (Lohit-Punjabi.ttf) normal normal 400 normal>) = 10.05
[11/17 00:21:50][DEBUG] font_manager.py: 1346: findfont: score(<Font 'Tlwg Typist' (TlwgTypist-Oblique.ttf) oblique normal 500 normal>) = 11.145
[11/17 00:21:50][DEBUG] font_manager.py: 1346: findfont: score(<Font 'STIXIntegralsUpD' (STIXIntegralsUpD-Bold.otf) normal normal 700 normal>) = 10.335
[11/17 00:21:50][DEBUG] font_manager.py: 1346: findfont: score(<Font 'KacstOne' (KacstOne.ttf) normal normal 400 normal>) = 10.05
[11/17 00:21:50][DEBUG] font_manager.py: 1346: findfont: score(<Font 'FreeMono' (FreeMonoBoldOblique.ttf) oblique normal 700 normal>) = 11.335
[11/17 00:21:50][DEBUG] font_manager.py: 1346: findfont: score(<Font 'STIX' (STIX-Italic.otf) italic normal 400 normal>) = 11.05
[11/17 00:21:50][DEBUG] font_manager.py: 1346: findfont: score(<Font 'Noto Sans CJK JP' (NotoSansCJK-Bold.ttc) normal normal 700 normal>) = 10.335
[11/17 00:21:50][DEBUG] font_manager.py: 1346: findfont: score(<Font 'Waree' (Waree-Bold.ttf) normal normal 700 normal>) = 10.335
[11/17 00:21:50][DEBUG] font_manager.py: 1346: findfont: score(<Font 'FreeMono' (FreeMonoOblique.ttf) oblique normal 400 normal>) = 11.05
[11/17 00:21:50][DEBUG] font_manager.py: 1346: findfont: score(<Font 'KacstFarsi' (KacstFarsi.ttf) normal normal 500 normal>) = 10.145
[11/17 00:21:50][DEBUG] font_manager.py: 1346: findfont: score(<Font 'STIXIntegralsSm' (STIXIntegralsSm-Bold.otf) normal normal 700 normal>) = 10.335
[11/17 00:21:50][DEBUG] font_manager.py: 1346: findfont: score(<Font 'Liberation Sans Narrow' (LiberationSansNarrow-Bold.ttf) normal normal 700 condensed>) = 10.535
[11/17 00:21:50][DEBUG] font_manager.py: 1346: findfont: score(<Font 'Purisa' (Purisa-BoldOblique.ttf) oblique normal 700 normal>) = 11.335
[11/17 00:21:50][DEBUG] font_manager.py: 1346: findfont: score(<Font 'DejaVu Sans' (DejaVuSans-Oblique.ttf) oblique normal 400 normal>) = 3.05
[11/17 00:21:50][DEBUG] font_manager.py: 1346: findfont: score(<Font 'Garuda' (Garuda-BoldOblique.ttf) oblique normal 700 normal>) = 11.335
[11/17 00:21:50][DEBUG] font_manager.py: 1346: findfont: score(<Font 'Liberation Mono' (LiberationMono-Bold.ttf) normal normal 700 normal>) = 10.335
[11/17 00:21:50][DEBUG] font_manager.py: 1346: findfont: score(<Font 'Garuda' (Garuda.ttf) normal normal 400 normal>) = 10.05
[11/17 00:21:50][DEBUG] font_manager.py: 1346: findfont: score(<Font 'DejaVu Serif' (DejaVuSerif-Italic.ttf) italic normal 400 normal>) = 11.05
[11/17 00:21:50][DEBUG] font_manager.py: 1346: findfont: score(<Font 'KacstTitle' (KacstTitle.ttf) normal normal 500 normal>) = 10.145
[11/17 00:21:50][DEBUG] font_manager.py: 1346: findfont: score(<Font 'STIXGeneral' (STIXGeneral-BoldItalic.otf) italic normal 700 normal>) = 11.335
[11/17 00:21:50][DEBUG] font_manager.py: 1346: findfont: score(<Font 'STIXNonUnicode' (STIXNonUnicode-BoldItalic.otf) italic normal 700 normal>) = 11.335
[11/17 00:21:50][DEBUG] font_manager.py: 1346: findfont: score(<Font 'Liberation Mono' (LiberationMono-Regular.ttf) normal normal 400 normal>) = 10.05
[11/17 00:21:50][DEBUG] font_manager.py: 1346: findfont: score(<Font 'Loma' (Loma.ttf) normal normal 400 normal>) = 10.05
[11/17 00:21:50][DEBUG] font_manager.py: 1346: findfont: score(<Font 'STIX' (STIX-BoldItalic.otf) italic normal 700 normal>) = 11.335
[11/17 00:21:50][DEBUG] font_manager.py: 1346: findfont: score(<Font 'STIXIntegralsD' (STIXIntegralsD-Regular.otf) normal normal 400 normal>) = 10.05
[11/17 00:21:50][DEBUG] font_manager.py: 1346: findfont: score(<Font 'DejaVu Serif' (DejaVuSerifCondensed-Bold.ttf) normal normal 700 condensed>) = 10.535
[11/17 00:21:50][DEBUG] font_manager.py: 1346: findfont: score(<Font 'KacstQurn' (KacstQurn.ttf) normal normal 400 normal>) = 10.05
[11/17 00:21:50][DEBUG] font_manager.py: 1346: findfont: score(<Font 'DejaVu Sans' (DejaVuSans.ttf) normal normal 400 normal>) = 2.05
[11/17 00:21:50][DEBUG] font_manager.py: 1346: findfont: score(<Font 'NanumMyeongjo' (NanumMyeongjoBold.ttf) normal normal 600 normal>) = 10.24
[11/17 00:21:50][DEBUG] font_manager.py: 1346: findfont: score(<Font 'Tlwg Mono' (TlwgMono-Bold.ttf) normal normal 700 normal>) = 10.335
[11/17 00:21:50][DEBUG] font_manager.py: 1346: findfont: score(<Font 'STIX' (STIX-Bold.otf) normal normal 700 normal>) = 10.335
[11/17 00:21:50][DEBUG] font_manager.py: 1346: findfont: score(<Font 'Tlwg Typo' (TlwgTypo-Bold.ttf) normal normal 700 normal>) = 10.335
[11/17 00:21:50][DEBUG] font_manager.py: 1346: findfont: score(<Font 'Noto Sans CJK JP' (NotoSansCJK-DemiLight.ttc) normal normal 350 normal>) = 10.0975
[11/17 00:21:50][DEBUG] font_manager.py: 1346: findfont: score(<Font 'STIXIntegralsD' (STIXIntegralsD-Bold.otf) normal normal 700 normal>) = 10.335
[11/17 00:21:50][DEBUG] font_manager.py: 1346: findfont: score(<Font 'Kinnari' (Kinnari-Bold.ttf) normal normal 700 normal>) = 10.335
[11/17 00:21:50][DEBUG] font_manager.py: 1346: findfont: score(<Font 'DejaVu Serif' (DejaVuSerifCondensed-BoldItalic.ttf) italic normal 700 condensed>) = 11.535
[11/17 00:21:50][DEBUG] font_manager.py: 1346: findfont: score(<Font 'Laksaman' (Laksaman-BoldItalic.ttf) italic normal 700 normal>) = 11.335
[11/17 00:21:50][DEBUG] font_manager.py: 1346: findfont: score(<Font 'KacstTitleL' (KacstTitleL.ttf) normal normal 400 normal>) = 10.05
[11/17 00:21:50][DEBUG] font_manager.py: 1346: findfont: score(<Font 'Norasi' (Norasi-Oblique.ttf) oblique normal 400 normal>) = 11.05
[11/17 00:21:50][DEBUG] font_manager.py: 1346: findfont: score(<Font 'Noto Sans CJK JP' (NotoSansCJK-Black.ttc) normal normal 900 normal>) = 10.525
[11/17 00:21:50][DEBUG] font_manager.py: 1346: findfont: score(<Font 'Liberation Sans' (LiberationSans-Bold.ttf) normal normal 700 normal>) = 4.335
[11/17 00:21:50][DEBUG] font_manager.py: 1346: findfont: score(<Font 'Liberation Serif' (LiberationSerif-Italic.ttf) italic normal 400 normal>) = 11.05
[11/17 00:21:50][DEBUG] font_manager.py: 1346: findfont: score(<Font 'STIXNonUnicode' (STIXNonUnicode-Bold.otf) normal normal 700 normal>) = 10.335
[11/17 00:21:50][DEBUG] font_manager.py: 1346: findfont: score(<Font 'Laksaman' (Laksaman-Bold.ttf) normal normal 700 normal>) = 10.335
[11/17 00:21:50][DEBUG] font_manager.py: 1346: findfont: score(<Font 'Liberation Serif' (LiberationSerif-BoldItalic.ttf) italic normal 700 normal>) = 11.335
[11/17 00:21:50][DEBUG] font_manager.py: 1346: findfont: score(<Font 'KacstPen' (KacstPen.ttf) normal normal 500 normal>) = 10.145
[11/17 00:21:50][DEBUG] font_manager.py: 1346: findfont: score(<Font 'STIXIntegralsUpSm' (STIXIntegralsUpSm-Bold.otf) normal normal 700 normal>) = 10.335
[11/17 00:21:50][DEBUG] font_manager.py: 1346: findfont: score(<Font 'DejaVu Sans Mono' (DejaVuSansMono-BoldOblique.ttf) oblique normal 700 normal>) = 11.335
[11/17 00:21:50][DEBUG] font_manager.py: 1346: findfont: score(<Font 'Loma' (Loma-Oblique.ttf) oblique normal 400 normal>) = 11.05
[11/17 00:21:50][DEBUG] font_manager.py: 1346: findfont: score(<Font 'Loma' (Loma-Bold.ttf) normal normal 700 normal>) = 10.335
[11/17 00:21:50][DEBUG] font_manager.py: 1346: findfont: score(<Font 'Tlwg Typist' (TlwgTypist.ttf) normal normal 500 normal>) = 10.145
[11/17 00:21:50][DEBUG] font_manager.py: 1346: findfont: score(<Font 'Ubuntu' (Ubuntu-BI.ttf) italic normal 700 normal>) = 11.335
[11/17 00:21:50][DEBUG] font_manager.py: 1346: findfont: score(<Font 'Kinnari' (Kinnari.ttf) normal normal 500 normal>) = 10.145
[11/17 00:21:50][DEBUG] font_manager.py: 1346: findfont: score(<Font 'Umpush' (Umpush-BoldOblique.ttf) oblique normal 700 normal>) = 11.335
[11/17 00:21:50][DEBUG] font_manager.py: 1346: findfont: score(<Font 'Ubuntu Mono' (UbuntuMono-BI.ttf) italic normal 700 normal>) = 11.335
[11/17 00:21:50][DEBUG] font_manager.py: 1346: findfont: score(<Font 'NanumBarunGothic' (NanumBarunGothic.ttf) normal normal 400 normal>) = 10.05
[11/17 00:21:50][DEBUG] font_manager.py: 1346: findfont: score(<Font 'DejaVu Sans' (DejaVuSansCondensed.ttf) normal normal 400 condensed>) = 2.25
[11/17 00:21:50][DEBUG] font_manager.py: 1346: findfont: score(<Font 'Liberation Sans' (LiberationSans-BoldItalic.ttf) italic normal 700 normal>) = 5.335
[11/17 00:21:50][DEBUG] font_manager.py: 1346: findfont: score(<Font 'Symbola' (Symbola_hint.ttf) normal normal 400 normal>) = 10.05
[11/17 00:21:50][DEBUG] font_manager.py: 1346: findfont: score(<Font 'NanumBarunGothic' (NanumBarunGothicBold.ttf) normal normal 600 normal>) = 10.24
[11/17 00:21:50][DEBUG] font_manager.py: 1346: findfont: score(<Font 'Tlwg Mono' (TlwgMono.ttf) normal normal 500 normal>) = 10.145
[11/17 00:21:50][DEBUG] font_manager.py: 1346: findfont: score(<Font 'Umpush' (Umpush.ttf) normal normal 400 normal>) = 10.05
[11/17 00:21:50][DEBUG] font_manager.py: 1346: findfont: score(<Font 'OpenSymbol' (opens___.ttf) normal normal 400 normal>) = 10.05
[11/17 00:21:50][DEBUG] font_manager.py: 1346: findfont: score(<Font 'FreeSerif' (FreeSerifBold.ttf) normal normal 700 normal>) = 10.335
[11/17 00:21:50][DEBUG] font_manager.py: 1346: findfont: score(<Font 'Waree' (Waree.ttf) normal normal 400 normal>) = 10.05
[11/17 00:21:50][DEBUG] font_manager.py: 1346: findfont: score(<Font 'KacstBook' (KacstBook.ttf) normal normal 500 normal>) = 10.145
[11/17 00:21:50][DEBUG] font_manager.py: 1346: findfont: score(<Font 'STIXSizeFourSym' (STIXSizeFourSym-Bold.otf) normal normal 700 normal>) = 10.335
[11/17 00:21:50][DEBUG] font_manager.py: 1346: findfont: score(<Font 'NanumGothic' (NanumGothic.ttf) normal normal 400 normal>) = 10.05
[11/17 00:21:50][DEBUG] font_manager.py: 1346: findfont: score(<Font 'Liberation Sans' (LiberationSans-Regular.ttf) normal normal 400 normal>) = 4.05
[11/17 00:21:50][DEBUG] font_manager.py: 1346: findfont: score(<Font 'STIXSizeTwoSym' (STIXSizeTwoSym-Bold.otf) normal normal 700 normal>) = 10.335
[11/17 00:21:50][DEBUG] font_manager.py: 1346: findfont: score(<Font 'Liberation Mono' (LiberationMono-BoldItalic.ttf) italic normal 700 normal>) = 11.335
[11/17 00:21:50][DEBUG] font_manager.py: 1346: findfont: score(<Font 'STIXIntegralsUp' (STIXIntegralsUp-Regular.otf) normal normal 400 normal>) = 10.05
[11/17 00:21:50][DEBUG] font_manager.py: 1346: findfont: score(<Font 'Khmer OS' (KhmerOS.ttf) normal normal 400 normal>) = 10.05
[11/17 00:21:50][DEBUG] font_manager.py: 1346: findfont: score(<Font 'STIXSizeThreeSym' (STIXSizeThreeSym-Bold.otf) normal normal 700 normal>) = 10.335
[11/17 00:21:50][DEBUG] font_manager.py: 1346: findfont: score(<Font 'STIX Math' (STIXMath-Regular.otf) normal normal 400 normal>) = 10.05
[11/17 00:21:50][DEBUG] font_manager.py: 1346: findfont: score(<Font 'LKLUG' (lklug.ttf) normal normal 400 normal>) = 10.05
[11/17 00:21:50][DEBUG] font_manager.py: 1346: findfont: score(<Font 'Norasi' (Norasi-Bold.ttf) normal normal 700 normal>) = 10.335
[11/17 00:21:50][DEBUG] font_manager.py: 1346: findfont: score(<Font 'DejaVu Serif' (DejaVuSerifCondensed.ttf) normal normal 400 condensed>) = 10.25
[11/17 00:21:50][DEBUG] font_manager.py: 1346: findfont: score(<Font 'Sawasdee' (Sawasdee.ttf) normal normal 400 normal>) = 10.05
[11/17 00:21:50][DEBUG] font_manager.py: 1346: findfont: score(<Font 'STIXSizeThreeSym' (STIXSizeThreeSym-Regular.otf) normal normal 400 normal>) = 10.05
[11/17 00:21:50][DEBUG] font_manager.py: 1346: findfont: score(<Font 'Kinnari' (Kinnari-Oblique.ttf) oblique normal 500 normal>) = 11.145
[11/17 00:21:50][DEBUG] font_manager.py: 1346: findfont: score(<Font 'Purisa' (Purisa-Oblique.ttf) oblique normal 400 normal>) = 11.05
[11/17 00:21:50][DEBUG] font_manager.py: 1346: findfont: score(<Font 'Tlwg Typist' (TlwgTypist-Bold.ttf) normal normal 700 normal>) = 10.335
[11/17 00:21:50][DEBUG] font_manager.py: 1346: findfont: score(<Font 'FreeSans' (FreeSans.ttf) normal normal 400 normal>) = 10.05
[11/17 00:21:50][DEBUG] font_manager.py: 1346: findfont: score(<Font 'Tlwg Typo' (TlwgTypo-Oblique.ttf) oblique normal 500 normal>) = 11.145
[11/17 00:21:50][DEBUG] font_manager.py: 1346: findfont: score(<Font 'Saab' (Saab.ttf) normal normal 400 normal>) = 10.05
[11/17 00:21:50][DEBUG] font_manager.py: 1346: findfont: score(<Font 'DejaVu Sans' (DejaVuSans-Bold.ttf) normal normal 700 normal>) = 2.335
[11/17 00:21:50][DEBUG] font_manager.py: 1346: findfont: score(<Font 'Phetsarath OT' (Phetsarath_OT.ttf) normal normal 400 normal>) = 10.05
[11/17 00:21:50][DEBUG] font_manager.py: 1346: findfont: score(<Font 'NanumGothic' (NanumGothicBold.ttf) normal normal 600 normal>) = 10.24
[11/17 00:21:50][DEBUG] font_manager.py: 1346: findfont: score(<Font 'STIXIntegralsUpD' (STIXIntegralsUpD-Regular.otf) normal normal 400 normal>) = 10.05
[11/17 00:21:50][DEBUG] font_manager.py: 1346: findfont: score(<Font 'Sawasdee' (Sawasdee-BoldOblique.ttf) oblique normal 700 normal>) = 11.335
[11/17 00:21:50][DEBUG] font_manager.py: 1346: findfont: score(<Font 'Waree' (Waree-BoldOblique.ttf) oblique normal 700 normal>) = 11.335
[11/17 00:21:50][DEBUG] font_manager.py: 1346: findfont: score(<Font 'Tlwg Typist' (TlwgTypist-BoldOblique.ttf) oblique normal 700 normal>) = 11.335
[11/17 00:21:50][DEBUG] font_manager.py: 1346: findfont: score(<Font 'KacstLetter' (KacstLetter.ttf) normal normal 500 normal>) = 10.145
[11/17 00:21:50][DEBUG] font_manager.py: 1346: findfont: score(<Font 'KacstPoster' (KacstPoster.ttf) normal normal 500 normal>) = 10.145
[11/17 00:21:50][DEBUG] font_manager.py: 1346: findfont: score(<Font 'STIXSizeTwoSym' (STIXSizeTwoSym-Regular.otf) normal normal 400 normal>) = 10.05
[11/17 00:21:50][DEBUG] font_manager.py: 1346: findfont: score(<Font 'STIXGeneral' (STIXGeneral-Regular.otf) normal normal 400 normal>) = 10.05
[11/17 00:21:50][DEBUG] font_manager.py: 1346: findfont: score(<Font 'Laksaman' (Laksaman.ttf) normal normal 400 normal>) = 10.05
[11/17 00:21:50][DEBUG] font_manager.py: 1346: findfont: score(<Font 'Liberation Mono' (LiberationMono-Italic.ttf) italic normal 400 normal>) = 11.05
[11/17 00:21:50][DEBUG] font_manager.py: 1346: findfont: score(<Font 'FreeMono' (FreeMono.ttf) normal normal 400 normal>) = 10.05
[11/17 00:21:50][DEBUG] font_manager.py: 1346: findfont: score(<Font 'Laksaman' (Laksaman-Italic.ttf) italic normal 400 normal>) = 11.05
[11/17 00:21:50][DEBUG] font_manager.py: 1346: findfont: score(<Font 'Khmer OS System' (KhmerOSsys.ttf) normal normal 400 normal>) = 10.05
[11/17 00:21:50][DEBUG] font_manager.py: 1346: findfont: score(<Font 'Ubuntu' (Ubuntu-M.ttf) normal normal 500 normal>) = 10.145
[11/17 00:21:50][DEBUG] font_manager.py: 1346: findfont: score(<Font 'Ubuntu' (Ubuntu-R.ttf) normal normal 400 normal>) = 10.05
[11/17 00:21:50][DEBUG] font_manager.py: 1346: findfont: score(<Font 'STIXGeneral' (STIXGeneral-Italic.otf) italic normal 400 normal>) = 11.05
[11/17 00:21:50][DEBUG] font_manager.py: 1346: findfont: score(<Font 'DejaVu Serif' (DejaVuSerifCondensed-Italic.ttf) italic normal 400 condensed>) = 11.25
[11/17 00:21:50][DEBUG] font_manager.py: 1346: findfont: score(<Font 'STIXIntegralsUp' (STIXIntegralsUp-Bold.otf) normal normal 700 normal>) = 10.335
[11/17 00:21:50][DEBUG] font_manager.py: 1346: findfont: score(<Font 'Sawasdee' (Sawasdee-Oblique.ttf) oblique normal 400 normal>) = 11.05
[11/17 00:21:50][DEBUG] font_manager.py: 1346: findfont: score(<Font 'Purisa' (Purisa-Bold.ttf) normal normal 700 normal>) = 10.335
[11/17 00:21:50][DEBUG] font_manager.py: 1346: findfont: score(<Font 'Liberation Sans' (LiberationSans-Italic.ttf) italic normal 400 normal>) = 5.05
[11/17 00:21:50][DEBUG] font_manager.py: 1346: findfont: score(<Font 'mry_KacstQurn' (mry_KacstQurn.ttf) normal normal 400 normal>) = 10.05
[11/17 00:21:50][DEBUG] font_manager.py: 1346: findfont: score(<Font 'Garuda' (Garuda-Oblique.ttf) oblique normal 400 normal>) = 11.05
[11/17 00:21:50][DEBUG] font_manager.py: 1346: findfont: score(<Font 'Tlwg Mono' (TlwgMono-Oblique.ttf) oblique normal 400 normal>) = 11.05
[11/17 00:21:50][DEBUG] font_manager.py: 1346: findfont: score(<Font 'Tibetan Machine Uni' (TibetanMachineUni.ttf) normal normal 400 normal>) = 10.05
[11/17 00:21:50][DEBUG] font_manager.py: 1346: findfont: score(<Font 'Liberation Serif' (LiberationSerif-Regular.ttf) normal normal 400 normal>) = 10.05
[11/17 00:21:50][DEBUG] font_manager.py: 1346: findfont: score(<Font 'Noto Sans CJK JP' (NotoSansCJK-Medium.ttc) normal normal 500 normal>) = 10.145
[11/17 00:21:50][DEBUG] font_manager.py: 1346: findfont: score(<Font 'Umpush' (Umpush-Light.ttf) normal normal 300 normal>) = 10.145
[11/17 00:21:50][DEBUG] font_manager.py: 1346: findfont: score(<Font 'Loma' (Loma-BoldOblique.ttf) oblique normal 700 normal>) = 11.335
[11/17 00:21:50][DEBUG] font_manager.py: 1346: findfont: score(<Font 'Noto Sans CJK JP' (NotoSansCJK-Light.ttc) normal normal 300 normal>) = 10.145
[11/17 00:21:50][DEBUG] font_manager.py: 1346: findfont: score(<Font 'STIXNonUnicode' (STIXNonUnicode-Regular.otf) normal normal 400 normal>) = 10.05
[11/17 00:21:50][DEBUG] font_manager.py: 1346: findfont: score(<Font 'Tlwg Typewriter' (TlwgTypewriter-Oblique.ttf) oblique normal 400 normal>) = 11.05
[11/17 00:21:50][DEBUG] font_manager.py: 1346: findfont: score(<Font 'Padauk' (Padauk.ttf) normal normal 400 normal>) = 10.05
[11/17 00:21:50][DEBUG] font_manager.py: 1346: findfont: score(<Font 'Norasi' (Norasi-Italic.ttf) italic normal 400 normal>) = 11.05
[11/17 00:21:50][DEBUG] font_manager.py: 1346: findfont: score(<Font 'Padauk Book' (Padauk-book.ttf) normal normal 400 normal>) = 10.05
[11/17 00:21:50][DEBUG] font_manager.py: 1346: findfont: score(<Font 'KacstScreen' (KacstScreen.ttf) normal normal 500 normal>) = 10.145
[11/17 00:21:50][DEBUG] font_manager.py: 1346: findfont: score(<Font 'TakaoPGothic' (TakaoPGothic.ttf) normal normal 400 normal>) = 10.05
[11/17 00:21:50][DEBUG] font_manager.py: 1346: findfont: score(<Font 'STIXVariants' (STIXVariants-Regular.otf) normal normal 400 normal>) = 10.05
[11/17 00:21:50][DEBUG] font_manager.py: 1346: findfont: score(<Font 'Ubuntu' (Ubuntu-B.ttf) normal normal 700 normal>) = 10.335
[11/17 00:21:50][DEBUG] font_manager.py: 1346: findfont: score(<Font 'Tlwg Typewriter' (TlwgTypewriter.ttf) normal normal 500 normal>) = 10.145
[11/17 00:21:50][DEBUG] font_manager.py: 1346: findfont: score(<Font 'DejaVu Serif' (DejaVuSerif-Bold.ttf) normal normal 700 normal>) = 10.335
[11/17 00:21:50][DEBUG] font_manager.py: 1346: findfont: score(<Font 'Ubuntu Mono' (UbuntuMono-B.ttf) normal normal 700 normal>) = 10.335
[11/17 00:21:50][DEBUG] font_manager.py: 1346: findfont: score(<Font 'KacstOffice' (KacstOffice.ttf) normal normal 500 normal>) = 10.145
[11/17 00:21:50][DEBUG] font_manager.py: 1346: findfont: score(<Font 'FreeMono' (FreeMonoBold.ttf) normal normal 700 normal>) = 10.335
[11/17 00:21:50][DEBUG] font_manager.py: 1346: findfont: score(<Font 'STIXSizeOneSym' (STIXSizeOneSym-Bold.otf) normal normal 700 normal>) = 10.335
[11/17 00:21:50][DEBUG] font_manager.py: 1346: findfont: score(<Font 'STIXIntegralsUpSm' (STIXIntegralsUpSm-Regular.otf) normal normal 400 normal>) = 10.05
[11/17 00:21:50][DEBUG] font_manager.py: 1346: findfont: score(<Font 'STIXIntegralsSm' (STIXIntegralsSm-Regular.otf) normal normal 400 normal>) = 10.05
[11/17 00:21:50][DEBUG] font_manager.py: 1346: findfont: score(<Font 'FreeSerif' (FreeSerifBoldItalic.ttf) italic normal 700 normal>) = 11.335
[11/17 00:21:50][DEBUG] font_manager.py: 1346: findfont: score(<Font 'Ubuntu Condensed' (Ubuntu-C.ttf) normal normal 400 condensed>) = 10.25
[11/17 00:21:50][DEBUG] font_manager.py: 1346: findfont: score(<Font 'KacstDecorative' (KacstDecorative.ttf) normal normal 500 normal>) = 10.145
[11/17 00:21:50][DEBUG] font_manager.py: 1346: findfont: score(<Font 'Garuda' (Garuda-Bold.ttf) normal normal 700 normal>) = 10.335
[11/17 00:21:50][DEBUG] font_manager.py: 1346: findfont: score(<Font 'STIXSizeFourSym' (STIXSizeFourSym-Regular.otf) normal normal 400 normal>) = 10.05
[11/17 00:21:50][DEBUG] font_manager.py: 1346: findfont: score(<Font 'STIXGeneral' (STIXGeneral-Bold.otf) normal normal 700 normal>) = 10.335
[11/17 00:21:50][DEBUG] font_manager.py: 1346: findfont: score(<Font 'KacstArt' (KacstArt.ttf) normal normal 500 normal>) = 10.145
[11/17 00:21:50][DEBUG] font_manager.py: 1346: findfont: score(<Font 'DejaVu Sans Mono' (DejaVuSansMono-Bold.ttf) normal normal 700 normal>) = 10.335
[11/17 00:21:50][DEBUG] font_manager.py: 1346: findfont: score(<Font 'Liberation Sans Narrow' (LiberationSansNarrow-Regular.ttf) normal normal 400 condensed>) = 10.25
[11/17 00:21:50][DEBUG] font_manager.py: 1346: findfont: score(<Font 'Purisa' (Purisa.ttf) normal normal 400 normal>) = 10.05
[11/17 00:21:50][DEBUG] font_manager.py: 1346: findfont: score(<Font 'DejaVu Sans Mono' (DejaVuSansMono-Oblique.ttf) oblique normal 400 normal>) = 11.05
[11/17 00:21:50][DEBUG] font_manager.py: 1346: findfont: score(<Font 'Tlwg Typewriter' (TlwgTypewriter-Bold.ttf) normal normal 700 normal>) = 10.335
[11/17 00:21:50][DEBUG] font_manager.py: 1346: findfont: score(<Font 'FreeSans' (FreeSansBoldOblique.ttf) oblique normal 600 normal>) = 11.24
[11/17 00:21:50][DEBUG] font_manager.py: 1346: findfont: score(<Font 'STIXNonUnicode' (STIXNonUnicode-Italic.otf) italic normal 400 normal>) = 11.05
[11/17 00:21:50][DEBUG] font_manager.py: 1346: findfont: score(<Font 'Padauk Book' (Padauk-bookbold.ttf) normal normal 700 normal>) = 10.335
[11/17 00:21:50][DEBUG] font_manager.py: 1346: findfont: score(<Font 'FreeSans' (FreeSansOblique.ttf) oblique normal 400 normal>) = 11.05
[11/17 00:21:50][DEBUG] font_manager.py: 1346: findfont: score(<Font 'Noto Sans CJK JP' (NotoSansCJK-Regular.ttc) normal normal 400 normal>) = 10.05
[11/17 00:21:50][DEBUG] font_manager.py: 1367: findfont: Matching sans\-serif:style=normal:variant=normal:weight=normal:stretch=normal:size=16.0 to DejaVu Sans ('/opt/anaconda3/lib/python3.7/site-packages/matplotlib/mpl-data/fonts/ttf/DejaVuSans.ttf') with score of 2.050000.
[11/17 00:21:51][DEBUG] _base.py: 2646: top of axes not in the figure, so title not moved
[11/17 00:21:51][DEBUG] _base.py: 2646: top of axes not in the figure, so title not moved
