[11/10 12:20:19][INFO] run.py:  94: Train with configs:
[11/10 12:20:19][INFO] run.py:  95: 
{ AUGMENTATION      }-> False
{ BATCH_SIZE        }-> 10
{ DATA_JSON         }-> data.json
{ DATA_SEPARATOR    }-> ,
{ DECAY             }-> 0.005
{ DEVICES           }-> [0, 1]
{ EPOCHS            }-> 1500
{ FLOW              }-> DeepFlow
{ GPU               }-> 0,1
{ LABEL_DICT        }-> label_dict.json
{ LOAD              }-> False
{ LOAD_PRETRAINED   }-> model_lr_0.0005
{ LOG_DIR           }-> ./log
{ LOG_NAME          }-> log_10-11-2020_12-20
{ LR                }-> 0.0005
{ MODE              }-> train
{ MODEL_NAME        }-> twin
{ MODEL_TYPE        }-> twin
{ MOMENTUM          }-> 0.5
{ NESTEROV          }-> True
{ NORM              }-> normal
{ NUM_CLASSES       }-> 20
{ NUM_WORKERS       }-> 12
{ N_GPU             }-> 2
{ OUTPUT_DIR        }-> .
{ OUTPUT_FILE       }-> ./pred.txt
{ PATH_DATA         }-> /home/dhieu/MediaEval2020/sport/Sport-Video-Classification-MediaEval2020/data
{ PATH_MODEL        }-> ./twin
{ PATH_PROCESSED_DATA }-> /home/dhieu/Contest/MediaEval2020/sport/Sport-Video-Classification-MediaEval2020/data_processed
{ SAVE              }-> model_temp
{ SEED              }-> 2020
{ SIZE_DATA         }-> [100 120 120]
{ VERSION           }-> 2020
{ dtype             }-> <class 'torch.cuda.FloatTensor'>

[11/10 12:20:26][INFO] train_test.py: 134: Load model ./twin for retraining
[11/10 12:20:39][INFO] train_test.py: 137: Model from epoch 781
[11/10 12:20:39][INFO] train_test.py: 141: loss_train_ : 2.08841
[11/10 12:20:39][INFO] train_test.py: 141: acc_train_ : 0.98951
[11/10 12:20:39][INFO] train_test.py: 141: loss_val_ : 2.37471
[11/10 12:20:39][INFO] train_test.py: 141: acc_val_ : 0.710383
