[11/08 15:03:25][INFO] run.py:  96: Train with configs:
[11/08 15:03:25][INFO] run.py:  97: 
{ AUGMENTATION      }-> True
{ BATCH_SIZE        }-> 10
{ DATA_JSON         }-> data.json
{ DATA_SEPARATOR    }-> ,
{ DECAY             }-> 0.005
{ DEVICES           }-> [0, 1]
{ EPOCHS            }-> 1000
{ FLOW              }-> DeepFlow
{ GPU               }-> 0,1
{ LABEL_DICT        }-> label_dict.json
{ LOAD              }-> False
{ LOAD_PRETRAINED   }-> None
{ LOG_DIR           }-> ./log
{ LOG_NAME          }-> log_08-11-2020_15-03
{ LR                }-> 0.001
{ MODE              }-> train
{ MODEL_NAME        }-> twin
{ MODEL_TYPE        }-> twin
{ MOMENTUM          }-> 0.5
{ NESTEROV          }-> True
{ NORM              }-> normal
{ NUM_CLASSES       }-> 20
{ NUM_WORKERS       }-> 12
{ N_GPU             }-> 2
{ OUTPUT_DIR        }-> .
{ OUTPUT_FILE       }-> ./pred.txt
{ PATH_DATA         }-> /home/dhieu/MediaEval2020/sport/Sport-Video-Classification-MediaEval2020/data
{ PATH_MODEL        }-> ./twin
{ PATH_PROCESSED_DATA }-> /home/dhieu/MediaEval2020/sport/Sport-Video-Classification-MediaEval2020/data_processed
{ SAVE              }-> data_augmentation_norm_minmax_v1
{ SEED              }-> 2020
{ SIZE_DATA         }-> [100 120 120]
{ VERSION           }-> 2020
{ dtype             }-> <class 'torch.cuda.FloatTensor'>

[11/08 15:06:03][INFO] train_test.py:  67: Training: [Epoch    1] loss: 2.9959 accuracy: 0.0577 lr: 0.001000
[11/08 15:07:22][INFO] train_test.py: 102: Evaluation: [Epoch    1] loss: 2.9958 accuracy: 0.0601
[11/08 15:07:22][INFO] train_test.py: 168: Minimum of Loss_val is updated from 1000.0000 to 2.9958
[11/08 15:08:55][INFO] train_test.py:  67: Training: [Epoch    2] loss: 2.9959 accuracy: 0.0577 lr: 0.001000
[11/08 15:09:20][INFO] train_test.py: 102: Evaluation: [Epoch    2] loss: 2.9958 accuracy: 0.0765
[11/08 15:09:20][INFO] train_test.py: 168: Minimum of Loss_val is updated from 2.9958 to 2.9958
[11/08 15:11:05][INFO] train_test.py:  67: Training: [Epoch    3] loss: 2.9958 accuracy: 0.0857 lr: 0.001000
[11/08 15:11:30][INFO] train_test.py: 102: Evaluation: [Epoch    3] loss: 2.9957 accuracy: 0.0710
[11/08 15:11:30][INFO] train_test.py: 168: Minimum of Loss_val is updated from 2.9958 to 2.9957
[11/08 15:13:16][INFO] train_test.py:  67: Training: [Epoch    4] loss: 2.9958 accuracy: 0.0909 lr: 0.001000
[11/08 15:13:41][INFO] train_test.py: 102: Evaluation: [Epoch    4] loss: 2.9957 accuracy: 0.0820
[11/08 15:13:41][INFO] train_test.py: 168: Minimum of Loss_val is updated from 2.9957 to 2.9957
[11/08 15:15:27][INFO] train_test.py:  67: Training: [Epoch    5] loss: 2.9957 accuracy: 0.0909 lr: 0.001000
[11/08 15:15:52][INFO] train_test.py: 102: Evaluation: [Epoch    5] loss: 2.9957 accuracy: 0.0820
[11/08 15:15:52][INFO] train_test.py: 168: Minimum of Loss_val is updated from 2.9957 to 2.9957
[11/08 15:17:38][INFO] train_test.py:  67: Training: [Epoch    6] loss: 2.9956 accuracy: 0.0909 lr: 0.001000
[11/08 15:18:03][INFO] train_test.py: 102: Evaluation: [Epoch    6] loss: 2.9956 accuracy: 0.0820
[11/08 15:18:03][INFO] train_test.py: 168: Minimum of Loss_val is updated from 2.9957 to 2.9956
[11/08 15:19:48][INFO] train_test.py:  67: Training: [Epoch    7] loss: 2.9956 accuracy: 0.0909 lr: 0.001000
[11/08 15:20:13][INFO] train_test.py: 102: Evaluation: [Epoch    7] loss: 2.9955 accuracy: 0.0820
[11/08 15:20:13][INFO] train_test.py: 168: Minimum of Loss_val is updated from 2.9956 to 2.9955
[11/08 15:21:59][INFO] train_test.py:  67: Training: [Epoch    8] loss: 2.9955 accuracy: 0.0909 lr: 0.001000
[11/08 15:22:24][INFO] train_test.py: 102: Evaluation: [Epoch    8] loss: 2.9954 accuracy: 0.0820
[11/08 15:22:24][INFO] train_test.py: 168: Minimum of Loss_val is updated from 2.9955 to 2.9954
[11/08 15:24:10][INFO] train_test.py:  67: Training: [Epoch    9] loss: 2.9953 accuracy: 0.0909 lr: 0.001000
[11/08 15:24:35][INFO] train_test.py: 102: Evaluation: [Epoch    9] loss: 2.9953 accuracy: 0.0820
[11/08 15:24:35][INFO] train_test.py: 168: Minimum of Loss_val is updated from 2.9954 to 2.9953
[11/08 15:26:20][INFO] train_test.py:  67: Training: [Epoch   10] loss: 2.9952 accuracy: 0.0909 lr: 0.001000
[11/08 15:26:45][INFO] train_test.py: 102: Evaluation: [Epoch   10] loss: 2.9952 accuracy: 0.0820
[11/08 15:26:45][INFO] train_test.py: 168: Minimum of Loss_val is updated from 2.9953 to 2.9952
[11/08 15:28:30][INFO] train_test.py:  67: Training: [Epoch   11] loss: 2.9950 accuracy: 0.0909 lr: 0.001000
[11/08 15:28:55][INFO] train_test.py: 102: Evaluation: [Epoch   11] loss: 2.9950 accuracy: 0.0820
[11/08 15:28:55][INFO] train_test.py: 168: Minimum of Loss_val is updated from 2.9952 to 2.9950
[11/08 15:30:41][INFO] train_test.py:  67: Training: [Epoch   12] loss: 2.9947 accuracy: 0.0909 lr: 0.001000
[11/08 15:31:06][INFO] train_test.py: 102: Evaluation: [Epoch   12] loss: 2.9947 accuracy: 0.0820
[11/08 15:31:06][INFO] train_test.py: 168: Minimum of Loss_val is updated from 2.9950 to 2.9947
[11/08 15:32:51][INFO] train_test.py:  67: Training: [Epoch   13] loss: 2.9944 accuracy: 0.0927 lr: 0.001000
[11/08 15:33:16][INFO] train_test.py: 102: Evaluation: [Epoch   13] loss: 2.9943 accuracy: 0.0874
[11/08 15:33:16][INFO] train_test.py: 168: Minimum of Loss_val is updated from 2.9947 to 2.9943
[11/08 15:35:01][INFO] train_test.py:  67: Training: [Epoch   14] loss: 2.9937 accuracy: 0.0979 lr: 0.001000
[11/08 15:35:26][INFO] train_test.py: 102: Evaluation: [Epoch   14] loss: 2.9937 accuracy: 0.1038
[11/08 15:35:26][INFO] train_test.py: 168: Minimum of Loss_val is updated from 2.9943 to 2.9937
[11/08 15:37:11][INFO] train_test.py:  67: Training: [Epoch   15] loss: 2.9928 accuracy: 0.1206 lr: 0.001000
[11/08 15:37:36][INFO] train_test.py: 102: Evaluation: [Epoch   15] loss: 2.9926 accuracy: 0.1038
[11/08 15:37:36][INFO] train_test.py: 168: Minimum of Loss_val is updated from 2.9937 to 2.9926
[11/08 15:39:21][INFO] train_test.py:  67: Training: [Epoch   16] loss: 2.9911 accuracy: 0.1206 lr: 0.001000
[11/08 15:39:47][INFO] train_test.py: 102: Evaluation: [Epoch   16] loss: 2.9905 accuracy: 0.1093
[11/08 15:39:47][INFO] train_test.py: 168: Minimum of Loss_val is updated from 2.9926 to 2.9905
[11/08 15:41:30][INFO] train_test.py:  67: Training: [Epoch   17] loss: 2.9870 accuracy: 0.1049 lr: 0.001000
[11/08 15:41:56][INFO] train_test.py: 102: Evaluation: [Epoch   17] loss: 2.9847 accuracy: 0.0765
[11/08 15:41:56][INFO] train_test.py: 168: Minimum of Loss_val is updated from 2.9905 to 2.9847
[11/08 15:43:41][INFO] train_test.py:  67: Training: [Epoch   18] loss: 2.9733 accuracy: 0.0892 lr: 0.001000
[11/08 15:44:06][INFO] train_test.py: 102: Evaluation: [Epoch   18] loss: 2.9704 accuracy: 0.0765
[11/08 15:44:06][INFO] train_test.py: 168: Minimum of Loss_val is updated from 2.9847 to 2.9704
[11/08 15:45:52][INFO] train_test.py:  67: Training: [Epoch   19] loss: 2.9632 accuracy: 0.0892 lr: 0.001000
[11/08 15:46:18][INFO] train_test.py: 102: Evaluation: [Epoch   19] loss: 2.9633 accuracy: 0.0765
[11/08 15:46:18][INFO] train_test.py: 168: Minimum of Loss_val is updated from 2.9704 to 2.9633
[11/08 15:48:04][INFO] train_test.py:  67: Training: [Epoch   20] loss: 2.9525 accuracy: 0.1049 lr: 0.001000
[11/08 15:48:29][INFO] train_test.py: 102: Evaluation: [Epoch   20] loss: 2.9544 accuracy: 0.0984
[11/08 15:48:29][INFO] train_test.py: 168: Minimum of Loss_val is updated from 2.9633 to 2.9544
[11/08 15:50:16][INFO] train_test.py:  67: Training: [Epoch   21] loss: 2.9480 accuracy: 0.1119 lr: 0.001000
[11/08 15:50:41][INFO] train_test.py: 102: Evaluation: [Epoch   21] loss: 2.9514 accuracy: 0.1038
[11/08 15:50:41][INFO] train_test.py: 168: Minimum of Loss_val is updated from 2.9544 to 2.9514
[11/08 15:52:27][INFO] train_test.py:  67: Training: [Epoch   22] loss: 2.9428 accuracy: 0.1171 lr: 0.001000
[11/08 15:52:52][INFO] train_test.py: 102: Evaluation: [Epoch   22] loss: 2.9449 accuracy: 0.1202
[11/08 15:52:52][INFO] train_test.py: 168: Minimum of Loss_val is updated from 2.9514 to 2.9449
[11/08 15:54:38][INFO] train_test.py:  67: Training: [Epoch   23] loss: 2.9398 accuracy: 0.1119 lr: 0.001000
[11/08 15:55:02][INFO] train_test.py: 102: Evaluation: [Epoch   23] loss: 2.9483 accuracy: 0.1202
[11/08 15:56:34][INFO] train_test.py:  67: Training: [Epoch   24] loss: 2.9330 accuracy: 0.1381 lr: 0.001000
[11/08 15:56:59][INFO] train_test.py: 102: Evaluation: [Epoch   24] loss: 2.9444 accuracy: 0.1093
[11/08 15:56:59][INFO] train_test.py: 168: Minimum of Loss_val is updated from 2.9449 to 2.9444
[11/08 15:58:45][INFO] train_test.py:  67: Training: [Epoch   25] loss: 2.9252 accuracy: 0.1381 lr: 0.001000
[11/08 15:59:10][INFO] train_test.py: 102: Evaluation: [Epoch   25] loss: 2.9443 accuracy: 0.0984
[11/08 15:59:10][INFO] train_test.py: 168: Minimum of Loss_val is updated from 2.9444 to 2.9443
[11/08 16:00:57][INFO] train_test.py:  67: Training: [Epoch   26] loss: 2.9216 accuracy: 0.1573 lr: 0.001000
[11/08 16:01:22][INFO] train_test.py: 102: Evaluation: [Epoch   26] loss: 2.9533 accuracy: 0.1093
[11/08 16:02:54][INFO] train_test.py:  67: Training: [Epoch   27] loss: 2.9152 accuracy: 0.1469 lr: 0.001000
[11/08 16:03:19][INFO] train_test.py: 102: Evaluation: [Epoch   27] loss: 2.9789 accuracy: 0.0874
[11/08 16:04:49][INFO] train_test.py:  67: Training: [Epoch   28] loss: 2.9234 accuracy: 0.1486 lr: 0.001000
[11/08 16:05:14][INFO] train_test.py: 102: Evaluation: [Epoch   28] loss: 2.9602 accuracy: 0.1093
[11/08 16:06:46][INFO] train_test.py:  67: Training: [Epoch   29] loss: 2.9035 accuracy: 0.1818 lr: 0.001000
[11/08 16:07:12][INFO] train_test.py: 102: Evaluation: [Epoch   29] loss: 2.9197 accuracy: 0.1530
[11/08 16:07:12][INFO] train_test.py: 168: Minimum of Loss_val is updated from 2.9443 to 2.9197
[11/08 16:08:57][INFO] train_test.py:  67: Training: [Epoch   30] loss: 2.9031 accuracy: 0.1678 lr: 0.001000
[11/08 16:09:22][INFO] train_test.py: 102: Evaluation: [Epoch   30] loss: 2.9299 accuracy: 0.1311
[11/08 16:10:54][INFO] train_test.py:  67: Training: [Epoch   31] loss: 2.8894 accuracy: 0.1871 lr: 0.001000
[11/08 16:11:19][INFO] train_test.py: 102: Evaluation: [Epoch   31] loss: 2.8881 accuracy: 0.1967
[11/08 16:11:19][INFO] train_test.py: 168: Minimum of Loss_val is updated from 2.9197 to 2.8881
[11/08 16:13:05][INFO] train_test.py:  67: Training: [Epoch   32] loss: 2.8801 accuracy: 0.2010 lr: 0.001000
[11/08 16:13:30][INFO] train_test.py: 102: Evaluation: [Epoch   32] loss: 2.9249 accuracy: 0.1311
[11/08 16:15:01][INFO] train_test.py:  67: Training: [Epoch   33] loss: 2.8964 accuracy: 0.1836 lr: 0.001000
[11/08 16:15:27][INFO] train_test.py: 102: Evaluation: [Epoch   33] loss: 2.9095 accuracy: 0.1585
[11/08 16:16:59][INFO] train_test.py:  67: Training: [Epoch   34] loss: 2.8988 accuracy: 0.1731 lr: 0.001000
[11/08 16:17:24][INFO] train_test.py: 102: Evaluation: [Epoch   34] loss: 2.8732 accuracy: 0.2022
[11/08 16:17:24][INFO] train_test.py: 168: Minimum of Loss_val is updated from 2.8881 to 2.8732
[11/08 16:19:10][INFO] train_test.py:  67: Training: [Epoch   35] loss: 2.8700 accuracy: 0.2045 lr: 0.001000
[11/08 16:19:36][INFO] train_test.py: 102: Evaluation: [Epoch   35] loss: 2.8882 accuracy: 0.1803
[11/08 16:21:07][INFO] train_test.py:  67: Training: [Epoch   36] loss: 2.8775 accuracy: 0.2080 lr: 0.001000
[11/08 16:21:32][INFO] train_test.py: 102: Evaluation: [Epoch   36] loss: 2.9100 accuracy: 0.1421
[11/08 16:23:04][INFO] train_test.py:  67: Training: [Epoch   37] loss: 2.8765 accuracy: 0.1958 lr: 0.001000
[11/08 16:23:29][INFO] train_test.py: 102: Evaluation: [Epoch   37] loss: 2.8958 accuracy: 0.1639
[11/08 16:25:01][INFO] train_test.py:  67: Training: [Epoch   38] loss: 2.8639 accuracy: 0.2185 lr: 0.001000
[11/08 16:25:26][INFO] train_test.py: 102: Evaluation: [Epoch   38] loss: 2.9346 accuracy: 0.1257
[11/08 16:26:57][INFO] train_test.py:  67: Training: [Epoch   39] loss: 2.8568 accuracy: 0.2185 lr: 0.001000
[11/08 16:27:22][INFO] train_test.py: 102: Evaluation: [Epoch   39] loss: 2.9037 accuracy: 0.1639
[11/08 16:28:53][INFO] train_test.py:  67: Training: [Epoch   40] loss: 2.8642 accuracy: 0.2115 lr: 0.001000
[11/08 16:29:19][INFO] train_test.py: 102: Evaluation: [Epoch   40] loss: 2.8846 accuracy: 0.1967
[11/08 16:30:50][INFO] train_test.py:  67: Training: [Epoch   41] loss: 2.8555 accuracy: 0.2255 lr: 0.001000
[11/08 16:31:16][INFO] train_test.py: 102: Evaluation: [Epoch   41] loss: 2.8674 accuracy: 0.2077
[11/08 16:31:16][INFO] train_test.py: 168: Minimum of Loss_val is updated from 2.8732 to 2.8674
[11/08 16:33:03][INFO] train_test.py:  67: Training: [Epoch   42] loss: 2.8568 accuracy: 0.2168 lr: 0.001000
[11/08 16:33:28][INFO] train_test.py: 102: Evaluation: [Epoch   42] loss: 2.8826 accuracy: 0.1913
[11/08 16:35:00][INFO] train_test.py:  67: Training: [Epoch   43] loss: 2.8461 accuracy: 0.2413 lr: 0.001000
[11/08 16:35:25][INFO] train_test.py: 102: Evaluation: [Epoch   43] loss: 2.8891 accuracy: 0.1639
[11/08 16:36:57][INFO] train_test.py:  67: Training: [Epoch   44] loss: 2.8457 accuracy: 0.2290 lr: 0.001000
[11/08 16:37:22][INFO] train_test.py: 102: Evaluation: [Epoch   44] loss: 2.9043 accuracy: 0.1585
[11/08 16:38:54][INFO] train_test.py:  67: Training: [Epoch   45] loss: 2.8425 accuracy: 0.2238 lr: 0.001000
[11/08 16:39:19][INFO] train_test.py: 102: Evaluation: [Epoch   45] loss: 2.8954 accuracy: 0.1749
[11/08 16:40:51][INFO] train_test.py:  67: Training: [Epoch   46] loss: 2.8759 accuracy: 0.2115 lr: 0.001000
[11/08 16:41:16][INFO] train_test.py: 102: Evaluation: [Epoch   46] loss: 2.8762 accuracy: 0.2131
[11/08 16:42:48][INFO] train_test.py:  67: Training: [Epoch   47] loss: 2.8439 accuracy: 0.2343 lr: 0.001000
[11/08 16:43:13][INFO] train_test.py: 102: Evaluation: [Epoch   47] loss: 2.8665 accuracy: 0.2022
[11/08 16:43:13][INFO] train_test.py: 168: Minimum of Loss_val is updated from 2.8674 to 2.8665
[11/08 16:45:01][INFO] train_test.py:  67: Training: [Epoch   48] loss: 2.8350 accuracy: 0.2430 lr: 0.001000
[11/08 16:45:26][INFO] train_test.py: 102: Evaluation: [Epoch   48] loss: 2.8630 accuracy: 0.2131
[11/08 16:45:26][INFO] train_test.py: 168: Minimum of Loss_val is updated from 2.8665 to 2.8630
[11/08 16:47:14][INFO] train_test.py:  67: Training: [Epoch   49] loss: 2.8459 accuracy: 0.2290 lr: 0.001000
[11/08 16:47:39][INFO] train_test.py: 102: Evaluation: [Epoch   49] loss: 2.9153 accuracy: 0.1585
[11/08 16:49:11][INFO] train_test.py:  67: Training: [Epoch   50] loss: 2.8718 accuracy: 0.2028 lr: 0.001000
[11/08 16:49:36][INFO] train_test.py: 102: Evaluation: [Epoch   50] loss: 2.8972 accuracy: 0.1749
[11/08 16:51:07][INFO] train_test.py:  67: Training: [Epoch   51] loss: 2.8456 accuracy: 0.2238 lr: 0.001000
[11/08 16:51:32][INFO] train_test.py: 102: Evaluation: [Epoch   51] loss: 2.8853 accuracy: 0.1749
[11/08 16:53:04][INFO] train_test.py:  67: Training: [Epoch   52] loss: 2.8264 accuracy: 0.2552 lr: 0.001000
[11/08 16:53:30][INFO] train_test.py: 102: Evaluation: [Epoch   52] loss: 2.8441 accuracy: 0.2350
[11/08 16:53:30][INFO] train_test.py: 168: Minimum of Loss_val is updated from 2.8630 to 2.8441
[11/08 16:55:42][INFO] train_test.py:  67: Training: [Epoch   53] loss: 2.8148 accuracy: 0.2622 lr: 0.001000
[11/08 16:56:27][INFO] train_test.py: 102: Evaluation: [Epoch   53] loss: 2.9017 accuracy: 0.1694
[11/08 16:58:12][INFO] train_test.py:  67: Training: [Epoch   54] loss: 2.8284 accuracy: 0.2413 lr: 0.001000
[11/08 16:58:37][INFO] train_test.py: 102: Evaluation: [Epoch   54] loss: 2.8603 accuracy: 0.1967
[11/08 17:00:08][INFO] train_test.py:  67: Training: [Epoch   55] loss: 2.8152 accuracy: 0.2605 lr: 0.001000
[11/08 17:00:33][INFO] train_test.py: 102: Evaluation: [Epoch   55] loss: 2.8301 accuracy: 0.2514
[11/08 17:00:33][INFO] train_test.py: 168: Minimum of Loss_val is updated from 2.8441 to 2.8301
[11/08 17:02:21][INFO] train_test.py:  67: Training: [Epoch   56] loss: 2.8225 accuracy: 0.2745 lr: 0.001000
[11/08 17:02:46][INFO] train_test.py: 102: Evaluation: [Epoch   56] loss: 2.8699 accuracy: 0.2022
[11/08 17:04:18][INFO] train_test.py:  67: Training: [Epoch   57] loss: 2.8266 accuracy: 0.2552 lr: 0.001000
[11/08 17:04:44][INFO] train_test.py: 102: Evaluation: [Epoch   57] loss: 2.8748 accuracy: 0.1913
[11/08 17:06:16][INFO] train_test.py:  67: Training: [Epoch   58] loss: 2.8196 accuracy: 0.2622 lr: 0.001000
[11/08 17:06:41][INFO] train_test.py: 102: Evaluation: [Epoch   58] loss: 2.8628 accuracy: 0.2077
[11/08 17:08:13][INFO] train_test.py:  67: Training: [Epoch   59] loss: 2.8011 accuracy: 0.2797 lr: 0.001000
[11/08 17:08:38][INFO] train_test.py: 102: Evaluation: [Epoch   59] loss: 2.8466 accuracy: 0.2295
[11/08 17:10:09][INFO] train_test.py:  67: Training: [Epoch   60] loss: 2.7988 accuracy: 0.2797 lr: 0.001000
[11/08 17:10:34][INFO] train_test.py: 102: Evaluation: [Epoch   60] loss: 2.8448 accuracy: 0.2240
[11/08 17:12:05][INFO] train_test.py:  67: Training: [Epoch   61] loss: 2.8053 accuracy: 0.2727 lr: 0.001000
[11/08 17:12:30][INFO] train_test.py: 102: Evaluation: [Epoch   61] loss: 2.8316 accuracy: 0.2404
[11/08 17:14:02][INFO] train_test.py:  67: Training: [Epoch   62] loss: 2.7935 accuracy: 0.2815 lr: 0.001000
[11/08 17:14:27][INFO] train_test.py: 102: Evaluation: [Epoch   62] loss: 2.8233 accuracy: 0.2623
[11/08 17:14:27][INFO] train_test.py: 168: Minimum of Loss_val is updated from 2.8301 to 2.8233
[11/08 17:16:16][INFO] train_test.py:  67: Training: [Epoch   63] loss: 2.7998 accuracy: 0.2762 lr: 0.001000
[11/08 17:16:41][INFO] train_test.py: 102: Evaluation: [Epoch   63] loss: 2.8489 accuracy: 0.2186
[11/08 17:18:12][INFO] train_test.py:  67: Training: [Epoch   64] loss: 2.8000 accuracy: 0.2762 lr: 0.001000
[11/08 17:18:37][INFO] train_test.py: 102: Evaluation: [Epoch   64] loss: 2.8367 accuracy: 0.2295
[11/08 17:20:08][INFO] train_test.py:  67: Training: [Epoch   65] loss: 2.7878 accuracy: 0.2867 lr: 0.001000
[11/08 17:20:33][INFO] train_test.py: 102: Evaluation: [Epoch   65] loss: 2.8249 accuracy: 0.2678
[11/08 17:22:06][INFO] train_test.py:  67: Training: [Epoch   66] loss: 2.7896 accuracy: 0.2885 lr: 0.001000
[11/08 17:22:31][INFO] train_test.py: 102: Evaluation: [Epoch   66] loss: 2.8151 accuracy: 0.2568
[11/08 17:22:31][INFO] train_test.py: 168: Minimum of Loss_val is updated from 2.8233 to 2.8151
[11/08 17:24:18][INFO] train_test.py:  67: Training: [Epoch   67] loss: 2.7676 accuracy: 0.3042 lr: 0.001000
[11/08 17:24:43][INFO] train_test.py: 102: Evaluation: [Epoch   67] loss: 2.8260 accuracy: 0.2514
[11/08 17:26:15][INFO] train_test.py:  67: Training: [Epoch   68] loss: 2.7935 accuracy: 0.2780 lr: 0.001000
[11/08 17:26:40][INFO] train_test.py: 102: Evaluation: [Epoch   68] loss: 2.8846 accuracy: 0.1858
[11/08 17:28:11][INFO] train_test.py:  67: Training: [Epoch   69] loss: 2.7861 accuracy: 0.2885 lr: 0.001000
[11/08 17:28:36][INFO] train_test.py: 102: Evaluation: [Epoch   69] loss: 2.8576 accuracy: 0.1967
[11/08 17:30:07][INFO] train_test.py:  67: Training: [Epoch   70] loss: 2.7861 accuracy: 0.2955 lr: 0.001000
[11/08 17:30:32][INFO] train_test.py: 102: Evaluation: [Epoch   70] loss: 2.8496 accuracy: 0.2186
[11/08 17:32:03][INFO] train_test.py:  67: Training: [Epoch   71] loss: 2.7797 accuracy: 0.2885 lr: 0.001000
[11/08 17:32:28][INFO] train_test.py: 102: Evaluation: [Epoch   71] loss: 2.8297 accuracy: 0.2404
[11/08 17:34:00][INFO] train_test.py:  67: Training: [Epoch   72] loss: 2.7695 accuracy: 0.3129 lr: 0.001000
[11/08 17:34:25][INFO] train_test.py: 102: Evaluation: [Epoch   72] loss: 2.8309 accuracy: 0.2350
[11/08 17:35:56][INFO] train_test.py:  67: Training: [Epoch   73] loss: 2.7684 accuracy: 0.3112 lr: 0.001000
[11/08 17:36:21][INFO] train_test.py: 102: Evaluation: [Epoch   73] loss: 2.8830 accuracy: 0.1967
[11/08 17:37:52][INFO] train_test.py:  67: Training: [Epoch   74] loss: 2.7740 accuracy: 0.2902 lr: 0.001000
[11/08 17:38:17][INFO] train_test.py: 102: Evaluation: [Epoch   74] loss: 2.8197 accuracy: 0.2568
[11/08 17:39:49][INFO] train_test.py:  67: Training: [Epoch   75] loss: 2.7735 accuracy: 0.2972 lr: 0.001000
[11/08 17:40:14][INFO] train_test.py: 102: Evaluation: [Epoch   75] loss: 2.8153 accuracy: 0.2678
[11/08 17:41:45][INFO] train_test.py:  67: Training: [Epoch   76] loss: 2.7631 accuracy: 0.3199 lr: 0.001000
[11/08 17:42:11][INFO] train_test.py: 102: Evaluation: [Epoch   76] loss: 2.8524 accuracy: 0.2295
[11/08 17:43:43][INFO] train_test.py:  67: Training: [Epoch   77] loss: 2.7746 accuracy: 0.3112 lr: 0.001000
[11/08 17:44:08][INFO] train_test.py: 102: Evaluation: [Epoch   77] loss: 2.8144 accuracy: 0.2568
[11/08 17:44:08][INFO] train_test.py: 168: Minimum of Loss_val is updated from 2.8151 to 2.8144
[11/08 17:45:57][INFO] train_test.py:  67: Training: [Epoch   78] loss: 2.7508 accuracy: 0.3287 lr: 0.001000
[11/08 17:46:23][INFO] train_test.py: 102: Evaluation: [Epoch   78] loss: 2.8163 accuracy: 0.2623
[11/08 17:47:54][INFO] train_test.py:  67: Training: [Epoch   79] loss: 2.7662 accuracy: 0.3059 lr: 0.001000
[11/08 17:48:19][INFO] train_test.py: 102: Evaluation: [Epoch   79] loss: 2.8309 accuracy: 0.2514
[11/08 17:49:50][INFO] train_test.py:  67: Training: [Epoch   80] loss: 2.7565 accuracy: 0.3234 lr: 0.001000
[11/08 17:50:15][INFO] train_test.py: 102: Evaluation: [Epoch   80] loss: 2.8142 accuracy: 0.2678
[11/08 17:50:15][INFO] train_test.py: 168: Minimum of Loss_val is updated from 2.8144 to 2.8142
[11/08 17:52:04][INFO] train_test.py:  67: Training: [Epoch   81] loss: 2.7566 accuracy: 0.3182 lr: 0.001000
[11/08 17:52:29][INFO] train_test.py: 102: Evaluation: [Epoch   81] loss: 2.8012 accuracy: 0.2787
[11/08 17:52:29][INFO] train_test.py: 168: Minimum of Loss_val is updated from 2.8142 to 2.8012
[11/08 17:54:17][INFO] train_test.py:  67: Training: [Epoch   82] loss: 2.7645 accuracy: 0.3112 lr: 0.001000
[11/08 17:54:42][INFO] train_test.py: 102: Evaluation: [Epoch   82] loss: 2.8643 accuracy: 0.2186
[11/08 17:56:13][INFO] train_test.py:  67: Training: [Epoch   83] loss: 2.7604 accuracy: 0.3147 lr: 0.001000
[11/08 17:56:39][INFO] train_test.py: 102: Evaluation: [Epoch   83] loss: 2.8372 accuracy: 0.2350
[11/08 17:58:10][INFO] train_test.py:  67: Training: [Epoch   84] loss: 2.7529 accuracy: 0.3304 lr: 0.001000
[11/08 17:58:36][INFO] train_test.py: 102: Evaluation: [Epoch   84] loss: 2.7970 accuracy: 0.2896
[11/08 17:58:36][INFO] train_test.py: 168: Minimum of Loss_val is updated from 2.8012 to 2.7970
[11/08 18:00:24][INFO] train_test.py:  67: Training: [Epoch   85] loss: 2.7684 accuracy: 0.3112 lr: 0.001000
[11/08 18:00:49][INFO] train_test.py: 102: Evaluation: [Epoch   85] loss: 2.8384 accuracy: 0.2404
[11/08 18:02:21][INFO] train_test.py:  67: Training: [Epoch   86] loss: 2.7808 accuracy: 0.2972 lr: 0.001000
[11/08 18:02:46][INFO] train_test.py: 102: Evaluation: [Epoch   86] loss: 2.8105 accuracy: 0.2732
[11/08 18:04:17][INFO] train_test.py:  67: Training: [Epoch   87] loss: 2.7353 accuracy: 0.3444 lr: 0.001000
[11/08 18:04:42][INFO] train_test.py: 102: Evaluation: [Epoch   87] loss: 2.7945 accuracy: 0.2732
[11/08 18:04:42][INFO] train_test.py: 168: Minimum of Loss_val is updated from 2.7970 to 2.7945
[11/08 18:06:30][INFO] train_test.py:  67: Training: [Epoch   88] loss: 2.7323 accuracy: 0.3409 lr: 0.001000
[11/08 18:06:56][INFO] train_test.py: 102: Evaluation: [Epoch   88] loss: 2.7985 accuracy: 0.2732
[11/08 18:08:28][INFO] train_test.py:  67: Training: [Epoch   89] loss: 2.7433 accuracy: 0.3392 lr: 0.001000
[11/08 18:08:53][INFO] train_test.py: 102: Evaluation: [Epoch   89] loss: 2.7964 accuracy: 0.2732
[11/08 18:10:24][INFO] train_test.py:  67: Training: [Epoch   90] loss: 2.7518 accuracy: 0.3234 lr: 0.001000
[11/08 18:10:49][INFO] train_test.py: 102: Evaluation: [Epoch   90] loss: 2.7997 accuracy: 0.2787
[11/08 18:12:21][INFO] train_test.py:  67: Training: [Epoch   91] loss: 2.7404 accuracy: 0.3497 lr: 0.001000
[11/08 18:12:45][INFO] train_test.py: 102: Evaluation: [Epoch   91] loss: 2.8367 accuracy: 0.2459
[11/08 18:14:18][INFO] train_test.py:  67: Training: [Epoch   92] loss: 2.7398 accuracy: 0.3427 lr: 0.001000
[11/08 18:14:43][INFO] train_test.py: 102: Evaluation: [Epoch   92] loss: 2.8137 accuracy: 0.2678
[11/08 18:16:14][INFO] train_test.py:  67: Training: [Epoch   93] loss: 2.7346 accuracy: 0.3444 lr: 0.001000
[11/08 18:16:39][INFO] train_test.py: 102: Evaluation: [Epoch   93] loss: 2.7893 accuracy: 0.2842
[11/08 18:16:39][INFO] train_test.py: 168: Minimum of Loss_val is updated from 2.7945 to 2.7893
[11/08 18:18:28][INFO] train_test.py:  67: Training: [Epoch   94] loss: 2.7576 accuracy: 0.3182 lr: 0.001000
[11/08 18:18:53][INFO] train_test.py: 102: Evaluation: [Epoch   94] loss: 2.8079 accuracy: 0.2623
[11/08 18:20:25][INFO] train_test.py:  67: Training: [Epoch   95] loss: 2.7512 accuracy: 0.3252 lr: 0.001000
[11/08 18:20:50][INFO] train_test.py: 102: Evaluation: [Epoch   95] loss: 2.7956 accuracy: 0.2951
[11/08 18:22:21][INFO] train_test.py:  67: Training: [Epoch   96] loss: 2.7316 accuracy: 0.3479 lr: 0.001000
[11/08 18:22:47][INFO] train_test.py: 102: Evaluation: [Epoch   96] loss: 2.8028 accuracy: 0.2678
[11/08 18:24:18][INFO] train_test.py:  67: Training: [Epoch   97] loss: 2.7265 accuracy: 0.3514 lr: 0.001000
[11/08 18:24:43][INFO] train_test.py: 102: Evaluation: [Epoch   97] loss: 2.8347 accuracy: 0.2350
[11/08 18:26:14][INFO] train_test.py:  67: Training: [Epoch   98] loss: 2.7247 accuracy: 0.3549 lr: 0.001000
[11/08 18:26:39][INFO] train_test.py: 102: Evaluation: [Epoch   98] loss: 2.7978 accuracy: 0.2732
[11/08 18:28:10][INFO] train_test.py:  67: Training: [Epoch   99] loss: 2.7176 accuracy: 0.3619 lr: 0.001000
[11/08 18:28:35][INFO] train_test.py: 102: Evaluation: [Epoch   99] loss: 2.8061 accuracy: 0.2732
[11/08 18:30:07][INFO] train_test.py:  67: Training: [Epoch  100] loss: 2.7296 accuracy: 0.3549 lr: 0.001000
[11/08 18:30:32][INFO] train_test.py: 102: Evaluation: [Epoch  100] loss: 2.7929 accuracy: 0.2842
[11/08 18:32:04][INFO] train_test.py:  67: Training: [Epoch  101] loss: 2.7314 accuracy: 0.3497 lr: 0.001000
[11/08 18:32:29][INFO] train_test.py: 102: Evaluation: [Epoch  101] loss: 2.8248 accuracy: 0.2514
[11/08 18:34:00][INFO] train_test.py:  67: Training: [Epoch  102] loss: 2.7253 accuracy: 0.3444 lr: 0.001000
[11/08 18:34:25][INFO] train_test.py: 102: Evaluation: [Epoch  102] loss: 2.7962 accuracy: 0.2842
[11/08 18:35:57][INFO] train_test.py:  67: Training: [Epoch  103] loss: 2.7150 accuracy: 0.3706 lr: 0.001000
[11/08 18:36:22][INFO] train_test.py: 102: Evaluation: [Epoch  103] loss: 2.8037 accuracy: 0.2678
[11/08 18:37:54][INFO] train_test.py:  67: Training: [Epoch  104] loss: 2.7080 accuracy: 0.3671 lr: 0.001000
[11/08 18:38:19][INFO] train_test.py: 102: Evaluation: [Epoch  104] loss: 2.7961 accuracy: 0.2842
[11/08 18:39:50][INFO] train_test.py:  67: Training: [Epoch  105] loss: 2.7219 accuracy: 0.3636 lr: 0.001000
[11/08 18:40:15][INFO] train_test.py: 102: Evaluation: [Epoch  105] loss: 2.7874 accuracy: 0.2951
[11/08 18:40:15][INFO] train_test.py: 168: Minimum of Loss_val is updated from 2.7893 to 2.7874
[11/08 18:42:04][INFO] train_test.py:  67: Training: [Epoch  106] loss: 2.7236 accuracy: 0.3636 lr: 0.001000
[11/08 18:42:29][INFO] train_test.py: 102: Evaluation: [Epoch  106] loss: 2.7946 accuracy: 0.2787
[11/08 18:44:01][INFO] train_test.py:  67: Training: [Epoch  107] loss: 2.7136 accuracy: 0.3689 lr: 0.001000
[11/08 18:44:26][INFO] train_test.py: 102: Evaluation: [Epoch  107] loss: 2.7847 accuracy: 0.2842
[11/08 18:44:26][INFO] train_test.py: 168: Minimum of Loss_val is updated from 2.7874 to 2.7847
[11/08 18:46:14][INFO] train_test.py:  67: Training: [Epoch  108] loss: 2.7218 accuracy: 0.3514 lr: 0.001000
[11/08 18:46:39][INFO] train_test.py: 102: Evaluation: [Epoch  108] loss: 2.8087 accuracy: 0.2623
[11/08 18:48:11][INFO] train_test.py:  67: Training: [Epoch  109] loss: 2.7164 accuracy: 0.3706 lr: 0.001000
[11/08 18:48:36][INFO] train_test.py: 102: Evaluation: [Epoch  109] loss: 2.7747 accuracy: 0.3060
[11/08 18:48:36][INFO] train_test.py: 168: Minimum of Loss_val is updated from 2.7847 to 2.7747
[11/08 18:50:25][INFO] train_test.py:  67: Training: [Epoch  110] loss: 2.7231 accuracy: 0.3566 lr: 0.001000
[11/08 18:50:50][INFO] train_test.py: 102: Evaluation: [Epoch  110] loss: 2.7986 accuracy: 0.2842
[11/08 18:52:22][INFO] train_test.py:  67: Training: [Epoch  111] loss: 2.7222 accuracy: 0.3619 lr: 0.001000
[11/08 18:52:47][INFO] train_test.py: 102: Evaluation: [Epoch  111] loss: 2.7934 accuracy: 0.2842
[11/08 18:54:18][INFO] train_test.py:  67: Training: [Epoch  112] loss: 2.7042 accuracy: 0.3829 lr: 0.001000
[11/08 18:54:43][INFO] train_test.py: 102: Evaluation: [Epoch  112] loss: 2.7832 accuracy: 0.2951
[11/08 18:56:15][INFO] train_test.py:  67: Training: [Epoch  113] loss: 2.6937 accuracy: 0.3811 lr: 0.001000
[11/08 18:56:40][INFO] train_test.py: 102: Evaluation: [Epoch  113] loss: 2.7683 accuracy: 0.3005
[11/08 18:56:40][INFO] train_test.py: 168: Minimum of Loss_val is updated from 2.7747 to 2.7683
[11/08 18:58:30][INFO] train_test.py:  67: Training: [Epoch  114] loss: 2.6992 accuracy: 0.3776 lr: 0.001000
[11/08 18:58:55][INFO] train_test.py: 102: Evaluation: [Epoch  114] loss: 2.7985 accuracy: 0.2678
[11/08 19:00:26][INFO] train_test.py:  67: Training: [Epoch  115] loss: 2.7073 accuracy: 0.3671 lr: 0.001000
[11/08 19:00:51][INFO] train_test.py: 102: Evaluation: [Epoch  115] loss: 2.7812 accuracy: 0.2896
[11/08 19:02:23][INFO] train_test.py:  67: Training: [Epoch  116] loss: 2.6959 accuracy: 0.3881 lr: 0.001000
[11/08 19:02:48][INFO] train_test.py: 102: Evaluation: [Epoch  116] loss: 2.7782 accuracy: 0.2951
[11/08 19:04:20][INFO] train_test.py:  67: Training: [Epoch  117] loss: 2.7215 accuracy: 0.3654 lr: 0.001000
[11/08 19:04:45][INFO] train_test.py: 102: Evaluation: [Epoch  117] loss: 2.7625 accuracy: 0.3115
[11/08 19:04:45][INFO] train_test.py: 168: Minimum of Loss_val is updated from 2.7683 to 2.7625
[11/08 19:06:35][INFO] train_test.py:  67: Training: [Epoch  118] loss: 2.6966 accuracy: 0.3846 lr: 0.001000
[11/08 19:07:00][INFO] train_test.py: 102: Evaluation: [Epoch  118] loss: 2.8097 accuracy: 0.2623
[11/08 19:08:32][INFO] train_test.py:  67: Training: [Epoch  119] loss: 2.7024 accuracy: 0.3724 lr: 0.001000
[11/08 19:08:57][INFO] train_test.py: 102: Evaluation: [Epoch  119] loss: 2.7525 accuracy: 0.3224
[11/08 19:08:57][INFO] train_test.py: 168: Minimum of Loss_val is updated from 2.7625 to 2.7525
[11/08 19:10:48][INFO] train_test.py:  67: Training: [Epoch  120] loss: 2.6943 accuracy: 0.3829 lr: 0.001000
[11/08 19:11:13][INFO] train_test.py: 102: Evaluation: [Epoch  120] loss: 2.7923 accuracy: 0.2678
[11/08 19:12:44][INFO] train_test.py:  67: Training: [Epoch  121] loss: 2.7140 accuracy: 0.3671 lr: 0.001000
[11/08 19:13:10][INFO] train_test.py: 102: Evaluation: [Epoch  121] loss: 2.7807 accuracy: 0.2896
[11/08 19:14:41][INFO] train_test.py:  67: Training: [Epoch  122] loss: 2.6822 accuracy: 0.3899 lr: 0.001000
[11/08 19:15:06][INFO] train_test.py: 102: Evaluation: [Epoch  122] loss: 2.7591 accuracy: 0.3224
[11/08 19:16:38][INFO] train_test.py:  67: Training: [Epoch  123] loss: 2.6817 accuracy: 0.3951 lr: 0.001000
[11/08 19:17:03][INFO] train_test.py: 102: Evaluation: [Epoch  123] loss: 2.7684 accuracy: 0.3060
[11/08 19:18:34][INFO] train_test.py:  67: Training: [Epoch  124] loss: 2.6954 accuracy: 0.3864 lr: 0.001000
[11/08 19:18:59][INFO] train_test.py: 102: Evaluation: [Epoch  124] loss: 2.7914 accuracy: 0.2842
[11/08 19:20:31][INFO] train_test.py:  67: Training: [Epoch  125] loss: 2.6966 accuracy: 0.3864 lr: 0.001000
[11/08 19:20:56][INFO] train_test.py: 102: Evaluation: [Epoch  125] loss: 2.7518 accuracy: 0.3224
[11/08 19:20:56][INFO] train_test.py: 168: Minimum of Loss_val is updated from 2.7525 to 2.7518
[11/08 19:22:47][INFO] train_test.py:  67: Training: [Epoch  126] loss: 2.6882 accuracy: 0.3881 lr: 0.001000
[11/08 19:23:12][INFO] train_test.py: 102: Evaluation: [Epoch  126] loss: 2.7717 accuracy: 0.3005
[11/08 19:24:44][INFO] train_test.py:  67: Training: [Epoch  127] loss: 2.6873 accuracy: 0.3969 lr: 0.001000
[11/08 19:25:10][INFO] train_test.py: 102: Evaluation: [Epoch  127] loss: 2.8091 accuracy: 0.2623
[11/08 19:26:41][INFO] train_test.py:  67: Training: [Epoch  128] loss: 2.6930 accuracy: 0.3811 lr: 0.001000
[11/08 19:27:06][INFO] train_test.py: 102: Evaluation: [Epoch  128] loss: 2.7688 accuracy: 0.3060
[11/08 19:28:37][INFO] train_test.py:  67: Training: [Epoch  129] loss: 2.6765 accuracy: 0.4073 lr: 0.001000
[11/08 19:29:02][INFO] train_test.py: 102: Evaluation: [Epoch  129] loss: 2.7433 accuracy: 0.3279
[11/08 19:29:02][INFO] train_test.py: 168: Minimum of Loss_val is updated from 2.7518 to 2.7433
[11/08 19:30:54][INFO] train_test.py:  67: Training: [Epoch  130] loss: 2.6875 accuracy: 0.3899 lr: 0.001000
[11/08 19:31:19][INFO] train_test.py: 102: Evaluation: [Epoch  130] loss: 2.7566 accuracy: 0.3169
[11/08 19:32:50][INFO] train_test.py:  67: Training: [Epoch  131] loss: 2.6770 accuracy: 0.3986 lr: 0.001000
[11/08 19:33:15][INFO] train_test.py: 102: Evaluation: [Epoch  131] loss: 2.8164 accuracy: 0.2568
[11/08 19:34:47][INFO] train_test.py:  67: Training: [Epoch  132] loss: 2.7136 accuracy: 0.3654 lr: 0.001000
[11/08 19:35:12][INFO] train_test.py: 102: Evaluation: [Epoch  132] loss: 2.7875 accuracy: 0.2951
[11/08 19:36:43][INFO] train_test.py:  67: Training: [Epoch  133] loss: 2.6847 accuracy: 0.3811 lr: 0.001000
[11/08 19:37:08][INFO] train_test.py: 102: Evaluation: [Epoch  133] loss: 2.7455 accuracy: 0.3333
[11/08 19:38:39][INFO] train_test.py:  67: Training: [Epoch  134] loss: 2.6811 accuracy: 0.4021 lr: 0.001000
[11/08 19:39:04][INFO] train_test.py: 102: Evaluation: [Epoch  134] loss: 2.7671 accuracy: 0.3060
[11/08 19:40:36][INFO] train_test.py:  67: Training: [Epoch  135] loss: 2.6790 accuracy: 0.4073 lr: 0.001000
[11/08 19:41:01][INFO] train_test.py: 102: Evaluation: [Epoch  135] loss: 2.7839 accuracy: 0.2842
[11/08 19:42:33][INFO] train_test.py:  67: Training: [Epoch  136] loss: 2.6823 accuracy: 0.3951 lr: 0.001000
[11/08 19:42:58][INFO] train_test.py: 102: Evaluation: [Epoch  136] loss: 2.7681 accuracy: 0.3060
[11/08 19:44:29][INFO] train_test.py:  67: Training: [Epoch  137] loss: 2.6994 accuracy: 0.3794 lr: 0.001000
[11/08 19:44:54][INFO] train_test.py: 102: Evaluation: [Epoch  137] loss: 2.7401 accuracy: 0.3279
[11/08 19:44:54][INFO] train_test.py: 168: Minimum of Loss_val is updated from 2.7433 to 2.7401
[11/08 19:46:46][INFO] train_test.py:  67: Training: [Epoch  138] loss: 2.6888 accuracy: 0.4003 lr: 0.001000
[11/08 19:47:12][INFO] train_test.py: 102: Evaluation: [Epoch  138] loss: 2.7504 accuracy: 0.3115
[11/08 19:48:43][INFO] train_test.py:  67: Training: [Epoch  139] loss: 2.6849 accuracy: 0.4003 lr: 0.001000
[11/08 19:49:08][INFO] train_test.py: 102: Evaluation: [Epoch  139] loss: 2.7598 accuracy: 0.3115
[11/08 19:50:40][INFO] train_test.py:  67: Training: [Epoch  140] loss: 2.6797 accuracy: 0.3969 lr: 0.001000
[11/08 19:51:05][INFO] train_test.py: 102: Evaluation: [Epoch  140] loss: 2.7411 accuracy: 0.3333
[11/08 19:52:37][INFO] train_test.py:  67: Training: [Epoch  141] loss: 2.6852 accuracy: 0.3969 lr: 0.001000
[11/08 19:53:02][INFO] train_test.py: 102: Evaluation: [Epoch  141] loss: 2.7434 accuracy: 0.3333
[11/08 19:54:34][INFO] train_test.py:  67: Training: [Epoch  142] loss: 2.7023 accuracy: 0.3741 lr: 0.001000
[11/08 19:54:59][INFO] train_test.py: 102: Evaluation: [Epoch  142] loss: 2.7694 accuracy: 0.3060
[11/08 19:56:31][INFO] train_test.py:  67: Training: [Epoch  143] loss: 2.6819 accuracy: 0.3969 lr: 0.001000
[11/08 19:56:57][INFO] train_test.py: 102: Evaluation: [Epoch  143] loss: 2.7616 accuracy: 0.3115
[11/08 19:58:29][INFO] train_test.py:  67: Training: [Epoch  144] loss: 2.6678 accuracy: 0.4073 lr: 0.001000
[11/08 19:58:54][INFO] train_test.py: 102: Evaluation: [Epoch  144] loss: 2.7507 accuracy: 0.3224
[11/08 20:00:26][INFO] train_test.py:  67: Training: [Epoch  145] loss: 2.6686 accuracy: 0.4161 lr: 0.001000
[11/08 20:00:52][INFO] train_test.py: 102: Evaluation: [Epoch  145] loss: 2.7596 accuracy: 0.3115
[11/08 20:02:24][INFO] train_test.py:  67: Training: [Epoch  146] loss: 2.6668 accuracy: 0.4143 lr: 0.001000
[11/08 20:02:49][INFO] train_test.py: 102: Evaluation: [Epoch  146] loss: 2.7466 accuracy: 0.3169
[11/08 20:04:20][INFO] train_test.py:  67: Training: [Epoch  147] loss: 2.6644 accuracy: 0.4073 lr: 0.001000
[11/08 20:04:46][INFO] train_test.py: 102: Evaluation: [Epoch  147] loss: 2.7429 accuracy: 0.3279
[11/08 20:06:17][INFO] train_test.py:  67: Training: [Epoch  148] loss: 2.6679 accuracy: 0.4143 lr: 0.001000
[11/08 20:06:42][INFO] train_test.py: 102: Evaluation: [Epoch  148] loss: 2.7756 accuracy: 0.2951
[11/08 20:08:14][INFO] train_test.py:  67: Training: [Epoch  149] loss: 2.6734 accuracy: 0.4091 lr: 0.001000
[11/08 20:08:39][INFO] train_test.py: 102: Evaluation: [Epoch  149] loss: 2.7622 accuracy: 0.3060
[11/08 20:10:11][INFO] train_test.py:  67: Training: [Epoch  150] loss: 2.6775 accuracy: 0.4056 lr: 0.001000
[11/08 20:10:37][INFO] train_test.py: 102: Evaluation: [Epoch  150] loss: 2.7667 accuracy: 0.3169
[11/08 20:12:09][INFO] train_test.py:  67: Training: [Epoch  151] loss: 2.6679 accuracy: 0.4073 lr: 0.001000
[11/08 20:12:34][INFO] train_test.py: 102: Evaluation: [Epoch  151] loss: 2.7621 accuracy: 0.3115
[11/08 20:14:05][INFO] train_test.py:  67: Training: [Epoch  152] loss: 2.6704 accuracy: 0.4073 lr: 0.001000
[11/08 20:14:31][INFO] train_test.py: 102: Evaluation: [Epoch  152] loss: 2.7591 accuracy: 0.3060
[11/08 20:16:03][INFO] train_test.py:  67: Training: [Epoch  153] loss: 2.6712 accuracy: 0.4108 lr: 0.001000
[11/08 20:16:28][INFO] train_test.py: 102: Evaluation: [Epoch  153] loss: 2.7607 accuracy: 0.3115
[11/08 20:18:01][INFO] train_test.py:  67: Training: [Epoch  154] loss: 2.6632 accuracy: 0.4143 lr: 0.001000
[11/08 20:18:26][INFO] train_test.py: 102: Evaluation: [Epoch  154] loss: 2.7521 accuracy: 0.3224
[11/08 20:19:58][INFO] train_test.py:  67: Training: [Epoch  155] loss: 2.6680 accuracy: 0.4143 lr: 0.001000
[11/08 20:20:24][INFO] train_test.py: 102: Evaluation: [Epoch  155] loss: 2.8234 accuracy: 0.2568
[11/08 20:21:55][INFO] train_test.py:  67: Training: [Epoch  156] loss: 2.6892 accuracy: 0.4003 lr: 0.001000
[11/08 20:22:20][INFO] train_test.py: 102: Evaluation: [Epoch  156] loss: 2.7593 accuracy: 0.3115
[11/08 20:23:52][INFO] train_test.py:  67: Training: [Epoch  157] loss: 2.6669 accuracy: 0.4108 lr: 0.001000
[11/08 20:24:17][INFO] train_test.py: 102: Evaluation: [Epoch  157] loss: 2.7641 accuracy: 0.3060
[11/08 20:25:49][INFO] train_test.py:  67: Training: [Epoch  158] loss: 2.6682 accuracy: 0.4021 lr: 0.001000
[11/08 20:26:15][INFO] train_test.py: 102: Evaluation: [Epoch  158] loss: 2.7542 accuracy: 0.3224
[11/08 20:27:47][INFO] train_test.py:  67: Training: [Epoch  159] loss: 2.6673 accuracy: 0.4056 lr: 0.001000
[11/08 20:28:13][INFO] train_test.py: 102: Evaluation: [Epoch  159] loss: 2.7612 accuracy: 0.3115
[11/08 20:30:14][INFO] train_test.py:  67: Training: [Epoch  160] loss: 2.6696 accuracy: 0.4108 lr: 0.001000
[11/08 20:30:39][INFO] train_test.py: 102: Evaluation: [Epoch  160] loss: 2.8080 accuracy: 0.2678
[11/08 20:32:10][INFO] train_test.py:  67: Training: [Epoch  161] loss: 2.7233 accuracy: 0.3514 lr: 0.001000
[11/08 20:32:36][INFO] train_test.py: 102: Evaluation: [Epoch  161] loss: 2.7963 accuracy: 0.2732
[11/08 20:34:08][INFO] train_test.py:  67: Training: [Epoch  162] loss: 2.7338 accuracy: 0.3427 lr: 0.001000
[11/08 20:34:33][INFO] train_test.py: 102: Evaluation: [Epoch  162] loss: 2.8143 accuracy: 0.2568
[11/08 20:36:05][INFO] train_test.py:  67: Training: [Epoch  163] loss: 2.7238 accuracy: 0.3531 lr: 0.001000
[11/08 20:36:31][INFO] train_test.py: 102: Evaluation: [Epoch  163] loss: 2.8294 accuracy: 0.2404
[11/08 20:38:03][INFO] train_test.py:  67: Training: [Epoch  164] loss: 2.7113 accuracy: 0.3619 lr: 0.001000
[11/08 20:38:28][INFO] train_test.py: 102: Evaluation: [Epoch  164] loss: 2.7447 accuracy: 0.3333
[11/08 20:40:01][INFO] train_test.py:  67: Training: [Epoch  165] loss: 2.6560 accuracy: 0.4161 lr: 0.001000
[11/08 20:40:26][INFO] train_test.py: 102: Evaluation: [Epoch  165] loss: 2.7567 accuracy: 0.3169
[11/08 20:41:58][INFO] train_test.py:  67: Training: [Epoch  166] loss: 2.6644 accuracy: 0.4161 lr: 0.001000
[11/08 20:42:24][INFO] train_test.py: 102: Evaluation: [Epoch  166] loss: 2.7591 accuracy: 0.3060
[11/08 20:43:55][INFO] train_test.py:  67: Training: [Epoch  167] loss: 2.6686 accuracy: 0.4161 lr: 0.001000
[11/08 20:44:21][INFO] train_test.py: 102: Evaluation: [Epoch  167] loss: 2.7471 accuracy: 0.3279
[11/08 20:45:54][INFO] train_test.py:  67: Training: [Epoch  168] loss: 2.6488 accuracy: 0.4301 lr: 0.001000
[11/08 20:46:20][INFO] train_test.py: 102: Evaluation: [Epoch  168] loss: 2.7485 accuracy: 0.3224
[11/08 20:47:52][INFO] train_test.py:  67: Training: [Epoch  169] loss: 2.6586 accuracy: 0.4283 lr: 0.001000
[11/08 20:48:17][INFO] train_test.py: 102: Evaluation: [Epoch  169] loss: 2.7538 accuracy: 0.3169
[11/08 20:49:50][INFO] train_test.py:  67: Training: [Epoch  170] loss: 2.6716 accuracy: 0.4108 lr: 0.001000
[11/08 20:50:15][INFO] train_test.py: 102: Evaluation: [Epoch  170] loss: 2.7729 accuracy: 0.3005
[11/08 20:51:47][INFO] train_test.py:  67: Training: [Epoch  171] loss: 2.6450 accuracy: 0.4231 lr: 0.001000
[11/08 20:52:13][INFO] train_test.py: 102: Evaluation: [Epoch  171] loss: 2.7411 accuracy: 0.3115
[11/08 20:53:45][INFO] train_test.py:  67: Training: [Epoch  172] loss: 2.6560 accuracy: 0.4266 lr: 0.001000
[11/08 20:54:10][INFO] train_test.py: 102: Evaluation: [Epoch  172] loss: 2.7532 accuracy: 0.3169
[11/08 20:55:42][INFO] train_test.py:  67: Training: [Epoch  173] loss: 2.6500 accuracy: 0.4231 lr: 0.001000
[11/08 20:56:08][INFO] train_test.py: 102: Evaluation: [Epoch  173] loss: 2.7550 accuracy: 0.3279
[11/08 20:57:40][INFO] train_test.py:  67: Training: [Epoch  174] loss: 2.6543 accuracy: 0.4301 lr: 0.001000
[11/08 20:58:05][INFO] train_test.py: 102: Evaluation: [Epoch  174] loss: 2.7560 accuracy: 0.3169
[11/08 20:59:37][INFO] train_test.py:  67: Training: [Epoch  175] loss: 2.6431 accuracy: 0.4371 lr: 0.001000
[11/08 21:00:02][INFO] train_test.py: 102: Evaluation: [Epoch  175] loss: 2.7531 accuracy: 0.3224
[11/08 21:01:34][INFO] train_test.py:  67: Training: [Epoch  176] loss: 2.6417 accuracy: 0.4353 lr: 0.001000
[11/08 21:02:00][INFO] train_test.py: 102: Evaluation: [Epoch  176] loss: 2.7439 accuracy: 0.3333
[11/08 21:03:32][INFO] train_test.py:  67: Training: [Epoch  177] loss: 2.6486 accuracy: 0.4353 lr: 0.001000
[11/08 21:03:58][INFO] train_test.py: 102: Evaluation: [Epoch  177] loss: 2.7683 accuracy: 0.3115
[11/08 21:05:30][INFO] train_test.py:  67: Training: [Epoch  178] loss: 2.6534 accuracy: 0.4248 lr: 0.001000
[11/08 21:05:55][INFO] train_test.py: 102: Evaluation: [Epoch  178] loss: 2.7561 accuracy: 0.3115
[11/08 21:07:27][INFO] train_test.py:  67: Training: [Epoch  179] loss: 2.6525 accuracy: 0.4248 lr: 0.001000
[11/08 21:07:52][INFO] train_test.py: 102: Evaluation: [Epoch  179] loss: 2.7598 accuracy: 0.3060
[11/08 21:09:25][INFO] train_test.py:  67: Training: [Epoch  180] loss: 2.6525 accuracy: 0.4318 lr: 0.001000
[11/08 21:09:51][INFO] train_test.py: 102: Evaluation: [Epoch  180] loss: 2.7509 accuracy: 0.3169
[11/08 21:11:23][INFO] train_test.py:  67: Training: [Epoch  181] loss: 2.6590 accuracy: 0.4248 lr: 0.001000
[11/08 21:11:49][INFO] train_test.py: 102: Evaluation: [Epoch  181] loss: 2.7567 accuracy: 0.3060
[11/08 21:13:22][INFO] train_test.py:  67: Training: [Epoch  182] loss: 2.6474 accuracy: 0.4353 lr: 0.001000
[11/08 21:13:47][INFO] train_test.py: 102: Evaluation: [Epoch  182] loss: 2.7449 accuracy: 0.3224
[11/08 21:15:20][INFO] train_test.py:  67: Training: [Epoch  183] loss: 2.6381 accuracy: 0.4423 lr: 0.001000
[11/08 21:15:45][INFO] train_test.py: 102: Evaluation: [Epoch  183] loss: 2.7496 accuracy: 0.3333
[11/08 21:17:31][INFO] train_test.py:  67: Training: [Epoch  184] loss: 2.6268 accuracy: 0.4510 lr: 0.001000
[11/08 21:17:57][INFO] train_test.py: 102: Evaluation: [Epoch  184] loss: 2.6820 accuracy: 0.3934
[11/08 21:17:57][INFO] train_test.py: 168: Minimum of Loss_val is updated from 2.7401 to 2.6820
[11/08 21:19:46][INFO] train_test.py:  67: Training: [Epoch  185] loss: 2.6064 accuracy: 0.4668 lr: 0.001000
[11/08 21:20:11][INFO] train_test.py: 102: Evaluation: [Epoch  185] loss: 2.7182 accuracy: 0.3552
[11/08 21:21:44][INFO] train_test.py:  67: Training: [Epoch  186] loss: 2.6376 accuracy: 0.4406 lr: 0.001000
[11/08 21:22:09][INFO] train_test.py: 102: Evaluation: [Epoch  186] loss: 2.6871 accuracy: 0.3934
[11/08 21:23:41][INFO] train_test.py:  67: Training: [Epoch  187] loss: 2.6145 accuracy: 0.4685 lr: 0.001000
[11/08 21:24:06][INFO] train_test.py: 102: Evaluation: [Epoch  187] loss: 2.7152 accuracy: 0.3607
[11/08 21:25:39][INFO] train_test.py:  67: Training: [Epoch  188] loss: 2.6182 accuracy: 0.4703 lr: 0.001000
[11/08 21:26:04][INFO] train_test.py: 102: Evaluation: [Epoch  188] loss: 2.7109 accuracy: 0.3607
[11/08 21:27:36][INFO] train_test.py:  67: Training: [Epoch  189] loss: 2.6105 accuracy: 0.4773 lr: 0.001000
[11/08 21:28:01][INFO] train_test.py: 102: Evaluation: [Epoch  189] loss: 2.6966 accuracy: 0.3716
[11/08 21:29:34][INFO] train_test.py:  67: Training: [Epoch  190] loss: 2.5924 accuracy: 0.4860 lr: 0.001000
[11/08 21:29:59][INFO] train_test.py: 102: Evaluation: [Epoch  190] loss: 2.6953 accuracy: 0.3716
[11/08 21:31:31][INFO] train_test.py:  67: Training: [Epoch  191] loss: 2.6018 accuracy: 0.4755 lr: 0.001000
[11/08 21:31:56][INFO] train_test.py: 102: Evaluation: [Epoch  191] loss: 2.7091 accuracy: 0.3716
[11/08 21:33:28][INFO] train_test.py:  67: Training: [Epoch  192] loss: 2.6009 accuracy: 0.4755 lr: 0.001000
[11/08 21:33:53][INFO] train_test.py: 102: Evaluation: [Epoch  192] loss: 2.6959 accuracy: 0.3770
[11/08 21:35:26][INFO] train_test.py:  67: Training: [Epoch  193] loss: 2.6127 accuracy: 0.4738 lr: 0.001000
[11/08 21:35:51][INFO] train_test.py: 102: Evaluation: [Epoch  193] loss: 2.7021 accuracy: 0.3716
[11/08 21:37:25][INFO] train_test.py:  67: Training: [Epoch  194] loss: 2.5982 accuracy: 0.4825 lr: 0.001000
[11/08 21:37:50][INFO] train_test.py: 102: Evaluation: [Epoch  194] loss: 2.6873 accuracy: 0.3934
[11/08 21:39:41][INFO] train_test.py:  67: Training: [Epoch  195] loss: 2.6080 accuracy: 0.4738 lr: 0.001000
[11/08 21:40:35][INFO] train_test.py: 102: Evaluation: [Epoch  195] loss: 2.6914 accuracy: 0.3825
[11/08 21:42:06][INFO] train_test.py:  67: Training: [Epoch  196] loss: 2.5954 accuracy: 0.4755 lr: 0.001000
[11/08 21:42:31][INFO] train_test.py: 102: Evaluation: [Epoch  196] loss: 2.7010 accuracy: 0.3716
[11/08 21:45:18][INFO] train_test.py:  67: Training: [Epoch  197] loss: 2.6068 accuracy: 0.4685 lr: 0.001000
[11/08 21:46:06][INFO] train_test.py: 102: Evaluation: [Epoch  197] loss: 2.7144 accuracy: 0.3552
[11/08 21:47:39][INFO] train_test.py:  67: Training: [Epoch  198] loss: 2.6046 accuracy: 0.4808 lr: 0.001000
[11/08 21:48:04][INFO] train_test.py: 102: Evaluation: [Epoch  198] loss: 2.7122 accuracy: 0.3607
[11/08 21:49:36][INFO] train_test.py:  67: Training: [Epoch  199] loss: 2.6006 accuracy: 0.4860 lr: 0.001000
[11/08 21:50:01][INFO] train_test.py: 102: Evaluation: [Epoch  199] loss: 2.7104 accuracy: 0.3661
[11/08 21:51:33][INFO] train_test.py:  67: Training: [Epoch  200] loss: 2.6016 accuracy: 0.4773 lr: 0.001000
[11/08 21:51:59][INFO] train_test.py: 102: Evaluation: [Epoch  200] loss: 2.7628 accuracy: 0.3115
[11/08 21:53:31][INFO] train_test.py:  67: Training: [Epoch  201] loss: 2.6136 accuracy: 0.4633 lr: 0.001000
[11/08 21:53:56][INFO] train_test.py: 102: Evaluation: [Epoch  201] loss: 2.7063 accuracy: 0.3716
[11/08 21:55:28][INFO] train_test.py:  67: Training: [Epoch  202] loss: 2.6073 accuracy: 0.4773 lr: 0.001000
[11/08 21:55:53][INFO] train_test.py: 102: Evaluation: [Epoch  202] loss: 2.7091 accuracy: 0.3661
[11/08 21:57:25][INFO] train_test.py:  67: Training: [Epoch  203] loss: 2.5994 accuracy: 0.4738 lr: 0.001000
[11/08 21:57:50][INFO] train_test.py: 102: Evaluation: [Epoch  203] loss: 2.7074 accuracy: 0.3716
[11/08 21:59:22][INFO] train_test.py:  67: Training: [Epoch  204] loss: 2.6062 accuracy: 0.4790 lr: 0.001000
[11/08 21:59:47][INFO] train_test.py: 102: Evaluation: [Epoch  204] loss: 2.7049 accuracy: 0.3716
[11/08 22:01:19][INFO] train_test.py:  67: Training: [Epoch  205] loss: 2.5995 accuracy: 0.4773 lr: 0.001000
[11/08 22:01:44][INFO] train_test.py: 102: Evaluation: [Epoch  205] loss: 2.6826 accuracy: 0.3989
[11/08 22:03:15][INFO] train_test.py:  67: Training: [Epoch  206] loss: 2.5914 accuracy: 0.4790 lr: 0.001000
[11/08 22:03:41][INFO] train_test.py: 102: Evaluation: [Epoch  206] loss: 2.7049 accuracy: 0.3607
[11/08 22:05:12][INFO] train_test.py:  67: Training: [Epoch  207] loss: 2.6003 accuracy: 0.4843 lr: 0.001000
[11/08 22:05:37][INFO] train_test.py: 102: Evaluation: [Epoch  207] loss: 2.6866 accuracy: 0.3934
[11/08 22:07:09][INFO] train_test.py:  67: Training: [Epoch  208] loss: 2.5960 accuracy: 0.4860 lr: 0.001000
[11/08 22:07:34][INFO] train_test.py: 102: Evaluation: [Epoch  208] loss: 2.6872 accuracy: 0.3880
[11/08 22:09:05][INFO] train_test.py:  67: Training: [Epoch  209] loss: 2.5860 accuracy: 0.4860 lr: 0.001000
[11/08 22:09:30][INFO] train_test.py: 102: Evaluation: [Epoch  209] loss: 2.6906 accuracy: 0.3880
[11/08 22:11:03][INFO] train_test.py:  67: Training: [Epoch  210] loss: 2.5958 accuracy: 0.4738 lr: 0.001000
[11/08 22:11:28][INFO] train_test.py: 102: Evaluation: [Epoch  210] loss: 2.6991 accuracy: 0.3716
[11/08 22:12:59][INFO] train_test.py:  67: Training: [Epoch  211] loss: 2.6015 accuracy: 0.4755 lr: 0.001000
[11/08 22:13:25][INFO] train_test.py: 102: Evaluation: [Epoch  211] loss: 2.6903 accuracy: 0.3934
[11/08 22:14:57][INFO] train_test.py:  67: Training: [Epoch  212] loss: 2.5978 accuracy: 0.4808 lr: 0.001000
[11/08 22:15:22][INFO] train_test.py: 102: Evaluation: [Epoch  212] loss: 2.7012 accuracy: 0.3716
[11/08 22:16:54][INFO] train_test.py:  67: Training: [Epoch  213] loss: 2.5939 accuracy: 0.4825 lr: 0.001000
[11/08 22:17:20][INFO] train_test.py: 102: Evaluation: [Epoch  213] loss: 2.6935 accuracy: 0.3825
[11/08 22:18:51][INFO] train_test.py:  67: Training: [Epoch  214] loss: 2.5903 accuracy: 0.4860 lr: 0.001000
[11/08 22:19:17][INFO] train_test.py: 102: Evaluation: [Epoch  214] loss: 2.6951 accuracy: 0.3770
[11/08 22:20:48][INFO] train_test.py:  67: Training: [Epoch  215] loss: 2.6041 accuracy: 0.4808 lr: 0.001000
[11/08 22:21:13][INFO] train_test.py: 102: Evaluation: [Epoch  215] loss: 2.6944 accuracy: 0.3770
[11/08 22:22:45][INFO] train_test.py:  67: Training: [Epoch  216] loss: 2.5876 accuracy: 0.4878 lr: 0.001000
[11/08 22:23:11][INFO] train_test.py: 102: Evaluation: [Epoch  216] loss: 2.6960 accuracy: 0.3825
[11/08 22:24:43][INFO] train_test.py:  67: Training: [Epoch  217] loss: 2.5870 accuracy: 0.4895 lr: 0.001000
[11/08 22:25:09][INFO] train_test.py: 102: Evaluation: [Epoch  217] loss: 2.6943 accuracy: 0.3716
[11/08 22:26:40][INFO] train_test.py:  67: Training: [Epoch  218] loss: 2.5873 accuracy: 0.4843 lr: 0.001000
[11/08 22:27:06][INFO] train_test.py: 102: Evaluation: [Epoch  218] loss: 2.6941 accuracy: 0.3825
[11/08 22:28:38][INFO] train_test.py:  67: Training: [Epoch  219] loss: 2.6029 accuracy: 0.4843 lr: 0.001000
[11/08 22:29:03][INFO] train_test.py: 102: Evaluation: [Epoch  219] loss: 2.6924 accuracy: 0.3880
[11/08 22:30:34][INFO] train_test.py:  67: Training: [Epoch  220] loss: 2.5921 accuracy: 0.4843 lr: 0.001000
[11/08 22:30:59][INFO] train_test.py: 102: Evaluation: [Epoch  220] loss: 2.7000 accuracy: 0.3661
[11/08 22:32:31][INFO] train_test.py:  67: Training: [Epoch  221] loss: 2.6010 accuracy: 0.4843 lr: 0.001000
[11/08 22:32:57][INFO] train_test.py: 102: Evaluation: [Epoch  221] loss: 2.6941 accuracy: 0.3825
[11/08 22:34:29][INFO] train_test.py:  67: Training: [Epoch  222] loss: 2.5935 accuracy: 0.4895 lr: 0.001000
[11/08 22:34:54][INFO] train_test.py: 102: Evaluation: [Epoch  222] loss: 2.6926 accuracy: 0.3880
[11/08 22:36:26][INFO] train_test.py:  67: Training: [Epoch  223] loss: 2.6064 accuracy: 0.4755 lr: 0.001000
[11/08 22:36:51][INFO] train_test.py: 102: Evaluation: [Epoch  223] loss: 2.6877 accuracy: 0.3880
[11/08 22:38:23][INFO] train_test.py:  67: Training: [Epoch  224] loss: 2.6003 accuracy: 0.4808 lr: 0.001000
[11/08 22:38:48][INFO] train_test.py: 102: Evaluation: [Epoch  224] loss: 2.6873 accuracy: 0.3934
[11/08 22:40:19][INFO] train_test.py:  67: Training: [Epoch  225] loss: 2.5817 accuracy: 0.4895 lr: 0.001000
[11/08 22:40:44][INFO] train_test.py: 102: Evaluation: [Epoch  225] loss: 2.6962 accuracy: 0.3770
[11/08 22:42:16][INFO] train_test.py:  67: Training: [Epoch  226] loss: 2.5907 accuracy: 0.4825 lr: 0.001000
[11/08 22:42:41][INFO] train_test.py: 102: Evaluation: [Epoch  226] loss: 2.7116 accuracy: 0.3607
[11/08 22:44:12][INFO] train_test.py:  67: Training: [Epoch  227] loss: 2.5911 accuracy: 0.4843 lr: 0.001000
[11/08 22:44:37][INFO] train_test.py: 102: Evaluation: [Epoch  227] loss: 2.7021 accuracy: 0.3661
[11/08 22:46:09][INFO] train_test.py:  67: Training: [Epoch  228] loss: 2.5921 accuracy: 0.4930 lr: 0.001000
[11/08 22:46:35][INFO] train_test.py: 102: Evaluation: [Epoch  228] loss: 2.6902 accuracy: 0.3880
[11/08 22:48:06][INFO] train_test.py:  67: Training: [Epoch  229] loss: 2.6123 accuracy: 0.4703 lr: 0.001000
[11/08 22:48:31][INFO] train_test.py: 102: Evaluation: [Epoch  229] loss: 2.6890 accuracy: 0.3934
[11/08 22:50:02][INFO] train_test.py:  67: Training: [Epoch  230] loss: 2.5950 accuracy: 0.4878 lr: 0.001000
[11/08 22:50:28][INFO] train_test.py: 102: Evaluation: [Epoch  230] loss: 2.6982 accuracy: 0.3770
[11/08 22:51:59][INFO] train_test.py:  67: Training: [Epoch  231] loss: 2.5895 accuracy: 0.4878 lr: 0.001000
[11/08 22:52:24][INFO] train_test.py: 102: Evaluation: [Epoch  231] loss: 2.7002 accuracy: 0.3716
[11/08 22:53:56][INFO] train_test.py:  67: Training: [Epoch  232] loss: 2.5894 accuracy: 0.4878 lr: 0.001000
[11/08 22:54:21][INFO] train_test.py: 102: Evaluation: [Epoch  232] loss: 2.6929 accuracy: 0.3825
[11/08 22:55:53][INFO] train_test.py:  67: Training: [Epoch  233] loss: 2.5964 accuracy: 0.4878 lr: 0.001000
[11/08 22:56:18][INFO] train_test.py: 102: Evaluation: [Epoch  233] loss: 2.6987 accuracy: 0.3661
[11/08 22:57:50][INFO] train_test.py:  67: Training: [Epoch  234] loss: 2.5817 accuracy: 0.4878 lr: 0.001000
[11/08 22:58:15][INFO] train_test.py: 102: Evaluation: [Epoch  234] loss: 2.6968 accuracy: 0.3770
[11/08 22:59:47][INFO] train_test.py:  67: Training: [Epoch  235] loss: 2.5923 accuracy: 0.4895 lr: 0.001000
[11/08 23:00:12][INFO] train_test.py: 102: Evaluation: [Epoch  235] loss: 2.6966 accuracy: 0.3770
