[11/17 00:18:39][INFO] run.py: 120: Train with configs:
[11/17 00:18:39][INFO] run.py: 121: 
{ AUGMENTATION      }-> True
{ BATCH_SIZE        }-> 4
{ DATA_JSON         }-> data.json
{ DATA_SEPARATOR    }-> ,
{ DECAY             }-> 0.005
{ DEVICES           }-> [0]
{ EPOCHS            }-> 1000
{ FLOW              }-> DeepFlow
{ GPU               }-> 1
{ LABEL_DICT        }-> label_dict.json
{ LOAD              }-> False
{ LOAD_PRETRAINED   }-> model_lr_0.0005
{ LOG_DIR           }-> ./log
{ LOG_NAME          }-> log_17-11-2020_00-18
{ LR                }-> 0.001
{ MODE              }-> val
{ MODEL_NAME        }-> twin
{ MODEL_TYPE        }-> twin
{ MOMENTUM          }-> 0.5
{ NESTEROV          }-> True
{ NORM              }-> normal
{ NUM_CLASSES       }-> 20
{ NUM_WORKERS       }-> 12
{ N_GPU             }-> 1
{ OUTPUT_DIR        }-> .
{ OUTPUT_FILE       }-> ./pred.txt
{ PATH_DATA         }-> /home/dhieu/Contest/MediaEval2020/sport/Sport-Video-Classification-MediaEval2020/data
{ PATH_MODEL        }-> ./twin
{ PATH_PROCESSED_DATA }-> /home/dhieu/Contest/MediaEval2020/sport/Sport-Video-Classification-MediaEval2020/data_processed
{ SEED              }-> 2020
{ SIZE_DATA         }-> [100 120 120]
{ VERSION           }-> 2020
{ dtype             }-> <class 'torch.cuda.FloatTensor'>

[11/17 00:18:45][INFO] train_test.py: 256: Load model ./twin for testing
[11/17 00:18:46][INFO] train_test.py: 259: Model from epoch 781
[11/17 00:18:46][INFO] train_test.py: 261: loss_train_ : 2.08841
[11/17 00:18:46][INFO] train_test.py: 261: acc_train_ : 0.98951
[11/17 00:18:46][INFO] train_test.py: 261: loss_val_ : 2.37471
[11/17 00:18:46][INFO] train_test.py: 261: acc_val_ : 0.710383
