[11/12 13:24:07][INFO] run.py:  96: Train with configs:
[11/12 13:24:07][INFO] run.py:  97: 
{ AUGMENTATION      }-> True
{ BATCH_SIZE        }-> 10
{ DATA_JSON         }-> data.json
{ DATA_SEPARATOR    }-> ,
{ DECAY             }-> 0.005
{ DEVICES           }-> [0, 1]
{ EPOCHS            }-> 1000
{ FLOW              }-> DeepFlow
{ GPU               }-> 0,1
{ LABEL_DICT        }-> label_dict.json
{ LOAD              }-> False
{ LOAD_PRETRAINED   }-> None
{ LOG_DIR           }-> ./log
{ LOG_NAME          }-> log_12-11-2020_13-24
{ LR                }-> 0.0005
{ MODE              }-> train
{ MODEL_NAME        }-> twin
{ MODEL_TYPE        }-> twin
{ MOMENTUM          }-> 0.5
{ NESTEROV          }-> True
{ NORM              }-> normal
{ NUM_CLASSES       }-> 20
{ NUM_WORKERS       }-> 12
{ N_GPU             }-> 2
{ OUTPUT_DIR        }-> .
{ OUTPUT_FILE       }-> ./pred.txt
{ PATH_DATA         }-> /home/dhieu/Contest/MediaEval2020/sport/Sport-Video-Classification-MediaEval2020/data
{ PATH_MODEL        }-> ./twin
{ PATH_PROCESSED_DATA }-> /home/dhieu/selab2/Contest/MediaEval2020/sport/Sport-Video-Classification-MediaEval2020/data_processed
{ SAVE              }-> data_augmentation_norm_normal_v1
{ SEED              }-> 2020
{ SIZE_DATA         }-> [100 120 120]
{ VERSION           }-> 2020
{ dtype             }-> <class 'torch.cuda.FloatTensor'>

[11/12 13:25:37][INFO] train_test.py:  67: Training: [Epoch    1] loss: 2.9959 accuracy: 0.0594 lr: 0.000500
[11/12 13:25:59][INFO] train_test.py: 102: Evaluation: [Epoch    1] loss: 2.9958 accuracy: 0.0656
[11/12 13:25:59][INFO] train_test.py: 171: Minimum of Loss_val is updated from 1000.0000 to 2.9958
[11/12 13:27:40][INFO] train_test.py:  67: Training: [Epoch    2] loss: 2.9959 accuracy: 0.0507 lr: 0.000500
[11/12 13:28:01][INFO] train_test.py: 102: Evaluation: [Epoch    2] loss: 2.9958 accuracy: 0.0656
[11/12 13:28:01][INFO] train_test.py: 171: Minimum of Loss_val is updated from 2.9958 to 2.9958
