[11/16 00:41:59][INFO] run.py:  97: Train with configs:
[11/16 00:41:59][INFO] run.py:  98: 
{ AUGMENTATION      }-> True
{ BATCH_SIZE        }-> 10
{ DATA_JSON         }-> data.json
{ DATA_SEPARATOR    }-> ,
{ DECAY             }-> 0.005
{ DEVICES           }-> [0, 1]
{ EPOCHS            }-> 1000
{ FLOW              }-> DeepFlow
{ GPU               }-> 0,1
{ LABEL_DICT        }-> label_dict.json
{ LOAD              }-> False
{ LOAD_PRETRAINED   }-> test_new_norm
{ LOG_DIR           }-> ./log
{ LOG_NAME          }-> log_16-11-2020_00-41
{ LR                }-> 0.001
{ MODE              }-> train
{ MODEL_NAME        }-> twin
{ MODEL_TYPE        }-> twin
{ MOMENTUM          }-> 0.5
{ NESTEROV          }-> True
{ NORM              }-> normal
{ NUM_CLASSES       }-> 20
{ NUM_WORKERS       }-> 12
{ N_GPU             }-> 2
{ OUTPUT_DIR        }-> .
{ OUTPUT_FILE       }-> ./pred.txt
{ PATH_DATA         }-> /home/dhieu/Contest/MediaEval2020/sport/Sport-Video-Classification-MediaEval2020/data
{ PATH_MODEL        }-> ./twin
{ PATH_PROCESSED_DATA }-> /home/dhieu/Contest/MediaEval2020/sport/Sport-Video-Classification-MediaEval2020/data_processed
{ SAVE              }-> test_first_time
{ SEED              }-> 2020
{ SIZE_DATA         }-> [100 120 120]
{ VERSION           }-> 2020
{ dtype             }-> <class 'torch.cuda.FloatTensor'>

[11/16 00:42:04][INFO] train_test.py: 137: Load model ./twin for retraining
[11/16 00:42:15][INFO] train_test.py: 140: Model from epoch 92
[11/16 00:42:15][INFO] train_test.py: 144: loss_train_ : 2.6346
[11/16 00:42:15][INFO] train_test.py: 144: acc_train_ : 0.444056
[11/16 00:42:15][INFO] train_test.py: 144: loss_val_ : 2.72482
[11/16 00:42:15][INFO] train_test.py: 144: acc_val_ : 0.349727
[11/16 00:42:15][DEBUG] tpu_cluster_resolver.py:  34: Falling back to TensorFlow client; we recommended you install the Cloud TPU client directly with pip install cloud-tpu-client.
