[11/16 23:16:25][INFO] run.py:  97: Train with configs:
[11/16 23:16:25][INFO] run.py:  98: 
{ AUGMENTATION      }-> True
{ BATCH_SIZE        }-> 16
{ DATA_JSON         }-> data.json
{ DATA_SEPARATOR    }-> ,
{ DECAY             }-> 0.005
{ DEVICES           }-> [0, 1]
{ EPOCHS            }-> 1000
{ FLOW              }-> DeepFlow
{ GPU               }-> 0,1
{ LABEL_DICT        }-> label_dict.json
{ LOAD              }-> False
{ LOAD_PRETRAINED   }-> model_lr_0.0005
{ LOG_DIR           }-> ./log
{ LOG_NAME          }-> log_16-11-2020_23-16
{ LR                }-> 0.001
{ MODE              }-> test
{ MODEL_NAME        }-> twin
{ MODEL_TYPE        }-> twin
{ MOMENTUM          }-> 0.5
{ NESTEROV          }-> True
{ NORM              }-> normal
{ NUM_CLASSES       }-> 20
{ NUM_WORKERS       }-> 12
{ N_GPU             }-> 2
{ OUTPUT_DIR        }-> .
{ OUTPUT_FILE       }-> ./pred.txt
{ PATH_DATA         }-> /home/dhieu/Contest/MediaEval2020/sport/Sport-Video-Classification-MediaEval2020/data
{ PATH_MODEL        }-> ./twin
{ PATH_PROCESSED_DATA }-> /home/dhieu/Contest/MediaEval2020/sport/Sport-Video-Classification-MediaEval2020/data_processed
{ SEED              }-> 2020
{ SIZE_DATA         }-> [100 120 120]
{ VERSION           }-> 2020
{ dtype             }-> <class 'torch.cuda.FloatTensor'>

[11/16 23:16:30][INFO] train_test.py: 208: Load model ./twin for testing
[11/16 23:16:31][INFO] train_test.py: 211: Model from epoch 781
[11/16 23:16:31][INFO] train_test.py: 213: loss_train_ : 2.08841
[11/16 23:16:31][INFO] train_test.py: 213: acc_train_ : 0.98951
[11/16 23:16:31][INFO] train_test.py: 213: loss_val_ : 2.37471
[11/16 23:16:31][INFO] train_test.py: 213: acc_val_ : 0.710383
